#
# There is insufficient memory for the Java Runtime Environment to continue.
# Native memory allocation (mmap) failed to map 266338304 bytes for G1 virtual space
# Possible reasons:
#   The system is out of physical RAM or swap space
#   The process is running with CompressedOops enabled, and the Java Heap may be blocking the growth of the native heap
# Possible solutions:
#   Reduce memory load on the system
#   Increase physical memory or swap space
#   Check if swap backing store is full
#   Decrease Java heap size (-Xmx/-Xms)
#   Decrease number of Java threads
#   Decrease Java thread stack sizes (-Xss)
#   Set larger code cache with -XX:ReservedCodeCacheSize=
#   JVM is running with Zero Based Compressed Oops mode in which the Java heap is
#     placed in the first 32GB address space. The Java Heap base address is the
#     maximum limit for the native heap growth. Please use -XX:HeapBaseMinAddress
#     to set the Java Heap base and to place the Java Heap above 32GB virtual address.
# This output file may be truncated or incomplete.
#
#  Out of Memory Error (os_windows.cpp:3552), pid=14072, tid=8892
#
# JRE version:  (17.0.9+11) (build )
# Java VM: Java HotSpot(TM) 64-Bit Server VM (17.0.9+11-LTS-201, mixed mode, sharing, tiered, compressed oops, compressed class ptrs, g1 gc, windows-amd64)
# No core dump will be written. Minidumps are not enabled by default on client versions of Windows
#

---------------  S U M M A R Y ------------

Command Line: org.jetbrains.kotlin.cli.jvm.K2JVMCompiler @D:\NestedRoutingPoc\node_modules\react-native-safe-area-context\android\build\20240408_16722134491405437040.compiler.options

Host: Intel(R) Core(TM) i5-8300H CPU @ 2.30GHz, 8 cores, 15G,  Windows 11 , 64 bit Build 22621 (10.0.22621.3235)
Time: Mon Apr  8 15:24:44 2024 India Standard Time elapsed time: 0.033130 seconds (0d 0h 0m 0s)

---------------  T H R E A D  ---------------

Current thread (0x000002a5334a6ea0):  JavaThread "Unknown thread" [_thread_in_vm, id=8892, stack(0x000000cebfd00000,0x000000cebfe00000)]

Stack: [0x000000cebfd00000,0x000000cebfe00000]
Native frames: (J=compiled Java code, j=interpreted, Vv=VM code, C=native code)
V  [jvm.dll+0x678a4a]
V  [jvm.dll+0x7d9cfd]
V  [jvm.dll+0x7db60e]
V  [jvm.dll+0x7dbc73]
V  [jvm.dll+0x245e1f]
V  [jvm.dll+0x6758f9]
V  [jvm.dll+0x66a2a2]
V  [jvm.dll+0x303686]
V  [jvm.dll+0x30ac06]
V  [jvm.dll+0x35a48e]
V  [jvm.dll+0x35a6bf]
V  [jvm.dll+0x2da678]
V  [jvm.dll+0x2db5e4]
V  [jvm.dll+0x7ab6b1]
V  [jvm.dll+0x368041]
V  [jvm.dll+0x78a749]
V  [jvm.dll+0x3ebd4f]
V  [jvm.dll+0x3ed7d1]
C  [jli.dll+0x5297]
C  [ucrtbase.dll+0x29363]
C  [KERNEL32.DLL+0x1257d]
C  [ntdll.dll+0x5aa58]


---------------  P R O C E S S  ---------------

Threads class SMR info:
_java_thread_list=0x00007ffec65589d8, length=0, elements={
}

Java Threads: ( => current thread )

Other Threads:
  0x000002a5335134e0 GCTaskThread "GC Thread#0" [stack: 0x000000cebfe00000,0x000000cebff00000] [id=17980]
  0x000002a533525200 ConcurrentGCThread "G1 Main Marker" [stack: 0x000000cebff00000,0x000000cec0000000] [id=15392]
  0x000002a533526c20 ConcurrentGCThread "G1 Conc#0" [stack: 0x000000cec0000000,0x000000cec0100000] [id=28008]

[error occurred during error reporting (printing all threads), id 0xc0000005, EXCEPTION_ACCESS_VIOLATION (0xc0000005) at pc=0x00007ffec5d8b2d7]

VM state: not at safepoint (not fully initialized)

VM Mutex/Monitor currently owned by a thread:  ([mutex/lock_event])
[0x000002a5334a3b30] Heap_lock - owner thread: 0x000002a5334a6ea0

Heap address: 0x0000000702400000, size: 4060 MB, Compressed Oops mode: Zero based, Oop shift amount: 3

CDS archive(s) mapped at: [0x0000000000000000-0x0000000000000000-0x0000000000000000), size 0, SharedBaseAddress: 0x0000000800000000, ArchiveRelocationMode: 1.
Narrow klass base: 0x0000000000000000, Narrow klass shift: 0, Narrow klass range: 0x0

GC Precious Log:
<Empty>

Heap:
 garbage-first heap   total 0K, used 0K [0x0000000702400000, 0x0000000800000000)
  region size 2048K, 0 young (0K), 0 survivors (0K)

[error occurred during error reporting (printing heap information), id 0xc0000005, EXCEPTION_ACCESS_VIOLATION (0xc0000005) at pc=0x00007ffec6172229]

GC Heap History (0 events):
No events

Deoptimization events (0 events):
No events

Classes unloaded (0 events):
No events

Classes redefined (0 events):
No events

Internal exceptions (0 events):
No events

VM Operations (0 events):
No events

Events (1 events):
Event: 0.017 Loaded shared library C:\Program Files\Java\jdk-17\bin\java.dll


Dynamic libraries:
0x00007ff69bb40000 - 0x00007ff69bb50000 	C:\Program Files\Java\jdk-17\bin\java.exe
0x00007fff3f5b0000 - 0x00007fff3f7c6000 	C:\WINDOWS\SYSTEM32\ntdll.dll
0x00007fff3df40000 - 0x00007fff3e004000 	C:\WINDOWS\System32\KERNEL32.DLL
0x00007fff3cba0000 - 0x00007fff3cf46000 	C:\WINDOWS\System32\KERNELBASE.dll
0x00007fff3d1e0000 - 0x00007fff3d2f1000 	C:\WINDOWS\System32\ucrtbase.dll
0x00007fff379d0000 - 0x00007fff379e9000 	C:\Program Files\Java\jdk-17\bin\jli.dll
0x00007fff3d9d0000 - 0x00007fff3da82000 	C:\WINDOWS\System32\ADVAPI32.dll
0x00007fff3ed40000 - 0x00007fff3ede7000 	C:\WINDOWS\System32\msvcrt.dll
0x00007fff3d920000 - 0x00007fff3d9c8000 	C:\WINDOWS\System32\sechost.dll
0x00007fff3c9b0000 - 0x00007fff3c9d8000 	C:\WINDOWS\System32\bcrypt.dll
0x00007fff3da90000 - 0x00007fff3dba5000 	C:\WINDOWS\System32\RPCRT4.dll
0x00007fff3eb90000 - 0x00007fff3ed3d000 	C:\WINDOWS\System32\USER32.dll
0x00007fff3cb00000 - 0x00007fff3cb26000 	C:\WINDOWS\System32\win32u.dll
0x00007fff3edf0000 - 0x00007fff3ee19000 	C:\WINDOWS\System32\GDI32.dll
0x00007fff3c9e0000 - 0x00007fff3caf8000 	C:\WINDOWS\System32\gdi32full.dll
0x00007fff3d140000 - 0x00007fff3d1da000 	C:\WINDOWS\System32\msvcp_win.dll
0x00007fff35c60000 - 0x00007fff35c7b000 	C:\Program Files\Java\jdk-17\bin\VCRUNTIME140.dll
0x00007fff1dc50000 - 0x00007fff1dee3000 	C:\WINDOWS\WinSxS\amd64_microsoft.windows.common-controls_6595b64144ccf1df_6.0.22621.3235_none_270f74e173860f98\COMCTL32.dll
0x00007fff32790000 - 0x00007fff3279a000 	C:\WINDOWS\SYSTEM32\VERSION.dll
0x00007fff3eea0000 - 0x00007fff3eed1000 	C:\WINDOWS\System32\IMM32.DLL
0x00007fff39bf0000 - 0x00007fff39bfc000 	C:\Program Files\Java\jdk-17\bin\vcruntime140_1.dll
0x00007fff1d010000 - 0x00007fff1d09e000 	C:\Program Files\Java\jdk-17\bin\msvcp140.dll
0x00007ffec5aa0000 - 0x00007ffec6681000 	C:\Program Files\Java\jdk-17\bin\server\jvm.dll
0x00007fff3f560000 - 0x00007fff3f568000 	C:\WINDOWS\System32\PSAPI.DLL
0x00007ffefdda0000 - 0x00007ffefdda9000 	C:\WINDOWS\SYSTEM32\WSOCK32.dll
0x00007fff3ee20000 - 0x00007fff3ee91000 	C:\WINDOWS\System32\WS2_32.dll
0x00007fff339d0000 - 0x00007fff33a04000 	C:\WINDOWS\SYSTEM32\WINMM.dll
0x00007fff3ba20000 - 0x00007fff3ba38000 	C:\WINDOWS\SYSTEM32\kernel.appcore.dll
0x00007fff35ca0000 - 0x00007fff35caa000 	C:\Program Files\Java\jdk-17\bin\jimage.dll
0x00007fff37b40000 - 0x00007fff37d73000 	C:\WINDOWS\SYSTEM32\DBGHELP.DLL
0x00007fff3dbb0000 - 0x00007fff3df38000 	C:\WINDOWS\System32\combase.dll
0x00007fff3d520000 - 0x00007fff3d5f7000 	C:\WINDOWS\System32\OLEAUT32.dll
0x00007fff1bf40000 - 0x00007fff1bf72000 	C:\WINDOWS\SYSTEM32\dbgcore.DLL
0x00007fff3d0c0000 - 0x00007fff3d13a000 	C:\WINDOWS\System32\bcryptPrimitives.dll
0x00007fff28e90000 - 0x00007fff28eb5000 	C:\Program Files\Java\jdk-17\bin\java.dll

dbghelp: loaded successfully - version: 4.0.5 - missing functions: none
symbol engine: initialized successfully - sym options: 0x614 - pdb path: .;C:\Program Files\Java\jdk-17\bin;C:\WINDOWS\SYSTEM32;C:\WINDOWS\WinSxS\amd64_microsoft.windows.common-controls_6595b64144ccf1df_6.0.22621.3235_none_270f74e173860f98;C:\Program Files\Java\jdk-17\bin\server

VM Arguments:
java_command: org.jetbrains.kotlin.cli.jvm.K2JVMCompiler @D:\NestedRoutingPoc\node_modules\react-native-safe-area-context\android\build\20240408_16722134491405437040.compiler.options
java_class_path (initial): C:\Users\harsh\.gradle\caches\modules-2\files-2.1\org.jetbrains.kotlin\kotlin-compiler-embeddable\1.8.0\eb9118d4bcceaa2a94b2ae2a33a4ddba7c9a947f\kotlin-compiler-embeddable-1.8.0.jar;C:\Users\harsh\.gradle\caches\modules-2\files-2.1\org.jetbrains.kotlin\kotlin-stdlib\1.8.0\1796921c7a3e2e2665a83e6c8d33399336cd39bc\kotlin-stdlib-1.8.0.jar;C:\Users\harsh\.gradle\caches\modules-2\files-2.1\org.jetbrains.kotlin\kotlin-script-runtime\1.8.0\b2f7e760d283cb339974851c222a4c1d48f2d3d\kotlin-script-runtime-1.8.0.jar;C:\Users\harsh\.gradle\caches\modules-2\files-2.1\org.jetbrains.kotlin\kotlin-reflect\1.6.10\1cbe9c92c12a94eea200d23c2bbaedaf3daf5132\kotlin-reflect-1.6.10.jar;C:\Users\harsh\.gradle\caches\modules-2\files-2.1\org.jetbrains.kotlin\kotlin-daemon-embeddable\1.8.0\d255216c551685dc3a7e852b53617f5f01aaaa5c\kotlin-daemon-embeddable-1.8.0.jar;C:\Users\harsh\.gradle\caches\modules-2\files-2.1\org.jetbrains.intellij.deps\trove4j\1.0.20200330\3afb14d5f9ceb459d724e907a21145e8ff394f02\trove4j-1.0.20200330.jar;C:\Users\harsh\.gradle\caches\modules-2\files-2.1\net.java.dev.jna\jna\5.6.0\330f2244e9030119ab3030fc3fededc86713d9cc\jna-5.6.0.jar;C:\Users\harsh\.gradle\caches\modules-2\files-2.1\org.jetbrains.kotlin\kotlin-stdlib-common\1.8.0\f7197e7cc76453ac59f8b0f8d5137cc600becd36\kotlin-stdlib-common-1.8.0.jar;C:\Users\harsh\.gradle\caches\modules-2\files-2.1\org.jetbrains\annotations\13.0\919f0dfe192fb4e063e7dacadee7f8bb9a2672a9\annotations-13.0.jar
Launcher Type: SUN_STANDARD

[Global flags]
     intx CICompilerCount                          = 4                                         {product} {ergonomic}
     uint ConcGCThreads                            = 2                                         {product} {ergonomic}
     uint G1ConcRefinementThreads                  = 8                                         {product} {ergonomic}
   size_t G1HeapRegionSize                         = 2097152                                   {product} {ergonomic}
    uintx GCDrainStackTargetSize                   = 64                                        {product} {ergonomic}
   size_t InitialHeapSize                          = 266338304                                 {product} {ergonomic}
   size_t MarkStackSize                            = 4194304                                   {product} {ergonomic}
   size_t MaxHeapSize                              = 4257218560                                {product} {ergonomic}
   size_t MinHeapDeltaBytes                        = 2097152                                   {product} {ergonomic}
   size_t MinHeapSize                              = 8388608                                   {product} {ergonomic}
    uintx NonNMethodCodeHeapSize                   = 5839372                                {pd product} {ergonomic}
    uintx NonProfiledCodeHeapSize                  = 122909434                              {pd product} {ergonomic}
    uintx ProfiledCodeHeapSize                     = 122909434                              {pd product} {ergonomic}
    uintx ReservedCodeCacheSize                    = 251658240                              {pd product} {ergonomic}
     bool SegmentedCodeCache                       = true                                      {product} {ergonomic}
   size_t SoftMaxHeapSize                          = 4257218560                             {manageable} {ergonomic}
     bool UseCompressedClassPointers               = true                           {product lp64_product} {ergonomic}
     bool UseCompressedOops                        = true                           {product lp64_product} {ergonomic}
     bool UseG1GC                                  = true                                      {product} {ergonomic}
     bool UseLargePagesIndividualAllocation        = false                                  {pd product} {ergonomic}

Logging:
Log output configuration:
 #0: stdout all=warning uptime,level,tags
 #1: stderr all=off uptime,level,tags

Environment Variables:
JAVA_HOME=C:\Program Files\Java\jdk-17
CLASSPATH=D:\NestedRoutingPoc\android\\gradle\wrapper\gradle-wrapper.jar
PATH=D:\NestedRoutingPoc\node_modules\.bin;D:\NestedRoutingPoc\node_modules\.bin;D:\node_modules\.bin;C:\Users\harsh\AppData\Roaming\npm\node_modules\npm\node_modules\@npmcli\run-script\lib\node-gyp-bin;D:\NestedRoutingPoc\node_modules\.bin;D:\node_modules\.bin;C:\Users\harsh\AppData\Roaming\npm\node_modules\npm\node_modules\@npmcli\run-script\lib\node-gyp-bin;C:\Program Files\Java\jdk-17\bin;C:\Program Files\Common Files\Oracle\Java\javapath;C:\Python312\Scripts\;C:\Python312\;C:\Program Files\Microsoft\jdk-11.0.18.10-hotspot\bin;C:\Python311\Scripts\;C:\Python311\;C:\WINDOWS\system32;C:\WINDOWS;C:\WINDOWS\System32\Wbem;C:\WINDOWS\System32\WindowsPowerShell\v1.0\;C:\WINDOWS\System32\OpenSSH\;C:\Program Files\dotnet\;C:\ProgramData\chocolatey\bin;C:\Program Files\Git\cmd;C:\Program Files (x86)\NVIDIA Corporation\PhysX\Common;C:\Program Files\NVIDIA Corporation\NVIDIA NvDLISR;D:\Node\;C:\Users\harsh\AppData\Local\Microsoft\WindowsApps;C:\Users\harsh\AppData\Local\Programs\Microsoft VS Code\bin;C:\Users\harsh\AppData\Local\Android\Sdk\platform-tools;C:\Users\harsh\AppData\Roaming\npm
USERNAME=harsh
LANG=en_US.UTF-8
OS=Windows_NT
PROCESSOR_IDENTIFIER=Intel64 Family 6 Model 158 Stepping 10, GenuineIntel



---------------  S Y S T E M  ---------------

OS:
 Windows 11 , 64 bit Build 22621 (10.0.22621.3235)
OS uptime: 0 days 21:01 hours

CPU: total 8 (initial active 8) (4 cores per cpu, 2 threads per core) family 6 model 158 stepping 10 microcode 0xde, cx8, cmov, fxsr, ht, mmx, 3dnowpref, sse, sse2, sse3, ssse3, sse4.1, sse4.2, popcnt, lzcnt, tsc, tscinvbit, avx, avx2, aes, erms, clmul, bmi1, bmi2, adx, fma, vzeroupper, clflush, clflushopt

Memory: 4k page, system-wide physical 16235M (3038M free)
TotalPageFile size 46580M (AvailPageFile size 150M)
current process WorkingSet (physical memory assigned to process): 11M, peak: 11M
current process commit charge ("private bytes"): 60M, peak: 314M

vm_info: Java HotSpot(TM) 64-Bit Server VM (17.0.9+11-LTS-201) for windows-amd64 JRE (17.0.9+11-LTS-201), built on Oct 10 2023 23:16:06 by "mach5one" with MS VC++ 17.1 (VS2022)

END.
