#
# There is insufficient memory for the Java Runtime Environment to continue.
# Native memory allocation (mmap) failed to map 106954752 bytes for G1 virtual space
# Possible reasons:
#   The system is out of physical RAM or swap space
#   The process is running with CompressedOops enabled, and the Java Heap may be blocking the growth of the native heap
# Possible solutions:
#   Reduce memory load on the system
#   Increase physical memory or swap space
#   Check if swap backing store is full
#   Decrease Java heap size (-Xmx/-Xms)
#   Decrease number of Java threads
#   Decrease Java thread stack sizes (-Xss)
#   Set larger code cache with -XX:ReservedCodeCacheSize=
#   JVM is running with Unscaled Compressed Oops mode in which the Java heap is
#     placed in the first 4GB address space. The Java Heap base address is the
#     maximum limit for the native heap growth. Please use -XX:HeapBaseMinAddress
#     to set the Java Heap base and to place the Java Heap above 4GB virtual address.
# This output file may be truncated or incomplete.
#
#  Out of Memory Error (os_windows.cpp:3552), pid=12400, tid=9908
#
# JRE version: Java(TM) SE Runtime Environment (17.0.9+11) (build 17.0.9+11-LTS-201)
# Java VM: Java HotSpot(TM) 64-Bit Server VM (17.0.9+11-LTS-201, mixed mode, sharing, tiered, compressed oops, compressed class ptrs, g1 gc, windows-amd64)
# No core dump will be written. Minidumps are not enabled by default on client versions of Windows
#

---------------  S U M M A R Y ------------

Command Line: -XX:MaxMetaspaceSize=512m --add-opens=java.base/java.util=ALL-UNNAMED --add-opens=java.base/java.lang=ALL-UNNAMED --add-opens=java.base/java.lang.invoke=ALL-UNNAMED --add-opens=java.prefs/java.util.prefs=ALL-UNNAMED --add-opens=java.base/java.nio.charset=ALL-UNNAMED --add-opens=java.base/java.net=ALL-UNNAMED --add-opens=java.base/java.util.concurrent.atomic=ALL-UNNAMED -Xmx2048m -Dfile.encoding=windows-1252 -Duser.country=IN -Duser.language=en -Duser.variant -javaagent:C:\Users\harsh\.gradle\wrapper\dists\gradle-8.3-all\6en3ugtfdg5xnpx44z4qbwgas\gradle-8.3\lib\agents\gradle-instrumentation-agent-8.3.jar org.gradle.launcher.daemon.bootstrap.GradleDaemon 8.3

Host: Intel(R) Core(TM) i5-8300H CPU @ 2.30GHz, 8 cores, 15G,  Windows 11 , 64 bit Build 22621 (10.0.22621.3235)
Time: Mon Apr  8 15:27:23 2024 India Standard Time elapsed time: 13.026771 seconds (0d 0h 0m 13s)

---------------  T H R E A D  ---------------

Current thread (0x000002c2b3ebbed0):  VMThread "VM Thread" [stack: 0x000000e548800000,0x000000e548900000] [id=9908]

Stack: [0x000000e548800000,0x000000e548900000]
Native frames: (J=compiled Java code, j=interpreted, Vv=VM code, C=native code)
V  [jvm.dll+0x678a4a]
V  [jvm.dll+0x7d9cfd]
V  [jvm.dll+0x7db60e]
V  [jvm.dll+0x7dbc73]
V  [jvm.dll+0x245e1f]
V  [jvm.dll+0x6758f9]
V  [jvm.dll+0x66a2a2]
V  [jvm.dll+0x303686]
V  [jvm.dll+0x30ac06]
V  [jvm.dll+0x35a48e]
V  [jvm.dll+0x35a6bf]
V  [jvm.dll+0x2da678]
V  [jvm.dll+0x2d8a85]
V  [jvm.dll+0x2d808c]
V  [jvm.dll+0x31b97b]
V  [jvm.dll+0x7e048b]
V  [jvm.dll+0x7e11c4]
V  [jvm.dll+0x7e16dd]
V  [jvm.dll+0x7e1ab4]
V  [jvm.dll+0x7e1b80]
V  [jvm.dll+0x78998a]
V  [jvm.dll+0x677875]
C  [ucrtbase.dll+0x29363]
C  [KERNEL32.DLL+0x1257d]
C  [ntdll.dll+0x5aa58]

VM_Operation (0x000000e54a2ee6d0): G1CollectForAllocation, mode: safepoint, requested by thread 0x000002c2d607ce90


---------------  P R O C E S S  ---------------

Threads class SMR info:
_java_thread_list=0x000002c2d8c82100, length=89, elements={
0x000002c295ca7440, 0x000002c2b3ec1af0, 0x000002c2b3ec3980, 0x000002c2b3ed7480,
0x000002c2b3ed8040, 0x000002c2b3ed8c00, 0x000002c2b3edd5e0, 0x000002c2b3ede380,
0x000002c2b3ee7650, 0x000002c2b3eeaf80, 0x000002c2b3ea9490, 0x000002c2d31cb140,
0x000002c2d4381c70, 0x000002c2d4f92aa0, 0x000002c2d59b6a00, 0x000002c2d4676060,
0x000002c2d48caa40, 0x000002c2d607ddc0, 0x000002c2d607ce90, 0x000002c2d607c980,
0x000002c2d607d3a0, 0x000002c2d607e2d0, 0x000002c2d54a9810, 0x000002c2d54a83d0,
0x000002c2d54a6060, 0x000002c2d54a88e0, 0x000002c2d54a6570, 0x000002c2d54a6a80,
0x000002c2d54a8df0, 0x000002c2d54a9300, 0x000002c2d54a6f90, 0x000002c2d54a74a0,
0x000002c2d54a79b0, 0x000002c2d81c7ab0, 0x000002c2d81c1f90, 0x000002c2d81c89e0,
0x000002c2d81c1a80, 0x000002c2d81c24a0, 0x000002c2d81c4810, 0x000002c2d81c4d20,
0x000002c2d81c6670, 0x000002c2d81c7fc0, 0x000002c2d81c29b0, 0x000002c2d81c2ec0,
0x000002c2d81c5230, 0x000002c2d81c33d0, 0x000002c2d81c38e0, 0x000002c2d81c3df0,
0x000002c2d81c5740, 0x000002c2d81c5c50, 0x000002c2d81c4300, 0x000002c2d81c6b80,
0x000002c2d323dec0, 0x000002c2d3238dc0, 0x000002c2d323c060, 0x000002c2d323a200,
0x000002c2d3240230, 0x000002c2d32392d0, 0x000002c2d323edf0, 0x000002c2d32397e0,
0x000002c2d323ca80, 0x000002c2d3239cf0, 0x000002c2d323cf90, 0x000002c2d323d4a0,
0x000002c2d323a710, 0x000002c2d323e8e0, 0x000002c2d323ac20, 0x000002c2d323bb50,
0x000002c2d323f300, 0x000002c2d323b130, 0x000002c2d323e3d0, 0x000002c2d323b640,
0x000002c2d75c7ed0, 0x000002c2d75c9310, 0x000002c2d75c32e0, 0x000002c2d75c5140,
0x000002c2d75c8e00, 0x000002c2d75c5b60, 0x000002c2d75c4c30, 0x000002c2d75c5650,
0x000002c2d75c83e0, 0x000002c2d75c4720, 0x000002c2d75c74b0, 0x000002c2d75c6a90,
0x000002c2d75c88f0, 0x000002c2d75c6070, 0x000002c2d75c6fa0, 0x000002c2d8105bd0,
0x000002c2d8106670
}

Java Threads: ( => current thread )
  0x000002c295ca7440 JavaThread "main" [_thread_blocked, id=14688, stack(0x000000e548200000,0x000000e548300000)]
  0x000002c2b3ec1af0 JavaThread "Reference Handler" daemon [_thread_blocked, id=20580, stack(0x000000e548900000,0x000000e548a00000)]
  0x000002c2b3ec3980 JavaThread "Finalizer" daemon [_thread_blocked, id=22612, stack(0x000000e548a00000,0x000000e548b00000)]
  0x000002c2b3ed7480 JavaThread "Signal Dispatcher" daemon [_thread_blocked, id=23360, stack(0x000000e548b00000,0x000000e548c00000)]
  0x000002c2b3ed8040 JavaThread "Attach Listener" daemon [_thread_blocked, id=10044, stack(0x000000e548c00000,0x000000e548d00000)]
  0x000002c2b3ed8c00 JavaThread "Service Thread" daemon [_thread_blocked, id=14928, stack(0x000000e548d00000,0x000000e548e00000)]
  0x000002c2b3edd5e0 JavaThread "Monitor Deflation Thread" daemon [_thread_blocked, id=11036, stack(0x000000e548e00000,0x000000e548f00000)]
  0x000002c2b3ede380 JavaThread "C2 CompilerThread0" daemon [_thread_blocked, id=28372, stack(0x000000e548f00000,0x000000e549000000)]
  0x000002c2b3ee7650 JavaThread "C1 CompilerThread0" daemon [_thread_blocked, id=25040, stack(0x000000e549000000,0x000000e549100000)]
  0x000002c2b3eeaf80 JavaThread "Sweeper thread" daemon [_thread_blocked, id=12356, stack(0x000000e549100000,0x000000e549200000)]
  0x000002c2b3ea9490 JavaThread "Common-Cleaner" daemon [_thread_blocked, id=22660, stack(0x000000e549200000,0x000000e549300000)]
  0x000002c2d31cb140 JavaThread "Notification Thread" daemon [_thread_blocked, id=4012, stack(0x000000e549300000,0x000000e549400000)]
  0x000002c2d4381c70 JavaThread "Daemon health stats" [_thread_blocked, id=22812, stack(0x000000e549c00000,0x000000e549d00000)]
  0x000002c2d4f92aa0 JavaThread "Incoming local TCP Connector on port 51885" [_thread_in_native, id=24536, stack(0x000000e549d00000,0x000000e549e00000)]
  0x000002c2d59b6a00 JavaThread "Daemon periodic checks" [_thread_blocked, id=25164, stack(0x000000e549e00000,0x000000e549f00000)]
  0x000002c2d4676060 JavaThread "Daemon" [_thread_blocked, id=17412, stack(0x000000e549f00000,0x000000e54a000000)]
  0x000002c2d48caa40 JavaThread "Handler for socket connection from /127.0.0.1:51885 to /127.0.0.1:51886" [_thread_in_native, id=5800, stack(0x000000e54a000000,0x000000e54a100000)]
  0x000002c2d607ddc0 JavaThread "Cancel handler" [_thread_blocked, id=14036, stack(0x000000e54a100000,0x000000e54a200000)]
  0x000002c2d607ce90 JavaThread "Daemon worker" [_thread_blocked, id=11280, stack(0x000000e54a200000,0x000000e54a300000)]
  0x000002c2d607c980 JavaThread "Asynchronous log dispatcher for DefaultDaemonConnection: socket connection from /127.0.0.1:51885 to /127.0.0.1:51886" [_thread_blocked, id=21520, stack(0x000000e54a300000,0x000000e54a400000)]
  0x000002c2d607d3a0 JavaThread "Stdin handler" [_thread_blocked, id=25216, stack(0x000000e54a400000,0x000000e54a500000)]
  0x000002c2d607e2d0 JavaThread "Daemon client event forwarder" [_thread_blocked, id=25136, stack(0x000000e54a500000,0x000000e54a600000)]
  0x000002c2d54a9810 JavaThread "Cache worker for journal cache (C:\Users\harsh\.gradle\caches\journal-1)" [_thread_blocked, id=28576, stack(0x000000e54a600000,0x000000e54a700000)]
  0x000002c2d54a83d0 JavaThread "File lock request listener" [_thread_in_native, id=11796, stack(0x000000e54a700000,0x000000e54a800000)]
  0x000002c2d54a6060 JavaThread "Cache worker for file hash cache (C:\Users\harsh\.gradle\caches\8.3\fileHashes)" [_thread_blocked, id=5184, stack(0x000000e54a800000,0x000000e54a900000)]
  0x000002c2d54a88e0 JavaThread "File watcher server" daemon [_thread_blocked, id=27512, stack(0x000000e54a900000,0x000000e54aa00000)]
  0x000002c2d54a6570 JavaThread "File watcher consumer" daemon [_thread_blocked, id=12016, stack(0x000000e54aa00000,0x000000e54ab00000)]
  0x000002c2d54a6a80 JavaThread "Cache worker for checksums cache (D:\NestedRoutingPoc\android\.gradle\8.3\checksums)" [_thread_blocked, id=7372, stack(0x000000e54ab00000,0x000000e54ac00000)]
  0x000002c2d54a8df0 JavaThread "Cache worker for file hash cache (D:\NestedRoutingPoc\android\.gradle\8.3\fileHashes)" [_thread_blocked, id=27140, stack(0x000000e54ac00000,0x000000e54ad00000)]
  0x000002c2d54a9300 JavaThread "Cache worker for cache directory md-supplier (C:\Users\harsh\.gradle\caches\8.3\md-supplier)" [_thread_blocked, id=13304, stack(0x000000e54ad00000,0x000000e54ae00000)]
  0x000002c2d54a6f90 JavaThread "Cache worker for file content cache (C:\Users\harsh\.gradle\caches\8.3\fileContent)" [_thread_blocked, id=27008, stack(0x000000e54ae00000,0x000000e54af00000)]
  0x000002c2d54a74a0 JavaThread "Cache worker for cache directory md-rule (C:\Users\harsh\.gradle\caches\8.3\md-rule)" [_thread_blocked, id=3184, stack(0x000000e54b200000,0x000000e54b300000)]
  0x000002c2d54a79b0 JavaThread "Cache worker for execution history cache (C:\Users\harsh\.gradle\caches\8.3\executionHistory)" [_thread_blocked, id=27980, stack(0x000000e54b300000,0x000000e54b400000)]
  0x000002c2d81c7ab0 JavaThread "jar transforms" [_thread_blocked, id=2316, stack(0x000000e54b400000,0x000000e54b500000)]
  0x000002c2d81c1f90 JavaThread "jar transforms Thread 2" [_thread_blocked, id=22088, stack(0x000000e54b500000,0x000000e54b600000)]
  0x000002c2d81c89e0 JavaThread "jar transforms Thread 3" [_thread_blocked, id=28444, stack(0x000000e54b600000,0x000000e54b700000)]
  0x000002c2d81c1a80 JavaThread "jar transforms Thread 4" [_thread_blocked, id=13968, stack(0x000000e54b700000,0x000000e54b800000)]
  0x000002c2d81c24a0 JavaThread "Cache worker for kotlin-dsl (C:\Users\harsh\.gradle\caches\8.3\kotlin-dsl)" [_thread_blocked, id=8856, stack(0x000000e54b800000,0x000000e54b900000)]
  0x000002c2d81c4810 JavaThread "jar transforms Thread 5" [_thread_blocked, id=23292, stack(0x000000e54b900000,0x000000e54ba00000)]
  0x000002c2d81c4d20 JavaThread "jar transforms Thread 6" [_thread_blocked, id=6828, stack(0x000000e54ba00000,0x000000e54bb00000)]
  0x000002c2d81c6670 JavaThread "Unconstrained build operations" [_thread_blocked, id=7280, stack(0x000000e54bb00000,0x000000e54bc00000)]
  0x000002c2d81c7fc0 JavaThread "Unconstrained build operations Thread 2" [_thread_blocked, id=17432, stack(0x000000e54bc00000,0x000000e54bd00000)]
  0x000002c2d81c29b0 JavaThread "jar transforms Thread 7" [_thread_blocked, id=19904, stack(0x000000e54bd00000,0x000000e54be00000)]
  0x000002c2d81c2ec0 JavaThread "jar transforms Thread 8" [_thread_blocked, id=25188, stack(0x000000e54be00000,0x000000e54bf00000)]
  0x000002c2d81c5230 JavaThread "Cache worker for dependencies-accessors (D:\NestedRoutingPoc\android\.gradle\8.3\dependencies-accessors)" [_thread_blocked, id=20128, stack(0x000000e54bf00000,0x000000e54c000000)]
  0x000002c2d81c33d0 JavaThread "Cache worker for Build Output Cleanup Cache (D:\NestedRoutingPoc\node_modules\@react-native\gradle-plugin\.gradle\buildOutputCleanup)" [_thread_blocked, id=28636, stack(0x000000e54c000000,0x000000e54c100000)]
  0x000002c2d81c38e0 JavaThread "Unconstrained build operations Thread 3" [_thread_blocked, id=27148, stack(0x000000e54c100000,0x000000e54c200000)]
  0x000002c2d81c3df0 JavaThread "Unconstrained build operations Thread 4" [_thread_blocked, id=12368, stack(0x000000e54c200000,0x000000e54c300000)]
  0x000002c2d81c5740 JavaThread "Unconstrained build operations Thread 5" [_thread_blocked, id=14220, stack(0x000000e54c300000,0x000000e54c400000)]
  0x000002c2d81c5c50 JavaThread "Unconstrained build operations Thread 6" [_thread_blocked, id=20908, stack(0x000000e54c400000,0x000000e54c500000)]
  0x000002c2d81c4300 JavaThread "Unconstrained build operations Thread 7" [_thread_blocked, id=20376, stack(0x000000e54c500000,0x000000e54c600000)]
  0x000002c2d81c6b80 JavaThread "Unconstrained build operations Thread 8" [_thread_blocked, id=3816, stack(0x000000e54c600000,0x000000e54c700000)]
  0x000002c2d323dec0 JavaThread "Unconstrained build operations Thread 9" [_thread_blocked, id=21888, stack(0x000000e54c700000,0x000000e54c800000)]
  0x000002c2d3238dc0 JavaThread "Memory manager" [_thread_blocked, id=28508, stack(0x000000e54c800000,0x000000e54c900000)]
  0x000002c2d323c060 JavaThread "Cache worker for Build Output Cleanup Cache (D:\NestedRoutingPoc\android\.gradle\buildOutputCleanup)" [_thread_blocked, id=23456, stack(0x000000e549600000,0x000000e549700000)]
  0x000002c2d323a200 JavaThread "ForkJoinPool.commonPool-worker-1" daemon [_thread_blocked, id=21716, stack(0x000000e54c900000,0x000000e54ca00000)]
  0x000002c2d3240230 JavaThread "ForkJoinPool.commonPool-worker-2" daemon [_thread_blocked, id=24768, stack(0x000000e54ca00000,0x000000e54cb00000)]
  0x000002c2d32392d0 JavaThread "ForkJoinPool.commonPool-worker-3" daemon [_thread_blocked, id=11476, stack(0x000000e54cb00000,0x000000e54cc00000)]
  0x000002c2d323edf0 JavaThread "ForkJoinPool.commonPool-worker-4" daemon [_thread_blocked, id=26816, stack(0x000000e54cc00000,0x000000e54cd00000)]
  0x000002c2d32397e0 JavaThread "ForkJoinPool.commonPool-worker-5" daemon [_thread_blocked, id=22012, stack(0x000000e54cd00000,0x000000e54ce00000)]
  0x000002c2d323ca80 JavaThread "ForkJoinPool.commonPool-worker-6" daemon [_thread_blocked, id=2144, stack(0x000000e54ce00000,0x000000e54cf00000)]
  0x000002c2d3239cf0 JavaThread "ForkJoinPool.commonPool-worker-7" daemon [_thread_blocked, id=2088, stack(0x000000e54cf00000,0x000000e54d000000)]
  0x000002c2d323cf90 JavaThread "included builds" [_thread_blocked, id=2744, stack(0x000000e54d100000,0x000000e54d200000)]
  0x000002c2d323d4a0 JavaThread "Execution worker" [_thread_blocked, id=21976, stack(0x000000e54d200000,0x000000e54d300000)]
  0x000002c2d323a710 JavaThread "Execution worker Thread 2" [_thread_blocked, id=3560, stack(0x000000e54d300000,0x000000e54d400000)]
  0x000002c2d323e8e0 JavaThread "Execution worker Thread 3" [_thread_blocked, id=26520, stack(0x000000e54d400000,0x000000e54d500000)]
  0x000002c2d323ac20 JavaThread "Execution worker Thread 4" [_thread_blocked, id=19952, stack(0x000000e54d500000,0x000000e54d600000)]
  0x000002c2d323bb50 JavaThread "Execution worker Thread 5" [_thread_blocked, id=16080, stack(0x000000e54d600000,0x000000e54d700000)]
  0x000002c2d323f300 JavaThread "Execution worker Thread 6" [_thread_blocked, id=7520, stack(0x000000e54d700000,0x000000e54d800000)]
  0x000002c2d323b130 JavaThread "Execution worker Thread 7" [_thread_blocked, id=21836, stack(0x000000e54d800000,0x000000e54d900000)]
  0x000002c2d323e3d0 JavaThread "Cache worker for execution history cache (D:\NestedRoutingPoc\node_modules\@react-native\gradle-plugin\.gradle\8.3\executionHistory)" [_thread_blocked, id=9024, stack(0x000000e54d900000,0x000000e54da00000)]
  0x000002c2d323b640 JavaThread "Unconstrained build operations Thread 10" [_thread_blocked, id=22940, stack(0x000000e54da00000,0x000000e54db00000)]
  0x000002c2d75c7ed0 JavaThread "Unconstrained build operations Thread 11" [_thread_blocked, id=28420, stack(0x000000e54db00000,0x000000e54dc00000)]
  0x000002c2d75c9310 JavaThread "Unconstrained build operations Thread 12" [_thread_blocked, id=8768, stack(0x000000e54dc00000,0x000000e54dd00000)]
  0x000002c2d75c32e0 JavaThread "Unconstrained build operations Thread 13" [_thread_blocked, id=28032, stack(0x000000e54dd00000,0x000000e54de00000)]
  0x000002c2d75c5140 JavaThread "Unconstrained build operations Thread 14" [_thread_blocked, id=17496, stack(0x000000e54de00000,0x000000e54df00000)]
  0x000002c2d75c8e00 JavaThread "Unconstrained build operations Thread 15" [_thread_blocked, id=5428, stack(0x000000e54df00000,0x000000e54e000000)]
  0x000002c2d75c5b60 JavaThread "Unconstrained build operations Thread 16" [_thread_blocked, id=22520, stack(0x000000e54e000000,0x000000e54e100000)]
  0x000002c2d75c4c30 JavaThread "Unconstrained build operations Thread 17" [_thread_blocked, id=13120, stack(0x000000e54e100000,0x000000e54e200000)]
  0x000002c2d75c5650 JavaThread "Unconstrained build operations Thread 18" [_thread_blocked, id=10676, stack(0x000000e54e200000,0x000000e54e300000)]
  0x000002c2d75c83e0 JavaThread "Unconstrained build operations Thread 19" [_thread_blocked, id=23168, stack(0x000000e54e300000,0x000000e54e400000)]
  0x000002c2d75c4720 JavaThread "Unconstrained build operations Thread 20" [_thread_blocked, id=22444, stack(0x000000e54e400000,0x000000e54e500000)]
  0x000002c2d75c74b0 JavaThread "Unconstrained build operations Thread 21" [_thread_blocked, id=5176, stack(0x000000e54e500000,0x000000e54e600000)]
  0x000002c2d75c6a90 JavaThread "Unconstrained build operations Thread 22" [_thread_blocked, id=6536, stack(0x000000e54e600000,0x000000e54e700000)]
  0x000002c2d75c88f0 JavaThread "Unconstrained build operations Thread 23" [_thread_blocked, id=8352, stack(0x000000e54e700000,0x000000e54e800000)]
  0x000002c2d75c6070 JavaThread "Unconstrained build operations Thread 24" [_thread_blocked, id=2104, stack(0x000000e54e800000,0x000000e54e900000)]
  0x000002c2d75c6fa0 JavaThread "Unconstrained build operations Thread 25" [_thread_blocked, id=17372, stack(0x000000e54e900000,0x000000e54ea00000)]
  0x000002c2d8105bd0 JavaThread "C2 CompilerThread1" daemon [_thread_blocked, id=12976, stack(0x000000e549500000,0x000000e549600000)]
  0x000002c2d8106670 JavaThread "C2 CompilerThread2" daemon [_thread_blocked, id=27464, stack(0x000000e54d000000,0x000000e54d100000)]

Other Threads:
=>0x000002c2b3ebbed0 VMThread "VM Thread" [stack: 0x000000e548800000,0x000000e548900000] [id=9908]
  0x000002c2b3ec8d00 WatcherThread [stack: 0x000000e549400000,0x000000e549500000] [id=11040]
  0x000002c295d04200 GCTaskThread "GC Thread#0" [stack: 0x000000e548300000,0x000000e548400000] [id=2164]
  0x000002c2d3d92ba0 GCTaskThread "GC Thread#1" [stack: 0x000000e549700000,0x000000e549800000] [id=24020]
  0x000002c2d3d92e60 GCTaskThread "GC Thread#2" [stack: 0x000000e549800000,0x000000e549900000] [id=9032]
  0x000002c2d4074990 GCTaskThread "GC Thread#3" [stack: 0x000000e549900000,0x000000e549a00000] [id=21692]
  0x000002c2d4074c50 GCTaskThread "GC Thread#4" [stack: 0x000000e549a00000,0x000000e549b00000] [id=13600]
  0x000002c2d4074f10 GCTaskThread "GC Thread#5" [stack: 0x000000e549b00000,0x000000e549c00000] [id=11888]
  0x000002c2d48f8ba0 GCTaskThread "GC Thread#6" [stack: 0x000000e54af00000,0x000000e54b000000] [id=13404]
  0x000002c2d48f8e60 GCTaskThread "GC Thread#7" [stack: 0x000000e54b000000,0x000000e54b100000] [id=17748]
  0x000002c295d15150 ConcurrentGCThread "G1 Main Marker" [stack: 0x000000e548400000,0x000000e548500000] [id=17416]
  0x000002c295d15b60 ConcurrentGCThread "G1 Conc#0" [stack: 0x000000e548500000,0x000000e548600000] [id=17708]
  0x000002c2d48f9960 ConcurrentGCThread "G1 Conc#1" [stack: 0x000000e54b100000,0x000000e54b200000] [id=22656]
  0x000002c295d6d8f0 ConcurrentGCThread "G1 Refine#0" [stack: 0x000000e548600000,0x000000e548700000] [id=8616]
  0x000002c295d6e320 ConcurrentGCThread "G1 Service" [stack: 0x000000e548700000,0x000000e548800000] [id=9968]

Threads with active compile tasks:
C2 CompilerThread0    13059 8970       4       java.lang.Class::getMethodsRecursive (99 bytes)
C2 CompilerThread1    13059 8976       4       java.beans.Introspector::addMethod (196 bytes)
C2 CompilerThread2    13059 8980       4       java.lang.reflect.Method::getGenericParameterTypes (5 bytes)

VM state: at safepoint (normal execution)

VM Mutex/Monitor currently owned by a thread:  ([mutex/lock_event])
[0x000002c295ca2040] Threads_lock - owner thread: 0x000002c2b3ebbed0
[0x000002c295ca3750] Heap_lock - owner thread: 0x000002c2d607ce90

Heap address: 0x0000000080000000, size: 2048 MB, Compressed Oops mode: 32-bit

CDS archive(s) mapped at: [0x000002c2b4000000-0x000002c2b4bd0000-0x000002c2b4bd0000), size 12386304, SharedBaseAddress: 0x000002c2b4000000, ArchiveRelocationMode: 1.
Compressed class space mapped at: 0x000002c2b5000000-0x000002c2cf000000, reserved size: 436207616
Narrow klass base: 0x000002c2b4000000, Narrow klass shift: 0, Narrow klass range: 0x100000000

GC Precious Log:
 CPUs: 8 total, 8 available
 Memory: 16235M
 Large Page Support: Disabled
 NUMA Support: Disabled
 Compressed Oops: Enabled (32-bit)
 Heap Region Size: 1M
 Heap Min Capacity: 8M
 Heap Initial Capacity: 254M
 Heap Max Capacity: 2G
 Pre-touch: Disabled
 Parallel Workers: 8
 Concurrent Workers: 2
 Concurrent Refinement Workers: 8
 Periodic GC: Disabled

Heap:
 garbage-first heap   total 260096K, used 89373K [0x0000000080000000, 0x0000000100000000)
  region size 1024K, 3 young (3072K), 3 survivors (3072K)
 Metaspace       used 76601K, committed 77376K, reserved 557056K
  class space    used 10702K, committed 11072K, reserved 425984K

Heap Regions: E=young(eden), S=young(survivor), O=old, HS=humongous(starts), HC=humongous(continues), CS=collection set, F=free, OA=open archive, CA=closed archive, TAMS=top-at-mark-start (previous, next)
|   0|0x0000000080000000, 0x0000000080100000, 0x0000000080100000|100%|HS|  |TAMS 0x0000000080100000, 0x0000000080100000| Complete 
|   1|0x0000000080100000, 0x0000000080200000, 0x0000000080200000|100%|HC|  |TAMS 0x0000000080200000, 0x0000000080200000| Complete 
|   2|0x0000000080200000, 0x0000000080300000, 0x0000000080300000|100%|HC|  |TAMS 0x0000000080300000, 0x0000000080300000| Complete 
|   3|0x0000000080300000, 0x0000000080400000, 0x0000000080400000|100%|HC|  |TAMS 0x0000000080400000, 0x0000000080400000| Complete 
|   4|0x0000000080400000, 0x0000000080500000, 0x0000000080500000|100%| O|  |TAMS 0x0000000080500000, 0x0000000080500000| Untracked 
|   5|0x0000000080500000, 0x0000000080600000, 0x0000000080600000|100%| O|  |TAMS 0x0000000080600000, 0x0000000080600000| Untracked 
|   6|0x0000000080600000, 0x0000000080700000, 0x0000000080700000|100%| O|  |TAMS 0x0000000080700000, 0x0000000080700000| Untracked 
|   7|0x0000000080700000, 0x0000000080800000, 0x0000000080800000|100%| O|  |TAMS 0x0000000080800000, 0x0000000080800000| Untracked 
|   8|0x0000000080800000, 0x0000000080900000, 0x0000000080900000|100%| O|  |TAMS 0x0000000080900000, 0x0000000080900000| Untracked 
|   9|0x0000000080900000, 0x0000000080a00000, 0x0000000080a00000|100%| O|  |TAMS 0x0000000080a00000, 0x0000000080a00000| Untracked 
|  10|0x0000000080a00000, 0x0000000080b00000, 0x0000000080b00000|100%| O|  |TAMS 0x0000000080b00000, 0x0000000080b00000| Untracked 
|  11|0x0000000080b00000, 0x0000000080c00000, 0x0000000080c00000|100%| O|  |TAMS 0x0000000080c00000, 0x0000000080c00000| Untracked 
|  12|0x0000000080c00000, 0x0000000080d00000, 0x0000000080d00000|100%| O|  |TAMS 0x0000000080d00000, 0x0000000080d00000| Untracked 
|  13|0x0000000080d00000, 0x0000000080e00000, 0x0000000080e00000|100%| O|  |TAMS 0x0000000080e00000, 0x0000000080e00000| Untracked 
|  14|0x0000000080e00000, 0x0000000080f00000, 0x0000000080f00000|100%| O|  |TAMS 0x0000000080f00000, 0x0000000080f00000| Untracked 
|  15|0x0000000080f00000, 0x0000000081000000, 0x0000000081000000|100%| O|  |TAMS 0x0000000081000000, 0x0000000081000000| Untracked 
|  16|0x0000000081000000, 0x0000000081100000, 0x0000000081100000|100%| O|  |TAMS 0x0000000081100000, 0x0000000081100000| Untracked 
|  17|0x0000000081100000, 0x0000000081200000, 0x0000000081200000|100%| O|  |TAMS 0x0000000081200000, 0x0000000081200000| Untracked 
|  18|0x0000000081200000, 0x0000000081300000, 0x0000000081300000|100%| O|  |TAMS 0x0000000081300000, 0x0000000081300000| Untracked 
|  19|0x0000000081300000, 0x0000000081400000, 0x0000000081400000|100%| O|  |TAMS 0x0000000081400000, 0x0000000081400000| Untracked 
|  20|0x0000000081400000, 0x0000000081500000, 0x0000000081500000|100%| O|  |TAMS 0x0000000081500000, 0x0000000081500000| Untracked 
|  21|0x0000000081500000, 0x0000000081600000, 0x0000000081600000|100%| O|  |TAMS 0x0000000081600000, 0x0000000081600000| Untracked 
|  22|0x0000000081600000, 0x0000000081700000, 0x0000000081700000|100%| O|  |TAMS 0x0000000081700000, 0x0000000081700000| Untracked 
|  23|0x0000000081700000, 0x0000000081800000, 0x0000000081800000|100%| O|  |TAMS 0x0000000081800000, 0x0000000081800000| Untracked 
|  24|0x0000000081800000, 0x0000000081900000, 0x0000000081900000|100%| O|  |TAMS 0x0000000081900000, 0x0000000081900000| Untracked 
|  25|0x0000000081900000, 0x0000000081a00000, 0x0000000081a00000|100%| O|  |TAMS 0x0000000081a00000, 0x0000000081a00000| Untracked 
|  26|0x0000000081a00000, 0x0000000081b00000, 0x0000000081b00000|100%| O|  |TAMS 0x0000000081b00000, 0x0000000081b00000| Untracked 
|  27|0x0000000081b00000, 0x0000000081c00000, 0x0000000081c00000|100%| O|  |TAMS 0x0000000081c00000, 0x0000000081c00000| Untracked 
|  28|0x0000000081c00000, 0x0000000081d00000, 0x0000000081d00000|100%| O|  |TAMS 0x0000000081d00000, 0x0000000081d00000| Untracked 
|  29|0x0000000081d00000, 0x0000000081e00000, 0x0000000081e00000|100%|HS|  |TAMS 0x0000000081e00000, 0x0000000081e00000| Complete 
|  30|0x0000000081e00000, 0x0000000081f00000, 0x0000000081f00000|100%|HC|  |TAMS 0x0000000081f00000, 0x0000000081f00000| Complete 
|  31|0x0000000081f00000, 0x0000000082000000, 0x0000000082000000|100%| O|  |TAMS 0x0000000082000000, 0x0000000082000000| Untracked 
|  32|0x0000000082000000, 0x0000000082100000, 0x0000000082100000|100%| O|  |TAMS 0x0000000082100000, 0x0000000082100000| Untracked 
|  33|0x0000000082100000, 0x0000000082200000, 0x0000000082200000|100%|HS|  |TAMS 0x0000000082200000, 0x0000000082200000| Complete 
|  34|0x0000000082200000, 0x0000000082300000, 0x0000000082300000|100%|HC|  |TAMS 0x0000000082300000, 0x0000000082300000| Complete 
|  35|0x0000000082300000, 0x0000000082400000, 0x0000000082400000|100%|HS|  |TAMS 0x0000000082400000, 0x0000000082400000| Complete 
|  36|0x0000000082400000, 0x0000000082500000, 0x0000000082500000|100%|HC|  |TAMS 0x0000000082500000, 0x0000000082500000| Complete 
|  37|0x0000000082500000, 0x0000000082600000, 0x0000000082600000|100%|HC|  |TAMS 0x0000000082600000, 0x0000000082600000| Complete 
|  38|0x0000000082600000, 0x0000000082700000, 0x0000000082700000|100%|HC|  |TAMS 0x0000000082700000, 0x0000000082700000| Complete 
|  39|0x0000000082700000, 0x0000000082800000, 0x0000000082800000|100%| O|  |TAMS 0x0000000082800000, 0x0000000082800000| Untracked 
|  40|0x0000000082800000, 0x0000000082900000, 0x0000000082900000|100%|HS|  |TAMS 0x0000000082900000, 0x0000000082900000| Complete 
|  41|0x0000000082900000, 0x0000000082a00000, 0x0000000082a00000|100%|HC|  |TAMS 0x0000000082a00000, 0x0000000082a00000| Complete 
|  42|0x0000000082a00000, 0x0000000082b00000, 0x0000000082b00000|100%|HC|  |TAMS 0x0000000082b00000, 0x0000000082b00000| Complete 
|  43|0x0000000082b00000, 0x0000000082c00000, 0x0000000082c00000|100%|HC|  |TAMS 0x0000000082c00000, 0x0000000082c00000| Complete 
|  44|0x0000000082c00000, 0x0000000082d00000, 0x0000000082d00000|100%| O|  |TAMS 0x0000000082d00000, 0x0000000082d00000| Untracked 
|  45|0x0000000082d00000, 0x0000000082e00000, 0x0000000082e00000|100%| O|  |TAMS 0x0000000082e00000, 0x0000000082e00000| Untracked 
|  46|0x0000000082e00000, 0x0000000082f00000, 0x0000000082f00000|100%| O|  |TAMS 0x0000000082f00000, 0x0000000082f00000| Untracked 
|  47|0x0000000082f00000, 0x0000000083000000, 0x0000000083000000|100%| O|  |TAMS 0x0000000083000000, 0x0000000083000000| Untracked 
|  48|0x0000000083000000, 0x0000000083100000, 0x0000000083100000|100%| O|  |TAMS 0x0000000083100000, 0x0000000083100000| Untracked 
|  49|0x0000000083100000, 0x0000000083200000, 0x0000000083200000|100%| O|  |TAMS 0x0000000083200000, 0x0000000083200000| Untracked 
|  50|0x0000000083200000, 0x0000000083300000, 0x0000000083300000|100%| O|  |TAMS 0x0000000083300000, 0x0000000083300000| Untracked 
|  51|0x0000000083300000, 0x0000000083400000, 0x0000000083400000|100%| O|  |TAMS 0x0000000083400000, 0x0000000083400000| Untracked 
|  52|0x0000000083400000, 0x0000000083500000, 0x0000000083500000|100%| O|  |TAMS 0x0000000083500000, 0x0000000083500000| Untracked 
|  53|0x0000000083500000, 0x0000000083600000, 0x0000000083600000|100%| O|  |TAMS 0x0000000083600000, 0x0000000083600000| Untracked 
|  54|0x0000000083600000, 0x0000000083700000, 0x0000000083700000|100%| O|  |TAMS 0x0000000083700000, 0x0000000083700000| Untracked 
|  55|0x0000000083700000, 0x0000000083800000, 0x0000000083800000|100%| O|  |TAMS 0x0000000083800000, 0x0000000083800000| Untracked 
|  56|0x0000000083800000, 0x0000000083900000, 0x0000000083900000|100%| O|  |TAMS 0x0000000083900000, 0x0000000083900000| Untracked 
|  57|0x0000000083900000, 0x0000000083a00000, 0x0000000083a00000|100%| O|  |TAMS 0x0000000083a00000, 0x0000000083a00000| Untracked 
|  58|0x0000000083a00000, 0x0000000083b00000, 0x0000000083b00000|100%| O|  |TAMS 0x0000000083b00000, 0x0000000083b00000| Untracked 
|  59|0x0000000083b00000, 0x0000000083c00000, 0x0000000083c00000|100%| O|  |TAMS 0x0000000083c00000, 0x0000000083c00000| Untracked 
|  60|0x0000000083c00000, 0x0000000083d00000, 0x0000000083d00000|100%| O|  |TAMS 0x0000000083d00000, 0x0000000083d00000| Untracked 
|  61|0x0000000083d00000, 0x0000000083e00000, 0x0000000083e00000|100%| O|  |TAMS 0x0000000083e00000, 0x0000000083e00000| Untracked 
|  62|0x0000000083e00000, 0x0000000083f00000, 0x0000000083f00000|100%| O|  |TAMS 0x0000000083f00000, 0x0000000083f00000| Untracked 
|  63|0x0000000083f00000, 0x0000000084000000, 0x0000000084000000|100%| O|  |TAMS 0x0000000084000000, 0x0000000084000000| Untracked 
|  64|0x0000000084000000, 0x0000000084100000, 0x0000000084100000|100%|HS|  |TAMS 0x0000000084100000, 0x0000000084100000| Complete 
|  65|0x0000000084100000, 0x0000000084200000, 0x0000000084200000|100%|HS|  |TAMS 0x0000000084200000, 0x0000000084200000| Complete 
|  66|0x0000000084200000, 0x0000000084300000, 0x0000000084300000|100%|HS|  |TAMS 0x0000000084300000, 0x0000000084300000| Complete 
|  67|0x0000000084300000, 0x0000000084400000, 0x0000000084400000|100%|HS|  |TAMS 0x0000000084400000, 0x0000000084400000| Complete 
|  68|0x0000000084400000, 0x0000000084500000, 0x0000000084500000|100%| O|  |TAMS 0x0000000084500000, 0x0000000084500000| Untracked 
|  69|0x0000000084500000, 0x0000000084600000, 0x0000000084600000|100%| O|  |TAMS 0x0000000084600000, 0x0000000084600000| Untracked 
|  70|0x0000000084600000, 0x0000000084700000, 0x0000000084700000|100%| O|  |TAMS 0x0000000084700000, 0x0000000084700000| Untracked 
|  71|0x0000000084700000, 0x0000000084800000, 0x0000000084800000|100%| O|  |TAMS 0x0000000084800000, 0x0000000084800000| Untracked 
|  72|0x0000000084800000, 0x0000000084900000, 0x0000000084900000|100%| O|  |TAMS 0x0000000084800000, 0x0000000084900000| Untracked 
|  73|0x0000000084900000, 0x0000000084a00000, 0x0000000084a00000|100%| O|  |TAMS 0x0000000084a00000, 0x0000000084a00000| Untracked 
|  74|0x0000000084a00000, 0x0000000084a00000, 0x0000000084b00000|  0%| F|  |TAMS 0x0000000084a00000, 0x0000000084a00000| Untracked 
|  75|0x0000000084b00000, 0x0000000084c00000, 0x0000000084c00000|100%| O|  |TAMS 0x0000000084c00000, 0x0000000084c00000| Untracked 
|  76|0x0000000084c00000, 0x0000000084d00000, 0x0000000084d00000|100%| O|  |TAMS 0x0000000084d00000, 0x0000000084d00000| Untracked 
|  77|0x0000000084d00000, 0x0000000084e00000, 0x0000000084e00000|100%| O|  |TAMS 0x0000000084d00000, 0x0000000084e00000| Untracked 
|  78|0x0000000084e00000, 0x0000000084f00000, 0x0000000084f00000|100%| O|  |TAMS 0x0000000084f00000, 0x0000000084f00000| Untracked 
|  79|0x0000000084f00000, 0x0000000085000000, 0x0000000085000000|100%| O|  |TAMS 0x0000000084f00000, 0x0000000085000000| Untracked 
|  80|0x0000000085000000, 0x00000000850fae00, 0x0000000085100000| 97%| O|  |TAMS 0x0000000085000000, 0x00000000850fae00| Untracked 
|  81|0x0000000085100000, 0x0000000085200000, 0x0000000085200000|100%| O|  |TAMS 0x0000000085200000, 0x0000000085200000| Untracked 
|  82|0x0000000085200000, 0x0000000085200000, 0x0000000085300000|  0%| F|  |TAMS 0x0000000085200000, 0x0000000085200000| Untracked 
|  83|0x0000000085300000, 0x0000000085400000, 0x0000000085400000|100%| O|  |TAMS 0x0000000085400000, 0x0000000085400000| Untracked 
|  84|0x0000000085400000, 0x0000000085500000, 0x0000000085500000|100%| O|  |TAMS 0x0000000085500000, 0x0000000085500000| Untracked 
|  85|0x0000000085500000, 0x0000000085600000, 0x0000000085600000|100%| O|  |TAMS 0x0000000085600000, 0x0000000085600000| Untracked 
|  86|0x0000000085600000, 0x0000000085700000, 0x0000000085700000|100%| O|  |TAMS 0x0000000085630000, 0x0000000085700000| Untracked 
|  87|0x0000000085700000, 0x0000000085700000, 0x0000000085800000|  0%| F|  |TAMS 0x0000000085700000, 0x0000000085700000| Untracked 
|  88|0x0000000085800000, 0x0000000085800000, 0x0000000085900000|  0%| F|  |TAMS 0x0000000085800000, 0x0000000085800000| Untracked 
|  89|0x0000000085900000, 0x0000000085900000, 0x0000000085a00000|  0%| F|  |TAMS 0x0000000085900000, 0x0000000085900000| Untracked 
|  90|0x0000000085a00000, 0x0000000085a00000, 0x0000000085b00000|  0%| F|  |TAMS 0x0000000085a00000, 0x0000000085a00000| Untracked 
|  91|0x0000000085b00000, 0x0000000085b00000, 0x0000000085c00000|  0%| F|  |TAMS 0x0000000085b00000, 0x0000000085b00000| Untracked 
|  92|0x0000000085c00000, 0x0000000085c00000, 0x0000000085d00000|  0%| F|  |TAMS 0x0000000085c00000, 0x0000000085c00000| Untracked 
|  93|0x0000000085d00000, 0x0000000085d00000, 0x0000000085e00000|  0%| F|  |TAMS 0x0000000085d00000, 0x0000000085d00000| Untracked 
|  94|0x0000000085e00000, 0x0000000085e00000, 0x0000000085f00000|  0%| F|  |TAMS 0x0000000085e00000, 0x0000000085e00000| Untracked 
|  95|0x0000000085f00000, 0x0000000085f00000, 0x0000000086000000|  0%| F|  |TAMS 0x0000000085f00000, 0x0000000085f00000| Untracked 
|  96|0x0000000086000000, 0x0000000086000000, 0x0000000086100000|  0%| F|  |TAMS 0x0000000086000000, 0x0000000086000000| Untracked 
|  97|0x0000000086100000, 0x0000000086100000, 0x0000000086200000|  0%| F|  |TAMS 0x0000000086100000, 0x0000000086100000| Untracked 
|  98|0x0000000086200000, 0x0000000086200000, 0x0000000086300000|  0%| F|  |TAMS 0x0000000086200000, 0x0000000086200000| Untracked 
|  99|0x0000000086300000, 0x0000000086300000, 0x0000000086400000|  0%| F|  |TAMS 0x0000000086300000, 0x0000000086300000| Untracked 
| 100|0x0000000086400000, 0x0000000086400000, 0x0000000086500000|  0%| F|  |TAMS 0x0000000086400000, 0x0000000086400000| Untracked 
| 101|0x0000000086500000, 0x0000000086500000, 0x0000000086600000|  0%| F|  |TAMS 0x0000000086500000, 0x0000000086500000| Untracked 
| 102|0x0000000086600000, 0x0000000086600000, 0x0000000086700000|  0%| F|  |TAMS 0x0000000086600000, 0x0000000086600000| Untracked 
| 103|0x0000000086700000, 0x0000000086700000, 0x0000000086800000|  0%| F|  |TAMS 0x0000000086700000, 0x0000000086700000| Untracked 
| 104|0x0000000086800000, 0x0000000086800000, 0x0000000086900000|  0%| F|  |TAMS 0x0000000086800000, 0x0000000086800000| Untracked 
| 105|0x0000000086900000, 0x0000000086900000, 0x0000000086a00000|  0%| F|  |TAMS 0x0000000086900000, 0x0000000086900000| Untracked 
| 106|0x0000000086a00000, 0x0000000086a00000, 0x0000000086b00000|  0%| F|  |TAMS 0x0000000086a00000, 0x0000000086a00000| Untracked 
| 107|0x0000000086b00000, 0x0000000086b00000, 0x0000000086c00000|  0%| F|  |TAMS 0x0000000086b00000, 0x0000000086b00000| Untracked 
| 108|0x0000000086c00000, 0x0000000086c00000, 0x0000000086d00000|  0%| F|  |TAMS 0x0000000086c00000, 0x0000000086c00000| Untracked 
| 109|0x0000000086d00000, 0x0000000086d00000, 0x0000000086e00000|  0%| F|  |TAMS 0x0000000086d00000, 0x0000000086d00000| Untracked 
| 110|0x0000000086e00000, 0x0000000086e00000, 0x0000000086f00000|  0%| F|  |TAMS 0x0000000086e00000, 0x0000000086e00000| Untracked 
| 111|0x0000000086f00000, 0x0000000086f00000, 0x0000000087000000|  0%| F|  |TAMS 0x0000000086f00000, 0x0000000086f00000| Untracked 
| 112|0x0000000087000000, 0x0000000087000000, 0x0000000087100000|  0%| F|  |TAMS 0x0000000087000000, 0x0000000087000000| Untracked 
| 113|0x0000000087100000, 0x0000000087100000, 0x0000000087200000|  0%| F|  |TAMS 0x0000000087100000, 0x0000000087100000| Untracked 
| 114|0x0000000087200000, 0x0000000087200000, 0x0000000087300000|  0%| F|  |TAMS 0x0000000087200000, 0x0000000087200000| Untracked 
| 115|0x0000000087300000, 0x0000000087300000, 0x0000000087400000|  0%| F|  |TAMS 0x0000000087300000, 0x0000000087300000| Untracked 
| 116|0x0000000087400000, 0x0000000087400000, 0x0000000087500000|  0%| F|  |TAMS 0x0000000087400000, 0x0000000087400000| Untracked 
| 117|0x0000000087500000, 0x000000008754c930, 0x0000000087600000| 29%| S|CS|TAMS 0x0000000087500000, 0x0000000087500000| Complete 
| 118|0x0000000087600000, 0x0000000087700000, 0x0000000087700000|100%| S|CS|TAMS 0x0000000087600000, 0x0000000087600000| Complete 
| 119|0x0000000087700000, 0x0000000087800000, 0x0000000087800000|100%| S|CS|TAMS 0x0000000087700000, 0x0000000087700000| Complete 
| 120|0x0000000087800000, 0x0000000087800000, 0x0000000087900000|  0%| F|  |TAMS 0x0000000087800000, 0x0000000087800000| Untracked 
| 121|0x0000000087900000, 0x0000000087900000, 0x0000000087a00000|  0%| F|  |TAMS 0x0000000087900000, 0x0000000087900000| Untracked 
| 122|0x0000000087a00000, 0x0000000087a00000, 0x0000000087b00000|  0%| F|  |TAMS 0x0000000087a00000, 0x0000000087a00000| Untracked 
| 123|0x0000000087b00000, 0x0000000087b00000, 0x0000000087c00000|  0%| F|  |TAMS 0x0000000087b00000, 0x0000000087b00000| Untracked 
| 124|0x0000000087c00000, 0x0000000087c00000, 0x0000000087d00000|  0%| F|  |TAMS 0x0000000087c00000, 0x0000000087c00000| Untracked 
| 125|0x0000000087d00000, 0x0000000087d00000, 0x0000000087e00000|  0%| F|  |TAMS 0x0000000087d00000, 0x0000000087d00000| Untracked 
| 126|0x0000000087e00000, 0x0000000087e00000, 0x0000000087f00000|  0%| F|  |TAMS 0x0000000087e00000, 0x0000000087e00000| Untracked 
| 127|0x0000000087f00000, 0x0000000087f00000, 0x0000000088000000|  0%| F|  |TAMS 0x0000000087f00000, 0x0000000087f00000| Untracked 
| 128|0x0000000088000000, 0x0000000088000000, 0x0000000088100000|  0%| F|  |TAMS 0x0000000088000000, 0x0000000088000000| Untracked 
| 129|0x0000000088100000, 0x0000000088100000, 0x0000000088200000|  0%| F|  |TAMS 0x0000000088100000, 0x0000000088100000| Untracked 
| 130|0x0000000088200000, 0x0000000088200000, 0x0000000088300000|  0%| F|  |TAMS 0x0000000088200000, 0x0000000088200000| Untracked 
| 131|0x0000000088300000, 0x0000000088300000, 0x0000000088400000|  0%| F|  |TAMS 0x0000000088300000, 0x0000000088300000| Untracked 
| 132|0x0000000088400000, 0x0000000088400000, 0x0000000088500000|  0%| F|  |TAMS 0x0000000088400000, 0x0000000088400000| Untracked 
| 133|0x0000000088500000, 0x0000000088500000, 0x0000000088600000|  0%| F|  |TAMS 0x0000000088500000, 0x0000000088500000| Untracked 
| 134|0x0000000088600000, 0x0000000088600000, 0x0000000088700000|  0%| F|  |TAMS 0x0000000088600000, 0x0000000088600000| Untracked 
| 135|0x0000000088700000, 0x0000000088700000, 0x0000000088800000|  0%| F|  |TAMS 0x0000000088700000, 0x0000000088700000| Untracked 
| 136|0x0000000088800000, 0x0000000088800000, 0x0000000088900000|  0%| F|  |TAMS 0x0000000088800000, 0x0000000088800000| Untracked 
| 137|0x0000000088900000, 0x0000000088900000, 0x0000000088a00000|  0%| F|  |TAMS 0x0000000088900000, 0x0000000088900000| Untracked 
| 138|0x0000000088a00000, 0x0000000088a00000, 0x0000000088b00000|  0%| F|  |TAMS 0x0000000088a00000, 0x0000000088a00000| Untracked 
| 139|0x0000000088b00000, 0x0000000088b00000, 0x0000000088c00000|  0%| F|  |TAMS 0x0000000088b00000, 0x0000000088b00000| Untracked 
| 140|0x0000000088c00000, 0x0000000088c00000, 0x0000000088d00000|  0%| F|  |TAMS 0x0000000088c00000, 0x0000000088c00000| Untracked 
| 141|0x0000000088d00000, 0x0000000088d00000, 0x0000000088e00000|  0%| F|  |TAMS 0x0000000088d00000, 0x0000000088d00000| Untracked 
| 142|0x0000000088e00000, 0x0000000088e00000, 0x0000000088f00000|  0%| F|  |TAMS 0x0000000088e00000, 0x0000000088e00000| Untracked 
| 143|0x0000000088f00000, 0x0000000088f00000, 0x0000000089000000|  0%| F|  |TAMS 0x0000000088f00000, 0x0000000088f00000| Untracked 
| 144|0x0000000089000000, 0x0000000089000000, 0x0000000089100000|  0%| F|  |TAMS 0x0000000089000000, 0x0000000089000000| Untracked 
| 145|0x0000000089100000, 0x0000000089100000, 0x0000000089200000|  0%| F|  |TAMS 0x0000000089100000, 0x0000000089100000| Untracked 
| 146|0x0000000089200000, 0x0000000089200000, 0x0000000089300000|  0%| F|  |TAMS 0x0000000089200000, 0x0000000089200000| Untracked 
| 147|0x0000000089300000, 0x0000000089300000, 0x0000000089400000|  0%| F|  |TAMS 0x0000000089300000, 0x0000000089300000| Untracked 
| 148|0x0000000089400000, 0x0000000089400000, 0x0000000089500000|  0%| F|  |TAMS 0x0000000089400000, 0x0000000089400000| Untracked 
| 149|0x0000000089500000, 0x0000000089500000, 0x0000000089600000|  0%| F|  |TAMS 0x0000000089500000, 0x0000000089500000| Untracked 
| 150|0x0000000089600000, 0x0000000089600000, 0x0000000089700000|  0%| F|  |TAMS 0x0000000089600000, 0x0000000089600000| Untracked 
| 151|0x0000000089700000, 0x0000000089700000, 0x0000000089800000|  0%| F|  |TAMS 0x0000000089700000, 0x0000000089700000| Untracked 
| 152|0x0000000089800000, 0x0000000089800000, 0x0000000089900000|  0%| F|  |TAMS 0x0000000089800000, 0x0000000089800000| Untracked 
| 153|0x0000000089900000, 0x0000000089900000, 0x0000000089a00000|  0%| F|  |TAMS 0x0000000089900000, 0x0000000089900000| Untracked 
| 154|0x0000000089a00000, 0x0000000089a00000, 0x0000000089b00000|  0%| F|  |TAMS 0x0000000089a00000, 0x0000000089a00000| Untracked 
| 155|0x0000000089b00000, 0x0000000089b00000, 0x0000000089c00000|  0%| F|  |TAMS 0x0000000089b00000, 0x0000000089b00000| Untracked 
| 156|0x0000000089c00000, 0x0000000089c00000, 0x0000000089d00000|  0%| F|  |TAMS 0x0000000089c00000, 0x0000000089c00000| Untracked 
| 157|0x0000000089d00000, 0x0000000089d00000, 0x0000000089e00000|  0%| F|  |TAMS 0x0000000089d00000, 0x0000000089d00000| Untracked 
| 158|0x0000000089e00000, 0x0000000089e00000, 0x0000000089f00000|  0%| F|  |TAMS 0x0000000089e00000, 0x0000000089e00000| Untracked 
| 159|0x0000000089f00000, 0x0000000089f00000, 0x000000008a000000|  0%| F|  |TAMS 0x0000000089f00000, 0x0000000089f00000| Untracked 
| 160|0x000000008a000000, 0x000000008a000000, 0x000000008a100000|  0%| F|  |TAMS 0x000000008a000000, 0x000000008a000000| Untracked 
| 161|0x000000008a100000, 0x000000008a100000, 0x000000008a200000|  0%| F|  |TAMS 0x000000008a100000, 0x000000008a100000| Untracked 
| 162|0x000000008a200000, 0x000000008a200000, 0x000000008a300000|  0%| F|  |TAMS 0x000000008a200000, 0x000000008a200000| Untracked 
| 163|0x000000008a300000, 0x000000008a300000, 0x000000008a400000|  0%| F|  |TAMS 0x000000008a300000, 0x000000008a300000| Untracked 
| 164|0x000000008a400000, 0x000000008a400000, 0x000000008a500000|  0%| F|  |TAMS 0x000000008a400000, 0x000000008a400000| Untracked 
| 165|0x000000008a500000, 0x000000008a500000, 0x000000008a600000|  0%| F|  |TAMS 0x000000008a500000, 0x000000008a500000| Untracked 
| 166|0x000000008a600000, 0x000000008a600000, 0x000000008a700000|  0%| F|  |TAMS 0x000000008a600000, 0x000000008a600000| Untracked 
| 167|0x000000008a700000, 0x000000008a700000, 0x000000008a800000|  0%| F|  |TAMS 0x000000008a700000, 0x000000008a700000| Untracked 
| 168|0x000000008a800000, 0x000000008a800000, 0x000000008a900000|  0%| F|  |TAMS 0x000000008a800000, 0x000000008a800000| Untracked 
| 169|0x000000008a900000, 0x000000008a900000, 0x000000008aa00000|  0%| F|  |TAMS 0x000000008a900000, 0x000000008a900000| Untracked 
| 170|0x000000008aa00000, 0x000000008aa00000, 0x000000008ab00000|  0%| F|  |TAMS 0x000000008aa00000, 0x000000008aa00000| Untracked 
| 171|0x000000008ab00000, 0x000000008ab00000, 0x000000008ac00000|  0%| F|  |TAMS 0x000000008ab00000, 0x000000008ab00000| Untracked 
| 172|0x000000008ac00000, 0x000000008ac00000, 0x000000008ad00000|  0%| F|  |TAMS 0x000000008ac00000, 0x000000008ac00000| Untracked 
| 173|0x000000008ad00000, 0x000000008ad00000, 0x000000008ae00000|  0%| F|  |TAMS 0x000000008ad00000, 0x000000008ad00000| Untracked 
| 174|0x000000008ae00000, 0x000000008ae00000, 0x000000008af00000|  0%| F|  |TAMS 0x000000008ae00000, 0x000000008ae00000| Untracked 
| 175|0x000000008af00000, 0x000000008af00000, 0x000000008b000000|  0%| F|  |TAMS 0x000000008af00000, 0x000000008af00000| Untracked 
| 176|0x000000008b000000, 0x000000008b000000, 0x000000008b100000|  0%| F|  |TAMS 0x000000008b000000, 0x000000008b000000| Untracked 
| 177|0x000000008b100000, 0x000000008b100000, 0x000000008b200000|  0%| F|  |TAMS 0x000000008b100000, 0x000000008b100000| Untracked 
| 178|0x000000008b200000, 0x000000008b200000, 0x000000008b300000|  0%| F|  |TAMS 0x000000008b200000, 0x000000008b200000| Untracked 
| 179|0x000000008b300000, 0x000000008b300000, 0x000000008b400000|  0%| F|  |TAMS 0x000000008b300000, 0x000000008b300000| Untracked 
| 180|0x000000008b400000, 0x000000008b400000, 0x000000008b500000|  0%| F|  |TAMS 0x000000008b400000, 0x000000008b400000| Untracked 
| 181|0x000000008b500000, 0x000000008b500000, 0x000000008b600000|  0%| F|  |TAMS 0x000000008b500000, 0x000000008b500000| Untracked 
| 182|0x000000008b600000, 0x000000008b600000, 0x000000008b700000|  0%| F|  |TAMS 0x000000008b600000, 0x000000008b600000| Untracked 
| 183|0x000000008b700000, 0x000000008b700000, 0x000000008b800000|  0%| F|  |TAMS 0x000000008b700000, 0x000000008b700000| Untracked 
| 184|0x000000008b800000, 0x000000008b800000, 0x000000008b900000|  0%| F|  |TAMS 0x000000008b800000, 0x000000008b800000| Untracked 
| 185|0x000000008b900000, 0x000000008b900000, 0x000000008ba00000|  0%| F|  |TAMS 0x000000008b900000, 0x000000008b900000| Untracked 
| 186|0x000000008ba00000, 0x000000008ba00000, 0x000000008bb00000|  0%| F|  |TAMS 0x000000008ba00000, 0x000000008ba00000| Untracked 
| 187|0x000000008bb00000, 0x000000008bb00000, 0x000000008bc00000|  0%| F|  |TAMS 0x000000008bb00000, 0x000000008bb00000| Untracked 
| 188|0x000000008bc00000, 0x000000008bc00000, 0x000000008bd00000|  0%| F|  |TAMS 0x000000008bc00000, 0x000000008bc00000| Untracked 
| 189|0x000000008bd00000, 0x000000008bd00000, 0x000000008be00000|  0%| F|  |TAMS 0x000000008bd00000, 0x000000008bd00000| Untracked 
| 190|0x000000008be00000, 0x000000008be00000, 0x000000008bf00000|  0%| F|  |TAMS 0x000000008be00000, 0x000000008be00000| Untracked 
| 191|0x000000008bf00000, 0x000000008bf00000, 0x000000008c000000|  0%| F|  |TAMS 0x000000008bf00000, 0x000000008bf00000| Untracked 
| 192|0x000000008c000000, 0x000000008c000000, 0x000000008c100000|  0%| F|  |TAMS 0x000000008c000000, 0x000000008c000000| Untracked 
| 193|0x000000008c100000, 0x000000008c100000, 0x000000008c200000|  0%| F|  |TAMS 0x000000008c100000, 0x000000008c100000| Untracked 
| 194|0x000000008c200000, 0x000000008c200000, 0x000000008c300000|  0%| F|  |TAMS 0x000000008c200000, 0x000000008c200000| Untracked 
| 195|0x000000008c300000, 0x000000008c300000, 0x000000008c400000|  0%| F|  |TAMS 0x000000008c300000, 0x000000008c300000| Untracked 
| 196|0x000000008c400000, 0x000000008c400000, 0x000000008c500000|  0%| F|  |TAMS 0x000000008c400000, 0x000000008c400000| Untracked 
| 197|0x000000008c500000, 0x000000008c500000, 0x000000008c600000|  0%| F|  |TAMS 0x000000008c500000, 0x000000008c500000| Untracked 
| 198|0x000000008c600000, 0x000000008c600000, 0x000000008c700000|  0%| F|  |TAMS 0x000000008c600000, 0x000000008c600000| Untracked 
| 199|0x000000008c700000, 0x000000008c700000, 0x000000008c800000|  0%| F|  |TAMS 0x000000008c700000, 0x000000008c700000| Untracked 
| 200|0x000000008c800000, 0x000000008c800000, 0x000000008c900000|  0%| F|  |TAMS 0x000000008c800000, 0x000000008c800000| Untracked 
| 201|0x000000008c900000, 0x000000008c900000, 0x000000008ca00000|  0%| F|  |TAMS 0x000000008c900000, 0x000000008c900000| Untracked 
| 202|0x000000008ca00000, 0x000000008ca00000, 0x000000008cb00000|  0%| F|  |TAMS 0x000000008ca00000, 0x000000008ca00000| Untracked 
| 203|0x000000008cb00000, 0x000000008cb00000, 0x000000008cc00000|  0%| F|  |TAMS 0x000000008cb00000, 0x000000008cb00000| Untracked 
| 204|0x000000008cc00000, 0x000000008cc00000, 0x000000008cd00000|  0%| F|  |TAMS 0x000000008cc00000, 0x000000008cc00000| Untracked 
| 205|0x000000008cd00000, 0x000000008cd00000, 0x000000008ce00000|  0%| F|  |TAMS 0x000000008cd00000, 0x000000008cd00000| Untracked 
| 206|0x000000008ce00000, 0x000000008ce00000, 0x000000008cf00000|  0%| F|  |TAMS 0x000000008ce00000, 0x000000008ce00000| Untracked 
| 207|0x000000008cf00000, 0x000000008cf00000, 0x000000008d000000|  0%| F|  |TAMS 0x000000008cf00000, 0x000000008cf00000| Untracked 
| 208|0x000000008d000000, 0x000000008d000000, 0x000000008d100000|  0%| F|  |TAMS 0x000000008d000000, 0x000000008d000000| Untracked 
| 209|0x000000008d100000, 0x000000008d100000, 0x000000008d200000|  0%| F|  |TAMS 0x000000008d100000, 0x000000008d100000| Untracked 
| 210|0x000000008d200000, 0x000000008d200000, 0x000000008d300000|  0%| F|  |TAMS 0x000000008d200000, 0x000000008d200000| Untracked 
| 211|0x000000008d300000, 0x000000008d300000, 0x000000008d400000|  0%| F|  |TAMS 0x000000008d300000, 0x000000008d300000| Untracked 
| 212|0x000000008d400000, 0x000000008d400000, 0x000000008d500000|  0%| F|  |TAMS 0x000000008d400000, 0x000000008d400000| Untracked 
| 213|0x000000008d500000, 0x000000008d500000, 0x000000008d600000|  0%| F|  |TAMS 0x000000008d500000, 0x000000008d500000| Untracked 
| 214|0x000000008d600000, 0x000000008d600000, 0x000000008d700000|  0%| F|  |TAMS 0x000000008d600000, 0x000000008d600000| Untracked 
| 215|0x000000008d700000, 0x000000008d700000, 0x000000008d800000|  0%| F|  |TAMS 0x000000008d700000, 0x000000008d700000| Untracked 
| 216|0x000000008d800000, 0x000000008d800000, 0x000000008d900000|  0%| F|  |TAMS 0x000000008d800000, 0x000000008d800000| Untracked 
| 217|0x000000008d900000, 0x000000008d900000, 0x000000008da00000|  0%| F|  |TAMS 0x000000008d900000, 0x000000008d900000| Untracked 
| 218|0x000000008da00000, 0x000000008da00000, 0x000000008db00000|  0%| F|  |TAMS 0x000000008da00000, 0x000000008da00000| Untracked 
| 219|0x000000008db00000, 0x000000008db00000, 0x000000008dc00000|  0%| F|  |TAMS 0x000000008db00000, 0x000000008db00000| Untracked 
| 220|0x000000008dc00000, 0x000000008dc00000, 0x000000008dd00000|  0%| F|  |TAMS 0x000000008dc00000, 0x000000008dc00000| Untracked 
| 221|0x000000008dd00000, 0x000000008dd00000, 0x000000008de00000|  0%| F|  |TAMS 0x000000008dd00000, 0x000000008dd00000| Untracked 
| 222|0x000000008de00000, 0x000000008de00000, 0x000000008df00000|  0%| F|  |TAMS 0x000000008de00000, 0x000000008de00000| Untracked 
| 223|0x000000008df00000, 0x000000008df00000, 0x000000008e000000|  0%| F|  |TAMS 0x000000008df00000, 0x000000008df00000| Untracked 
| 224|0x000000008e000000, 0x000000008e000000, 0x000000008e100000|  0%| F|  |TAMS 0x000000008e000000, 0x000000008e000000| Untracked 
| 225|0x000000008e100000, 0x000000008e100000, 0x000000008e200000|  0%| F|  |TAMS 0x000000008e100000, 0x000000008e100000| Untracked 
| 226|0x000000008e200000, 0x000000008e200000, 0x000000008e300000|  0%| F|  |TAMS 0x000000008e200000, 0x000000008e200000| Untracked 
| 227|0x000000008e300000, 0x000000008e300000, 0x000000008e400000|  0%| F|  |TAMS 0x000000008e300000, 0x000000008e300000| Untracked 
| 228|0x000000008e400000, 0x000000008e400000, 0x000000008e500000|  0%| F|  |TAMS 0x000000008e400000, 0x000000008e400000| Untracked 
| 229|0x000000008e500000, 0x000000008e500000, 0x000000008e600000|  0%| F|  |TAMS 0x000000008e500000, 0x000000008e500000| Untracked 
| 230|0x000000008e600000, 0x000000008e600000, 0x000000008e700000|  0%| F|  |TAMS 0x000000008e600000, 0x000000008e600000| Untracked 
| 231|0x000000008e700000, 0x000000008e700000, 0x000000008e800000|  0%| F|  |TAMS 0x000000008e700000, 0x000000008e700000| Untracked 
| 232|0x000000008e800000, 0x000000008e800000, 0x000000008e900000|  0%| F|  |TAMS 0x000000008e800000, 0x000000008e800000| Untracked 
| 233|0x000000008e900000, 0x000000008e900000, 0x000000008ea00000|  0%| F|  |TAMS 0x000000008e900000, 0x000000008e900000| Untracked 
| 234|0x000000008ea00000, 0x000000008ea00000, 0x000000008eb00000|  0%| F|  |TAMS 0x000000008ea00000, 0x000000008ea00000| Untracked 
| 235|0x000000008eb00000, 0x000000008eb00000, 0x000000008ec00000|  0%| F|  |TAMS 0x000000008eb00000, 0x000000008eb00000| Untracked 
| 236|0x000000008ec00000, 0x000000008ec00000, 0x000000008ed00000|  0%| F|  |TAMS 0x000000008ec00000, 0x000000008ec00000| Untracked 
| 237|0x000000008ed00000, 0x000000008ed00000, 0x000000008ee00000|  0%| F|  |TAMS 0x000000008ed00000, 0x000000008ed00000| Untracked 
| 238|0x000000008ee00000, 0x000000008ee00000, 0x000000008ef00000|  0%| F|  |TAMS 0x000000008ee00000, 0x000000008ee00000| Untracked 
| 239|0x000000008ef00000, 0x000000008ef00000, 0x000000008f000000|  0%| F|  |TAMS 0x000000008ef00000, 0x000000008ef00000| Untracked 
| 240|0x000000008f000000, 0x000000008f000000, 0x000000008f100000|  0%| F|  |TAMS 0x000000008f000000, 0x000000008f000000| Untracked 
| 241|0x000000008f100000, 0x000000008f100000, 0x000000008f200000|  0%| F|  |TAMS 0x000000008f100000, 0x000000008f100000| Untracked 
| 242|0x000000008f200000, 0x000000008f200000, 0x000000008f300000|  0%| F|  |TAMS 0x000000008f200000, 0x000000008f200000| Untracked 
| 243|0x000000008f300000, 0x000000008f300000, 0x000000008f400000|  0%| F|  |TAMS 0x000000008f300000, 0x000000008f300000| Untracked 
| 244|0x000000008f400000, 0x000000008f400000, 0x000000008f500000|  0%| F|  |TAMS 0x000000008f400000, 0x000000008f400000| Untracked 
| 245|0x000000008f500000, 0x000000008f500000, 0x000000008f600000|  0%| F|  |TAMS 0x000000008f500000, 0x000000008f500000| Untracked 
| 246|0x000000008f600000, 0x000000008f600000, 0x000000008f700000|  0%| F|  |TAMS 0x000000008f600000, 0x000000008f600000| Untracked 
| 247|0x000000008f700000, 0x000000008f700000, 0x000000008f800000|  0%| F|  |TAMS 0x000000008f700000, 0x000000008f700000| Untracked 
| 248|0x000000008f800000, 0x000000008f800000, 0x000000008f900000|  0%| F|  |TAMS 0x000000008f800000, 0x000000008f800000| Untracked 
| 249|0x000000008f900000, 0x000000008f900000, 0x000000008fa00000|  0%| F|  |TAMS 0x000000008f900000, 0x000000008f900000| Untracked 
| 250|0x000000008fa00000, 0x000000008fa00000, 0x000000008fb00000|  0%| F|  |TAMS 0x000000008fa00000, 0x000000008fa00000| Untracked 
| 251|0x000000008fb00000, 0x000000008fb00000, 0x000000008fc00000|  0%| F|  |TAMS 0x000000008fb00000, 0x000000008fb00000| Untracked 
| 252|0x000000008fc00000, 0x000000008fc00000, 0x000000008fd00000|  0%| F|  |TAMS 0x000000008fc00000, 0x000000008fc00000| Untracked 
| 253|0x000000008fd00000, 0x000000008fd00000, 0x000000008fe00000|  0%| F|  |TAMS 0x000000008fd00000, 0x000000008fd00000| Untracked 

Card table byte_map: [0x000002c2acc70000,0x000002c2ad070000] _byte_map_base: 0x000002c2ac870000

Marking Bits (Prev, Next): (CMBitMap*) 0x000002c295d04820, (CMBitMap*) 0x000002c295d04860
 Prev Bits: [0x000002c2ad470000, 0x000002c2af470000)
 Next Bits: [0x000002c2af470000, 0x000002c2b1470000)

Polling page: 0x000002c293c40000

Metaspace:

Usage:
  Non-class:     64.35 MB used.
      Class:     10.45 MB used.
       Both:     74.81 MB used.

Virtual space:
  Non-class space:      128.00 MB reserved,      64.75 MB ( 51%) committed,  2 nodes.
      Class space:      416.00 MB reserved,      10.81 MB (  3%) committed,  1 nodes.
             Both:      544.00 MB reserved,      75.56 MB ( 14%) committed. 

Chunk freelists:
   Non-Class:  15.24 MB
       Class:  5.23 MB
        Both:  20.48 MB

MaxMetaspaceSize: 512.00 MB
CompressedClassSpaceSize: 416.00 MB
Initial GC threshold: 21.00 MB
Current GC threshold: 119.81 MB
CDS: on
MetaspaceReclaimPolicy: balanced
 - commit_granule_bytes: 65536.
 - commit_granule_words: 8192.
 - virtual_space_node_default_size: 8388608.
 - enlarge_chunks_in_place: 1.
 - new_chunks_are_fully_committed: 0.
 - uncommit_free_chunks: 1.
 - use_allocation_guard: 0.
 - handle_deallocations: 1.


Internal statistics:

num_allocs_failed_limit: 6.
num_arena_births: 888.
num_arena_deaths: 0.
num_vsnodes_births: 3.
num_vsnodes_deaths: 0.
num_space_committed: 1209.
num_space_uncommitted: 0.
num_chunks_returned_to_freelist: 6.
num_chunks_taken_from_freelist: 3989.
num_chunk_merges: 6.
num_chunk_splits: 2683.
num_chunks_enlarged: 1835.
num_inconsistent_stats: 0.

CodeHeap 'non-profiled nmethods': size=120000Kb used=5212Kb max_used=5212Kb free=114787Kb
 bounds [0x000002c2a5010000, 0x000002c2a5530000, 0x000002c2ac540000]
CodeHeap 'profiled nmethods': size=120000Kb used=16209Kb max_used=16209Kb free=103790Kb
 bounds [0x000002c29d540000, 0x000002c29e520000, 0x000002c2a4a70000]
CodeHeap 'non-nmethods': size=5760Kb used=2375Kb max_used=2487Kb free=3384Kb
 bounds [0x000002c2a4a70000, 0x000002c2a4d00000, 0x000002c2a5010000]
 total_blobs=9122 nmethods=8222 adapters=812
 compilation: enabled
              stopped_count=0, restarted_count=0
 full_count=0

Compilation events (20 events):
Event: 12.959 Thread 0x000002c2b3ee7650 8979       3       java.beans.PropertyDescriptor::getPropertyEditorClass (22 bytes)
Event: 12.959 Thread 0x000002c2b3ee7650 nmethod 8979 0x000002c29e502710 code [0x000002c29e5028c0, 0x000002c29e502c08]
Event: 12.960 Thread 0x000002c2b3ee7650 8982       3       java.beans.PropertyDescriptor::isAssignable (148 bytes)
Event: 12.963 Thread 0x000002c2b3ee7650 nmethod 8982 0x000002c29e502d10 code [0x000002c29e503480, 0x000002c29e507a58]
Event: 12.963 Thread 0x000002c2b3ee7650 8985       3       java.util.AbstractSequentialList::iterator (5 bytes)
Event: 12.964 Thread 0x000002c2b3ee7650 nmethod 8985 0x000002c29e508f10 code [0x000002c29e5090c0, 0x000002c29e509368]
Event: 12.964 Thread 0x000002c2b3ee7650 8983   !   3       java.beans.PropertyDescriptor::<init> (349 bytes)
Event: 12.965 Thread 0x000002c2d8105bd0 nmethod 8974 0x000002c2a551fa90 code [0x000002c2a551fc80, 0x000002c2a5520b50]
Event: 12.965 Thread 0x000002c2d8105bd0 8976       4       java.beans.Introspector::addMethod (196 bytes)
Event: 12.968 Thread 0x000002c2b3ee7650 nmethod 8983 0x000002c29e509410 code [0x000002c29e509d20, 0x000002c29e50ff28]
Event: 12.968 Thread 0x000002c2b3ee7650 8984       3       java.beans.PropertyDescriptor::setPropertyEditorClass (9 bytes)
Event: 12.968 Thread 0x000002c2b3ee7650 nmethod 8984 0x000002c29e511d10 code [0x000002c29e511ee0, 0x000002c29e512288]
Event: 12.969 Thread 0x000002c2b3ee7650 8986       3       org.apache.groovy.util.BeanUtils::decapitalize (68 bytes)
Event: 12.970 Thread 0x000002c2b3ee7650 nmethod 8986 0x000002c29e512410 code [0x000002c29e512780, 0x000002c29e513ce8]
Event: 12.983 Thread 0x000002c2d8106670 nmethod 8961 0x000002c2a5521210 code [0x000002c2a5521640, 0x000002c2a5524c48]
Event: 12.983 Thread 0x000002c2d8106670 8987       4       java.lang.Character::toLowerCase (6 bytes)
Event: 12.984 Thread 0x000002c2d8106670 nmethod 8987 0x000002c2a5526a90 code [0x000002c2a5526c20, 0x000002c2a5526d58]
Event: 12.985 Thread 0x000002c2d8106670 8981       4       java.beans.FeatureDescriptor::getClass0 (22 bytes)
Event: 12.985 Thread 0x000002c2d8106670 nmethod 8981 0x000002c2a5526e90 code [0x000002c2a5527020, 0x000002c2a5527138]
Event: 12.985 Thread 0x000002c2d8106670 8980       4       java.lang.reflect.Method::getGenericParameterTypes (5 bytes)

GC Heap History (20 events):
Event: 11.041 GC heap after
{Heap after GC invocations=20 (full 0):
 garbage-first heap   total 117760K, used 64627K [0x0000000080000000, 0x0000000100000000)
  region size 1024K, 5 young (5120K), 5 survivors (5120K)
 Metaspace       used 63245K, committed 63936K, reserved 491520K
  class space    used 8981K, committed 9280K, reserved 425984K
}
Event: 11.344 GC heap before
{Heap before GC invocations=20 (full 0):
 garbage-first heap   total 117760K, used 87155K [0x0000000080000000, 0x0000000100000000)
  region size 1024K, 29 young (29696K), 5 survivors (5120K)
 Metaspace       used 64376K, committed 65088K, reserved 491520K
  class space    used 9172K, committed 9536K, reserved 425984K
}
Event: 11.350 GC heap after
{Heap after GC invocations=21 (full 0):
 garbage-first heap   total 117760K, used 66669K [0x0000000080000000, 0x0000000100000000)
  region size 1024K, 2 young (2048K), 2 survivors (2048K)
 Metaspace       used 64376K, committed 65088K, reserved 491520K
  class space    used 9172K, committed 9536K, reserved 425984K
}
Event: 11.424 GC heap before
{Heap before GC invocations=22 (full 0):
 garbage-first heap   total 122880K, used 76909K [0x0000000080000000, 0x0000000100000000)
  region size 1024K, 10 young (10240K), 2 survivors (2048K)
 Metaspace       used 64403K, committed 65088K, reserved 491520K
  class space    used 9174K, committed 9536K, reserved 425984K
}
Event: 11.426 GC heap after
{Heap after GC invocations=23 (full 0):
 garbage-first heap   total 122880K, used 74741K [0x0000000080000000, 0x0000000100000000)
  region size 1024K, 4 young (4096K), 4 survivors (4096K)
 Metaspace       used 64403K, committed 65088K, reserved 491520K
  class space    used 9174K, committed 9536K, reserved 425984K
}
Event: 11.562 GC heap before
{Heap before GC invocations=24 (full 0):
 garbage-first heap   total 133120K, used 92149K [0x0000000080000000, 0x0000000100000000)
  region size 1024K, 21 young (21504K), 4 survivors (4096K)
 Metaspace       used 65540K, committed 66240K, reserved 491520K
  class space    used 9326K, committed 9664K, reserved 425984K
}
Event: 11.564 GC heap after
{Heap after GC invocations=25 (full 0):
 garbage-first heap   total 133120K, used 77939K [0x0000000080000000, 0x0000000100000000)
  region size 1024K, 2 young (2048K), 2 survivors (2048K)
 Metaspace       used 65540K, committed 66240K, reserved 491520K
  class space    used 9326K, committed 9664K, reserved 425984K
}
Event: 11.740 GC heap before
{Heap before GC invocations=25 (full 0):
 garbage-first heap   total 133120K, used 98419K [0x0000000080000000, 0x0000000100000000)
  region size 1024K, 23 young (23552K), 2 survivors (2048K)
 Metaspace       used 67447K, committed 68096K, reserved 491520K
  class space    used 9518K, committed 9856K, reserved 425984K
}
Event: 11.742 GC heap after
{Heap after GC invocations=26 (full 0):
 garbage-first heap   total 159744K, used 79022K [0x0000000080000000, 0x0000000100000000)
  region size 1024K, 1 young (1024K), 1 survivors (1024K)
 Metaspace       used 67447K, committed 68096K, reserved 491520K
  class space    used 9518K, committed 9856K, reserved 425984K
}
Event: 12.095 GC heap before
{Heap before GC invocations=27 (full 0):
 garbage-first heap   total 159744K, used 121006K [0x0000000080000000, 0x0000000100000000)
  region size 1024K, 36 young (36864K), 1 survivors (1024K)
 Metaspace       used 70312K, committed 70976K, reserved 491520K
  class space    used 9859K, committed 10176K, reserved 425984K
}
Event: 12.099 GC heap after
{Heap after GC invocations=28 (full 0):
 garbage-first heap   total 159744K, used 87442K [0x0000000080000000, 0x0000000100000000)
  region size 1024K, 5 young (5120K), 5 survivors (5120K)
 Metaspace       used 70312K, committed 70976K, reserved 491520K
  class space    used 9859K, committed 10176K, reserved 425984K
}
Event: 12.102 GC heap before
{Heap before GC invocations=28 (full 0):
 garbage-first heap   total 159744K, used 89490K [0x0000000080000000, 0x0000000100000000)
  region size 1024K, 7 young (7168K), 5 survivors (5120K)
 Metaspace       used 70312K, committed 70976K, reserved 491520K
  class space    used 9859K, committed 10176K, reserved 425984K
}
Event: 12.105 GC heap after
{Heap after GC invocations=29 (full 0):
 garbage-first heap   total 159744K, used 88256K [0x0000000080000000, 0x0000000100000000)
  region size 1024K, 1 young (1024K), 1 survivors (1024K)
 Metaspace       used 70312K, committed 70976K, reserved 491520K
  class space    used 9859K, committed 10176K, reserved 425984K
}
Event: 12.405 GC heap before
{Heap before GC invocations=29 (full 0):
 garbage-first heap   total 159744K, used 120000K [0x0000000080000000, 0x0000000100000000)
  region size 1024K, 32 young (32768K), 1 survivors (1024K)
 Metaspace       used 72512K, committed 73216K, reserved 491520K
  class space    used 10151K, committed 10496K, reserved 425984K
}
Event: 12.408 GC heap after
{Heap after GC invocations=30 (full 0):
 garbage-first heap   total 159744K, used 90887K [0x0000000080000000, 0x0000000100000000)
  region size 1024K, 4 young (4096K), 4 survivors (4096K)
 Metaspace       used 72512K, committed 73216K, reserved 491520K
  class space    used 10151K, committed 10496K, reserved 425984K
}
Event: 12.734 GC heap before
{Heap before GC invocations=31 (full 0):
 garbage-first heap   total 159744K, used 118535K [0x0000000080000000, 0x0000000100000000)
  region size 1024K, 35 young (35840K), 4 survivors (4096K)
 Metaspace       used 74884K, committed 75584K, reserved 491520K
  class space    used 10469K, committed 10816K, reserved 425984K
}
Event: 12.738 GC heap after
{Heap after GC invocations=32 (full 0):
 garbage-first heap   total 159744K, used 87799K [0x0000000080000000, 0x0000000100000000)
  region size 1024K, 4 young (4096K), 4 survivors (4096K)
 Metaspace       used 74884K, committed 75584K, reserved 491520K
  class space    used 10469K, committed 10816K, reserved 425984K
}
Event: 12.756 GC heap before
{Heap before GC invocations=32 (full 0):
 garbage-first heap   total 159744K, used 89847K [0x0000000080000000, 0x0000000100000000)
  region size 1024K, 7 young (7168K), 4 survivors (4096K)
 Metaspace       used 75144K, committed 75776K, reserved 491520K
  class space    used 10497K, committed 10816K, reserved 425984K
}
Event: 12.758 GC heap after
{Heap after GC invocations=33 (full 0):
 garbage-first heap   total 159744K, used 87475K [0x0000000080000000, 0x0000000100000000)
  region size 1024K, 1 young (1024K), 1 survivors (1024K)
 Metaspace       used 75144K, committed 75776K, reserved 491520K
  class space    used 10497K, committed 10816K, reserved 425984K
}
Event: 13.021 GC heap before
{Heap before GC invocations=33 (full 0):
 garbage-first heap   total 159744K, used 123315K [0x0000000080000000, 0x0000000100000000)
  region size 1024K, 36 young (36864K), 1 survivors (1024K)
 Metaspace       used 76601K, committed 77376K, reserved 557056K
  class space    used 10702K, committed 11072K, reserved 425984K
}

Deoptimization events (20 events):
Event: 12.609 Thread 0x000002c2d607ce90 Uncommon trap: trap_request=0xffffff45 fr.pc=0x000002c2a54b0590 relative=0x0000000000000550
Event: 12.609 Thread 0x000002c2d607ce90 Uncommon trap: reason=unstable_if action=reinterpret pc=0x000002c2a54b0590 method=org.objectweb.asm.MethodWriter.computeMethodInfoSize()I @ 342 c2
Event: 12.609 Thread 0x000002c2d607ce90 DEOPT PACKING pc=0x000002c2a54b0590 sp=0x000000e54a2f1e50
Event: 12.609 Thread 0x000002c2d607ce90 DEOPT UNPACKING pc=0x000002c2a4ac23a3 sp=0x000000e54a2f1de8 mode 2
Event: 12.609 Thread 0x000002c2d607ce90 Uncommon trap: trap_request=0xffffff45 fr.pc=0x000002c2a54b7018 relative=0x0000000000001d78
Event: 12.609 Thread 0x000002c2d607ce90 Uncommon trap: reason=unstable_if action=reinterpret pc=0x000002c2a54b7018 method=org.objectweb.asm.MethodWriter.putMethodInfo(Lorg/objectweb/asm/ByteVector;)V @ 108 c2
Event: 12.609 Thread 0x000002c2d607ce90 DEOPT PACKING pc=0x000002c2a54b7018 sp=0x000000e54a2f1e00
Event: 12.609 Thread 0x000002c2d607ce90 DEOPT UNPACKING pc=0x000002c2a4ac23a3 sp=0x000000e54a2f1db8 mode 2
Event: 12.611 Thread 0x000002c2d607ce90 DEOPT PACKING pc=0x000002c29db732e6 sp=0x000000e54a2f2120
Event: 12.611 Thread 0x000002c2d607ce90 DEOPT UNPACKING pc=0x000002c2a4ac2b43 sp=0x000000e54a2f15e8 mode 0
Event: 12.665 Thread 0x000002c2d607ce90 DEOPT PACKING pc=0x000002c29de39109 sp=0x000000e54a2f30e0
Event: 12.665 Thread 0x000002c2d607ce90 DEOPT UNPACKING pc=0x000002c2a4ac2b43 sp=0x000000e54a2f25d8 mode 0
Event: 12.752 Thread 0x000002c2d607ce90 Uncommon trap: trap_request=0xffffff45 fr.pc=0x000002c2a503d0c4 relative=0x0000000000002524
Event: 12.752 Thread 0x000002c2d607ce90 Uncommon trap: reason=unstable_if action=reinterpret pc=0x000002c2a503d0c4 method=sun.net.www.protocol.jar.Handler.parseURL(Ljava/net/URL;Ljava/lang/String;II)V @ 116 c2
Event: 12.752 Thread 0x000002c2d607ce90 DEOPT PACKING pc=0x000002c2a503d0c4 sp=0x000000e54a2f3b30
Event: 12.752 Thread 0x000002c2d607ce90 DEOPT UNPACKING pc=0x000002c2a4ac23a3 sp=0x000000e54a2f3ad0 mode 2
Event: 12.945 Thread 0x000002c2d607ce90 Uncommon trap: trap_request=0xffffff45 fr.pc=0x000002c2a503106c relative=0x00000000000004ac
Event: 12.945 Thread 0x000002c2d607ce90 Uncommon trap: reason=unstable_if action=reinterpret pc=0x000002c2a503106c method=java.util.StringJoiner.add(Ljava/lang/CharSequence;)Ljava/util/StringJoiner; @ 33 c2
Event: 12.945 Thread 0x000002c2d607ce90 DEOPT PACKING pc=0x000002c2a503106c sp=0x000000e54a2f3060
Event: 12.945 Thread 0x000002c2d607ce90 DEOPT UNPACKING pc=0x000002c2a4ac23a3 sp=0x000000e54a2f3010 mode 2

Classes unloaded (0 events):
No events

Classes redefined (0 events):
No events

Internal exceptions (20 events):
Event: 12.871 Thread 0x000002c2d607ce90 Exception <a 'java/lang/ClassNotFoundException'{0x0000000088d9a5b8}: org/jetbrains/kotlin/gradle/targets/js/npm/NpmDependencyExtensionDelegateCustomizer> (0x0000000088d9a5b8) 
thrown [s\open\src\hotspot\share\classfile\systemDictionary.cpp, line 256]
Event: 12.872 Thread 0x000002c2d607ce90 Exception <a 'java/lang/ClassNotFoundException'{0x0000000088dc0338}: org/jetbrains/kotlin/gradle/targets/js/npm/NpmDependencyExtensionKt$defaultNpmDependencyDelegate$1Customizer> (0x0000000088dc0338) 
thrown [s\open\src\hotspot\share\classfile\systemDictionary.cpp, line 256]
Event: 12.873 Thread 0x000002c2d607ce90 Exception <a 'java/lang/ClassNotFoundException'{0x0000000088df8f20}: org/jetbrains/kotlin/gradle/targets/js/npm/DefaultDevNpmDependencyExtensionBeanInfo> (0x0000000088df8f20) 
thrown [s\open\src\hotspot\share\classfile\systemDictionary.cpp, line 256]
Event: 12.873 Thread 0x000002c2d607ce90 Exception <a 'java/lang/ClassNotFoundException'{0x0000000088c04540}: org/jetbrains/kotlin/gradle/targets/js/npm/DefaultDevNpmDependencyExtensionCustomizer> (0x0000000088c04540) 
thrown [s\open\src\hotspot\share\classfile\systemDictionary.cpp, line 256]
Event: 12.875 Thread 0x000002c2d607ce90 Exception <a 'java/lang/ClassNotFoundException'{0x0000000088c42a10}: org/jetbrains/kotlin/gradle/targets/js/npm/DefaultPeerNpmDependencyExtensionBeanInfo> (0x0000000088c42a10) 
thrown [s\open\src\hotspot\share\classfile\systemDictionary.cpp, line 256]
Event: 12.875 Thread 0x000002c2d607ce90 Exception <a 'java/lang/ClassNotFoundException'{0x0000000088c4db68}: org/jetbrains/kotlin/gradle/targets/js/npm/DefaultPeerNpmDependencyExtensionCustomizer> (0x0000000088c4db68) 
thrown [s\open\src\hotspot\share\classfile\systemDictionary.cpp, line 256]
Event: 12.877 Thread 0x000002c2d607ce90 Exception <a 'java/lang/ClassNotFoundException'{0x0000000088c92df8}: org/jetbrains/kotlin/gradle/targets/js/npm/DefaultPeerNpmDependencyExtension$delegate$1BeanInfo> (0x0000000088c92df8) 
thrown [s\open\src\hotspot\share\classfile\systemDictionary.cpp, line 256]
Event: 12.877 Thread 0x000002c2d607ce90 Exception <a 'java/lang/ClassNotFoundException'{0x0000000088c9e0e8}: org/jetbrains/kotlin/gradle/targets/js/npm/DefaultPeerNpmDependencyExtension$delegate$1Customizer> (0x0000000088c9e0e8) 
thrown [s\open\src\hotspot\share\classfile\systemDictionary.cpp, line 256]
Event: 12.943 Thread 0x000002c2d607ce90 Exception <a 'java/lang/ClassNotFoundException'{0x000000008847d0d8}: com/android/build/gradle/internal/dsl/BaseAppModuleExtension_DecoratedBeanInfo> (0x000000008847d0d8) 
thrown [s\open\src\hotspot\share\classfile\systemDictionary.cpp, line 256]
Event: 12.943 Thread 0x000002c2d607ce90 Exception <a 'java/lang/ClassNotFoundException'{0x000000008848bfe8}: com/android/build/gradle/internal/dsl/BaseAppModuleExtensionBeanInfo> (0x000000008848bfe8) 
thrown [s\open\src\hotspot\share\classfile\systemDictionary.cpp, line 256]
Event: 12.943 Thread 0x000002c2d607ce90 Exception <a 'java/lang/ClassNotFoundException'{0x000000008849a7b8}: com/android/build/gradle/AppExtensionBeanInfo> (0x000000008849a7b8) 
thrown [s\open\src\hotspot\share\classfile\systemDictionary.cpp, line 256]
Event: 12.944 Thread 0x000002c2d607ce90 Exception <a 'java/lang/ClassNotFoundException'{0x00000000884a9328}: com/android/build/gradle/AbstractAppExtensionBeanInfo> (0x00000000884a9328) 
thrown [s\open\src\hotspot\share\classfile\systemDictionary.cpp, line 256]
Event: 12.944 Thread 0x000002c2d607ce90 Exception <a 'java/lang/ClassNotFoundException'{0x00000000884b8b88}: com/android/build/gradle/TestedExtensionBeanInfo> (0x00000000884b8b88) 
thrown [s\open\src\hotspot\share\classfile\systemDictionary.cpp, line 256]
Event: 12.944 Thread 0x000002c2d607ce90 Exception <a 'java/lang/ClassNotFoundException'{0x00000000884c8368}: com/android/build/gradle/BaseExtensionBeanInfo> (0x00000000884c8368) 
thrown [s\open\src\hotspot\share\classfile\systemDictionary.cpp, line 256]
Event: 12.945 Thread 0x000002c2d607ce90 Exception <a 'java/lang/ClassNotFoundException'{0x00000000884d7e38}: com/android/build/gradle/BaseExtensionCustomizer> (0x00000000884d7e38) 
thrown [s\open\src\hotspot\share\classfile\systemDictionary.cpp, line 256]
Event: 12.947 Thread 0x000002c2d607ce90 Exception <a 'java/lang/ClassNotFoundException'{0x000000008833f490}: com/android/build/gradle/TestedExtensionCustomizer> (0x000000008833f490) 
thrown [s\open\src\hotspot\share\classfile\systemDictionary.cpp, line 256]
Event: 12.949 Thread 0x000002c2d607ce90 Exception <a 'java/lang/ClassNotFoundException'{0x0000000088367b18}: com/android/build/gradle/AbstractAppExtensionCustomizer> (0x0000000088367b18) 
thrown [s\open\src\hotspot\share\classfile\systemDictionary.cpp, line 256]
Event: 12.950 Thread 0x000002c2d607ce90 Exception <a 'java/lang/ClassNotFoundException'{0x000000008838c6c0}: com/android/build/gradle/AppExtensionCustomizer> (0x000000008838c6c0) 
thrown [s\open\src\hotspot\share\classfile\systemDictionary.cpp, line 256]
Event: 12.951 Thread 0x000002c2d607ce90 Exception <a 'java/lang/ClassNotFoundException'{0x00000000883afb68}: com/android/build/gradle/internal/dsl/BaseAppModuleExtensionCustomizer> (0x00000000883afb68) 
thrown [s\open\src\hotspot\share\classfile\systemDictionary.cpp, line 256]
Event: 12.956 Thread 0x000002c2d607ce90 Exception <a 'java/lang/ClassNotFoundException'{0x0000000088296a28}: com/android/build/gradle/internal/dsl/BaseAppModuleExtension_DecoratedCustomizer> (0x0000000088296a28) 
thrown [s\open\src\hotspot\share\classfile\systemDictionary.cpp, line 256]

VM Operations (20 events):
Event: 11.820 Executing VM operation: G1Concurrent done
Event: 11.956 Executing VM operation: HandshakeAllThreads
Event: 11.956 Executing VM operation: HandshakeAllThreads done
Event: 11.997 Executing VM operation: HandshakeAllThreads
Event: 11.997 Executing VM operation: HandshakeAllThreads done
Event: 12.095 Executing VM operation: G1CollectForAllocation
Event: 12.099 Executing VM operation: G1CollectForAllocation done
Event: 12.102 Executing VM operation: G1CollectForAllocation
Event: 12.105 Executing VM operation: G1CollectForAllocation done
Event: 12.405 Executing VM operation: G1CollectForAllocation
Event: 12.408 Executing VM operation: G1CollectForAllocation done
Event: 12.475 Executing VM operation: G1Concurrent
Event: 12.480 Executing VM operation: G1Concurrent done
Event: 12.513 Executing VM operation: G1Concurrent
Event: 12.513 Executing VM operation: G1Concurrent done
Event: 12.734 Executing VM operation: G1CollectForAllocation
Event: 12.738 Executing VM operation: G1CollectForAllocation done
Event: 12.756 Executing VM operation: G1CollectForAllocation
Event: 12.758 Executing VM operation: G1CollectForAllocation done
Event: 13.021 Executing VM operation: G1CollectForAllocation

Events (20 events):
Event: 12.038 loading class java/util/Base64$Decoder
Event: 12.039 loading class java/util/Base64$Decoder done
Event: 12.039 loading class java/util/Base64$Encoder
Event: 12.039 loading class java/util/Base64$Encoder done
Event: 12.040 loading class java/util/jar/JarVerifier$VerifierStream
Event: 12.040 loading class java/util/jar/JarVerifier$VerifierStream done
Event: 12.040 loading class sun/security/util/ManifestEntryVerifier$SunProviderHolder
Event: 12.040 loading class sun/security/util/ManifestEntryVerifier$SunProviderHolder done
Event: 12.410 loading class java/security/KeyStore
Event: 12.410 loading class java/security/KeyStore done
Event: 12.410 loading class java/security/KeyStore$1
Event: 12.411 loading class java/security/KeyStore$1 done
Event: 12.563 loading class javax/xml/stream/XMLStreamException
Event: 12.563 loading class javax/xml/stream/XMLStreamException done
Event: 12.589 loading class sun/reflect/annotation/AnnotationInvocationHandler$1
Event: 12.589 loading class sun/reflect/annotation/AnnotationInvocationHandler$1 done
Event: 12.664 loading class jdk/internal/access/foreign/MemorySegmentProxy
Event: 12.664 loading class jdk/internal/access/foreign/MemorySegmentProxy done
Event: 12.894 loading class java/util/regex/Pattern$Pos
Event: 12.894 loading class java/util/regex/Pattern$Pos done


Dynamic libraries:
0x00007ff69bb40000 - 0x00007ff69bb50000 	C:\Program Files\Java\jdk-17\bin\java.exe
0x00007fff3f5b0000 - 0x00007fff3f7c6000 	C:\WINDOWS\SYSTEM32\ntdll.dll
0x00007fff3df40000 - 0x00007fff3e004000 	C:\WINDOWS\System32\KERNEL32.DLL
0x00007fff3cba0000 - 0x00007fff3cf46000 	C:\WINDOWS\System32\KERNELBASE.dll
0x00007fff3d1e0000 - 0x00007fff3d2f1000 	C:\WINDOWS\System32\ucrtbase.dll
0x00007fff35c60000 - 0x00007fff35c7b000 	C:\Program Files\Java\jdk-17\bin\VCRUNTIME140.dll
0x00007fff379d0000 - 0x00007fff379e9000 	C:\Program Files\Java\jdk-17\bin\jli.dll
0x00007fff3d9d0000 - 0x00007fff3da82000 	C:\WINDOWS\System32\ADVAPI32.dll
0x00007fff3ed40000 - 0x00007fff3ede7000 	C:\WINDOWS\System32\msvcrt.dll
0x00007fff3d920000 - 0x00007fff3d9c8000 	C:\WINDOWS\System32\sechost.dll
0x00007fff3c9b0000 - 0x00007fff3c9d8000 	C:\WINDOWS\System32\bcrypt.dll
0x00007fff3da90000 - 0x00007fff3dba5000 	C:\WINDOWS\System32\RPCRT4.dll
0x00007fff3eb90000 - 0x00007fff3ed3d000 	C:\WINDOWS\System32\USER32.dll
0x00007fff3cb00000 - 0x00007fff3cb26000 	C:\WINDOWS\System32\win32u.dll
0x00007fff1dc50000 - 0x00007fff1dee3000 	C:\WINDOWS\WinSxS\amd64_microsoft.windows.common-controls_6595b64144ccf1df_6.0.22621.3235_none_270f74e173860f98\COMCTL32.dll
0x00007fff3edf0000 - 0x00007fff3ee19000 	C:\WINDOWS\System32\GDI32.dll
0x00007fff3c9e0000 - 0x00007fff3caf8000 	C:\WINDOWS\System32\gdi32full.dll
0x00007fff3d140000 - 0x00007fff3d1da000 	C:\WINDOWS\System32\msvcp_win.dll
0x00007fff32790000 - 0x00007fff3279a000 	C:\WINDOWS\SYSTEM32\VERSION.dll
0x00007fff3eea0000 - 0x00007fff3eed1000 	C:\WINDOWS\System32\IMM32.DLL
0x00007fff39bf0000 - 0x00007fff39bfc000 	C:\Program Files\Java\jdk-17\bin\vcruntime140_1.dll
0x00007fff1d010000 - 0x00007fff1d09e000 	C:\Program Files\Java\jdk-17\bin\msvcp140.dll
0x00007ffec5aa0000 - 0x00007ffec6681000 	C:\Program Files\Java\jdk-17\bin\server\jvm.dll
0x00007fff3f560000 - 0x00007fff3f568000 	C:\WINDOWS\System32\PSAPI.DLL
0x00007ffefdda0000 - 0x00007ffefdda9000 	C:\WINDOWS\SYSTEM32\WSOCK32.dll
0x00007fff339d0000 - 0x00007fff33a04000 	C:\WINDOWS\SYSTEM32\WINMM.dll
0x00007fff3ee20000 - 0x00007fff3ee91000 	C:\WINDOWS\System32\WS2_32.dll
0x00007fff3ba20000 - 0x00007fff3ba38000 	C:\WINDOWS\SYSTEM32\kernel.appcore.dll
0x00007fff35ca0000 - 0x00007fff35caa000 	C:\Program Files\Java\jdk-17\bin\jimage.dll
0x00007fff37b40000 - 0x00007fff37d73000 	C:\WINDOWS\SYSTEM32\DBGHELP.DLL
0x00007fff3dbb0000 - 0x00007fff3df38000 	C:\WINDOWS\System32\combase.dll
0x00007fff3d520000 - 0x00007fff3d5f7000 	C:\WINDOWS\System32\OLEAUT32.dll
0x00007fff1bf40000 - 0x00007fff1bf72000 	C:\WINDOWS\SYSTEM32\dbgcore.DLL
0x00007fff3d0c0000 - 0x00007fff3d13a000 	C:\WINDOWS\System32\bcryptPrimitives.dll
0x00007fff37920000 - 0x00007fff3792e000 	C:\Program Files\Java\jdk-17\bin\instrument.dll
0x00007fff28e90000 - 0x00007fff28eb5000 	C:\Program Files\Java\jdk-17\bin\java.dll
0x00007ffefcca0000 - 0x00007ffefcd77000 	C:\Program Files\Java\jdk-17\bin\jsvml.dll
0x00007fff3e170000 - 0x00007fff3e9cd000 	C:\WINDOWS\System32\SHELL32.dll
0x00007fff3a860000 - 0x00007fff3b158000 	C:\WINDOWS\SYSTEM32\windows.storage.dll
0x00007fff3a720000 - 0x00007fff3a85e000 	C:\WINDOWS\SYSTEM32\wintypes.dll
0x00007fff3d420000 - 0x00007fff3d513000 	C:\WINDOWS\System32\SHCORE.dll
0x00007fff3ea60000 - 0x00007fff3eabe000 	C:\WINDOWS\System32\shlwapi.dll
0x00007fff3c820000 - 0x00007fff3c846000 	C:\WINDOWS\SYSTEM32\profapi.dll
0x00007fff29050000 - 0x00007fff29068000 	C:\Program Files\Java\jdk-17\bin\zip.dll
0x00007fff35c40000 - 0x00007fff35c59000 	C:\Program Files\Java\jdk-17\bin\net.dll
0x00007fff35a80000 - 0x00007fff35bb7000 	C:\WINDOWS\SYSTEM32\WINHTTP.dll
0x00007fff3bea0000 - 0x00007fff3bf09000 	C:\WINDOWS\system32\mswsock.dll
0x00007fff33ac0000 - 0x00007fff33ad6000 	C:\Program Files\Java\jdk-17\bin\nio.dll
0x00007fff37a20000 - 0x00007fff37a30000 	C:\Program Files\Java\jdk-17\bin\verify.dll
0x00007fff33bf0000 - 0x00007fff33c17000 	C:\Users\harsh\.gradle\native\68d5fa5c4cc2d200863cafc0d521ce42e7d3e7ee720ec0a83991735586a16f82\windows-amd64\native-platform.dll
0x00007ffef9e40000 - 0x00007ffef9f84000 	C:\Users\harsh\.gradle\native\e376f236ea51e6404a007f0833ffe2c6e607c4080706a723a18a27aeea778392\windows-amd64\native-platform-file-events.dll
0x00007fff33770000 - 0x00007fff3377a000 	C:\Program Files\Java\jdk-17\bin\management.dll
0x00007fff1dc00000 - 0x00007fff1dc0b000 	C:\Program Files\Java\jdk-17\bin\management_ext.dll
0x00007fff3c0f0000 - 0x00007fff3c10b000 	C:\WINDOWS\SYSTEM32\CRYPTSP.dll
0x00007fff3b980000 - 0x00007fff3b9b5000 	C:\WINDOWS\system32\rsaenh.dll
0x00007fff3bf90000 - 0x00007fff3bfbc000 	C:\WINDOWS\SYSTEM32\USERENV.dll
0x00007fff3c110000 - 0x00007fff3c11c000 	C:\WINDOWS\SYSTEM32\CRYPTBASE.dll
0x00007fff3b430000 - 0x00007fff3b45d000 	C:\WINDOWS\SYSTEM32\IPHLPAPI.DLL
0x00007fff3e110000 - 0x00007fff3e119000 	C:\WINDOWS\System32\NSI.dll
0x00007fff357c0000 - 0x00007fff357d9000 	C:\WINDOWS\SYSTEM32\dhcpcsvc6.DLL
0x00007fff357a0000 - 0x00007fff357bf000 	C:\WINDOWS\SYSTEM32\dhcpcsvc.DLL
0x00007fff3b4a0000 - 0x00007fff3b599000 	C:\WINDOWS\SYSTEM32\DNSAPI.dll
0x00007fff35de0000 - 0x00007fff35dee000 	C:\Program Files\Java\jdk-17\bin\sunmscapi.dll
0x00007fff3cf50000 - 0x00007fff3d0b6000 	C:\WINDOWS\System32\CRYPT32.dll
0x00007fff3c290000 - 0x00007fff3c2be000 	C:\WINDOWS\SYSTEM32\ncrypt.dll
0x00007fff3c250000 - 0x00007fff3c287000 	C:\WINDOWS\SYSTEM32\NTASN1.dll
0x00007ffefb250000 - 0x00007ffefb258000 	C:\WINDOWS\system32\wshunix.dll
0x00007ffef9fd0000 - 0x00007ffef9fe7000 	C:\WINDOWS\system32\napinsp.dll
0x00007ffef9fb0000 - 0x00007ffef9fcb000 	C:\WINDOWS\system32\pnrpnsp.dll
0x00007ffef9f90000 - 0x00007ffef9fa1000 	C:\WINDOWS\System32\winrnr.dll
0x00007fff33fb0000 - 0x00007fff33fc5000 	C:\WINDOWS\system32\wshbth.dll
0x00007ffefb0f0000 - 0x00007ffefb111000 	C:\WINDOWS\system32\nlansp_c.dll
0x00007fff33cf0000 - 0x00007fff33cfa000 	C:\Windows\System32\rasadhlp.dll
0x00007fff33ea0000 - 0x00007fff33f23000 	C:\WINDOWS\System32\fwpuclnt.dll

dbghelp: loaded successfully - version: 4.0.5 - missing functions: none
symbol engine: initialized successfully - sym options: 0x614 - pdb path: .;C:\Program Files\Java\jdk-17\bin;C:\WINDOWS\SYSTEM32;C:\WINDOWS\WinSxS\amd64_microsoft.windows.common-controls_6595b64144ccf1df_6.0.22621.3235_none_270f74e173860f98;C:\Program Files\Java\jdk-17\bin\server;C:\Users\harsh\.gradle\native\68d5fa5c4cc2d200863cafc0d521ce42e7d3e7ee720ec0a83991735586a16f82\windows-amd64;C:\Users\harsh\.gradle\native\e376f236ea51e6404a007f0833ffe2c6e607c4080706a723a18a27aeea778392\windows-amd64

VM Arguments:
jvm_args: -XX:MaxMetaspaceSize=512m --add-opens=java.base/java.util=ALL-UNNAMED --add-opens=java.base/java.lang=ALL-UNNAMED --add-opens=java.base/java.lang.invoke=ALL-UNNAMED --add-opens=java.prefs/java.util.prefs=ALL-UNNAMED --add-opens=java.base/java.nio.charset=ALL-UNNAMED --add-opens=java.base/java.net=ALL-UNNAMED --add-opens=java.base/java.util.concurrent.atomic=ALL-UNNAMED -Xmx2048m -Dfile.encoding=windows-1252 -Duser.country=IN -Duser.language=en -Duser.variant -javaagent:C:\Users\harsh\.gradle\wrapper\dists\gradle-8.3-all\6en3ugtfdg5xnpx44z4qbwgas\gradle-8.3\lib\agents\gradle-instrumentation-agent-8.3.jar 
java_command: org.gradle.launcher.daemon.bootstrap.GradleDaemon 8.3
java_class_path (initial): C:\Users\harsh\.gradle\wrapper\dists\gradle-8.3-all\6en3ugtfdg5xnpx44z4qbwgas\gradle-8.3\lib\gradle-launcher-8.3.jar
Launcher Type: SUN_STANDARD

[Global flags]
     intx CICompilerCount                          = 4                                         {product} {ergonomic}
   size_t CompressedClassSpaceSize                 = 436207616                                 {product} {ergonomic}
     uint ConcGCThreads                            = 2                                         {product} {ergonomic}
     uint G1ConcRefinementThreads                  = 8                                         {product} {ergonomic}
   size_t G1HeapRegionSize                         = 1048576                                   {product} {ergonomic}
    uintx GCDrainStackTargetSize                   = 64                                        {product} {ergonomic}
   size_t InitialHeapSize                          = 266338304                                 {product} {ergonomic}
   size_t MarkStackSize                            = 4194304                                   {product} {ergonomic}
   size_t MaxHeapSize                              = 2147483648                                {product} {command line}
   size_t MaxMetaspaceSize                         = 536870912                                 {product} {command line}
   size_t MaxNewSize                               = 1287651328                                {product} {ergonomic}
   size_t MinHeapDeltaBytes                        = 1048576                                   {product} {ergonomic}
   size_t MinHeapSize                              = 8388608                                   {product} {ergonomic}
    uintx NonNMethodCodeHeapSize                   = 5839372                                {pd product} {ergonomic}
    uintx NonProfiledCodeHeapSize                  = 122909434                              {pd product} {ergonomic}
    uintx ProfiledCodeHeapSize                     = 122909434                              {pd product} {ergonomic}
    uintx ReservedCodeCacheSize                    = 251658240                              {pd product} {ergonomic}
     bool SegmentedCodeCache                       = true                                      {product} {ergonomic}
   size_t SoftMaxHeapSize                          = 2147483648                             {manageable} {ergonomic}
     bool UseCompressedClassPointers               = true                           {product lp64_product} {ergonomic}
     bool UseCompressedOops                        = true                           {product lp64_product} {ergonomic}
     bool UseG1GC                                  = true                                      {product} {ergonomic}
     bool UseLargePagesIndividualAllocation        = false                                  {pd product} {ergonomic}

Logging:
Log output configuration:
 #0: stdout all=warning uptime,level,tags
 #1: stderr all=off uptime,level,tags

Environment Variables:
JAVA_HOME=C:\Program Files\Java\jdk-17
CLASSPATH=D:\NestedRoutingPoc\android\\gradle\wrapper\gradle-wrapper.jar
PATH=D:\NestedRoutingPoc\node_modules\.bin;D:\NestedRoutingPoc\node_modules\.bin;D:\node_modules\.bin;C:\Users\harsh\AppData\Roaming\npm\node_modules\npm\node_modules\@npmcli\run-script\lib\node-gyp-bin;D:\NestedRoutingPoc\node_modules\.bin;D:\node_modules\.bin;C:\Users\harsh\AppData\Roaming\npm\node_modules\npm\node_modules\@npmcli\run-script\lib\node-gyp-bin;C:\Program Files\Java\jdk-17\bin;C:\Program Files\Common Files\Oracle\Java\javapath;C:\Python312\Scripts\;C:\Python312\;C:\Program Files\Microsoft\jdk-11.0.18.10-hotspot\bin;C:\Python311\Scripts\;C:\Python311\;C:\WINDOWS\system32;C:\WINDOWS;C:\WINDOWS\System32\Wbem;C:\WINDOWS\System32\WindowsPowerShell\v1.0\;C:\WINDOWS\System32\OpenSSH\;C:\Program Files\dotnet\;C:\ProgramData\chocolatey\bin;C:\Program Files\Git\cmd;C:\Program Files (x86)\NVIDIA Corporation\PhysX\Common;C:\Program Files\NVIDIA Corporation\NVIDIA NvDLISR;D:\Node\;C:\Users\harsh\AppData\Local\Microsoft\WindowsApps;C:\Users\harsh\AppData\Local\Programs\Microsoft VS Code\bin;C:\Users\harsh\AppData\Local\Android\Sdk\platform-tools;C:\Users\harsh\AppData\Roaming\npm
USERNAME=harsh
LANG=en_US.UTF-8
OS=Windows_NT
PROCESSOR_IDENTIFIER=Intel64 Family 6 Model 158 Stepping 10, GenuineIntel



---------------  S Y S T E M  ---------------

OS:
 Windows 11 , 64 bit Build 22621 (10.0.22621.3235)
OS uptime: 0 days 21:04 hours

CPU: total 8 (initial active 8) (4 cores per cpu, 2 threads per core) family 6 model 158 stepping 10 microcode 0xde, cx8, cmov, fxsr, ht, mmx, 3dnowpref, sse, sse2, sse3, ssse3, sse4.1, sse4.2, popcnt, lzcnt, tsc, tscinvbit, avx, avx2, aes, erms, clmul, bmi1, bmi2, adx, fma, vzeroupper, clflush, clflushopt

Memory: 4k page, system-wide physical 16235M (3431M free)
TotalPageFile size 46626M (AvailPageFile size 64M)
current process WorkingSet (physical memory assigned to process): 395M, peak: 397M
current process commit charge ("private bytes"): 542M, peak: 645M

vm_info: Java HotSpot(TM) 64-Bit Server VM (17.0.9+11-LTS-201) for windows-amd64 JRE (17.0.9+11-LTS-201), built on Oct 10 2023 23:16:06 by "mach5one" with MS VC++ 17.1 (VS2022)

END.
