#
# There is insufficient memory for the Java Runtime Environment to continue.
# Native memory allocation (malloc) failed to allocate 2064176 bytes for Chunk::new
# Possible reasons:
#   The system is out of physical RAM or swap space
#   The process is running with CompressedOops enabled, and the Java Heap may be blocking the growth of the native heap
# Possible solutions:
#   Reduce memory load on the system
#   Increase physical memory or swap space
#   Check if swap backing store is full
#   Decrease Java heap size (-Xmx/-Xms)
#   Decrease number of Java threads
#   Decrease Java thread stack sizes (-Xss)
#   Set larger code cache with -XX:ReservedCodeCacheSize=
#   JVM is running with Zero Based Compressed Oops mode in which the Java heap is
#     placed in the first 32GB address space. The Java Heap base address is the
#     maximum limit for the native heap growth. Please use -XX:HeapBaseMinAddress
#     to set the Java Heap base and to place the Java Heap above 32GB virtual address.
# This output file may be truncated or incomplete.
#
#  Out of Memory Error (arena.cpp:189), pid=13788, tid=1968
#
# JRE version: Java(TM) SE Runtime Environment (17.0.9+11) (build 17.0.9+11-LTS-201)
# Java VM: Java HotSpot(TM) 64-Bit Server VM (17.0.9+11-LTS-201, mixed mode, sharing, tiered, compressed oops, compressed class ptrs, g1 gc, windows-amd64)
# No core dump will be written. Minidumps are not enabled by default on client versions of Windows
#

---------------  S U M M A R Y ------------

Command Line: org.jetbrains.kotlin.cli.jvm.K2JVMCompiler @D:\NestedRoutingPoc\node_modules\react-native-safe-area-context\android\build\20240408_18334610007268475260.compiler.options

Host: Intel(R) Core(TM) i5-8300H CPU @ 2.30GHz, 8 cores, 15G,  Windows 11 , 64 bit Build 22621 (10.0.22621.3235)
Time: Mon Apr  8 15:36:36 2024 India Standard Time elapsed time: 16.691150 seconds (0d 0h 0m 16s)

---------------  T H R E A D  ---------------

Current thread (0x0000028ca2c46520):  JavaThread "C2 CompilerThread0" daemon [_thread_in_native, id=1968, stack(0x000000c263600000,0x000000c263700000)]


Current CompileTask:
C2:  16691 10987       4       org.jetbrains.kotlin.types.DescriptorSubstitutor::substituteTypeParameters (389 bytes)

Stack: [0x000000c263600000,0x000000c263700000]
Native frames: (J=compiled Java code, j=interpreted, Vv=VM code, C=native code)
V  [jvm.dll+0x678a4a]
V  [jvm.dll+0x7d9cfd]
V  [jvm.dll+0x7db60e]
V  [jvm.dll+0x7dbc73]
V  [jvm.dll+0x245e1f]
V  [jvm.dll+0xaaafb]
V  [jvm.dll+0xab09c]
V  [jvm.dll+0x36232f]
V  [jvm.dll+0x1bb94a]
V  [jvm.dll+0x218287]
V  [jvm.dll+0x217561]
V  [jvm.dll+0x1a3bc0]
V  [jvm.dll+0x2272de]
V  [jvm.dll+0x22548b]
V  [jvm.dll+0x78f58c]
V  [jvm.dll+0x78998a]
V  [jvm.dll+0x677875]
C  [ucrtbase.dll+0x29363]
C  [KERNEL32.DLL+0x1257d]
C  [ntdll.dll+0x5aa58]


---------------  P R O C E S S  ---------------

Threads class SMR info:
_java_thread_list=0x0000028ce86f6cf0, length=14, elements={
0x0000028cfdec9fb0, 0x0000028ca2c28700, 0x0000028ca2c29580, 0x0000028ca2c40c10,
0x0000028ca2c417d0, 0x0000028ca2c42390, 0x0000028ca2c45370, 0x0000028ca2c46520,
0x0000028ca2c47ef0, 0x0000028ca2c4e320, 0x0000028ce812d100, 0x0000028ce81350c0,
0x0000028ce8c4bf20, 0x0000028cea42e2d0
}

Java Threads: ( => current thread )
  0x0000028cfdec9fb0 JavaThread "main" [_thread_in_Java, id=2984, stack(0x000000c262800000,0x000000c262900000)]
  0x0000028ca2c28700 JavaThread "Reference Handler" daemon [_thread_blocked, id=21968, stack(0x000000c263000000,0x000000c263100000)]
  0x0000028ca2c29580 JavaThread "Finalizer" daemon [_thread_blocked, id=9232, stack(0x000000c263100000,0x000000c263200000)]
  0x0000028ca2c40c10 JavaThread "Signal Dispatcher" daemon [_thread_blocked, id=22340, stack(0x000000c263200000,0x000000c263300000)]
  0x0000028ca2c417d0 JavaThread "Attach Listener" daemon [_thread_blocked, id=22160, stack(0x000000c263300000,0x000000c263400000)]
  0x0000028ca2c42390 JavaThread "Service Thread" daemon [_thread_blocked, id=11920, stack(0x000000c263400000,0x000000c263500000)]
  0x0000028ca2c45370 JavaThread "Monitor Deflation Thread" daemon [_thread_blocked, id=26908, stack(0x000000c263500000,0x000000c263600000)]
=>0x0000028ca2c46520 JavaThread "C2 CompilerThread0" daemon [_thread_in_native, id=1968, stack(0x000000c263600000,0x000000c263700000)]
  0x0000028ca2c47ef0 JavaThread "C1 CompilerThread0" daemon [_thread_blocked, id=4576, stack(0x000000c263700000,0x000000c263800000)]
  0x0000028ca2c4e320 JavaThread "Sweeper thread" daemon [_thread_blocked, id=20268, stack(0x000000c263800000,0x000000c263900000)]
  0x0000028ce812d100 JavaThread "Notification Thread" daemon [_thread_blocked, id=28312, stack(0x000000c263900000,0x000000c263a00000)]
  0x0000028ce81350c0 JavaThread "Common-Cleaner" daemon [_thread_blocked, id=25264, stack(0x000000c263b00000,0x000000c263c00000)]
  0x0000028ce8c4bf20 JavaThread "C2 CompilerThread1" daemon [_thread_in_native, id=15828, stack(0x000000c264300000,0x000000c264400000)]
  0x0000028cea42e2d0 JavaThread "C2 CompilerThread2" daemon [_thread_in_native, id=27452, stack(0x000000c264500000,0x000000c264600000)]

Other Threads:
  0x0000028ca2c21ae0 VMThread "VM Thread" [stack: 0x000000c262f00000,0x000000c263000000] [id=23228]
  0x0000028ce8133a10 WatcherThread [stack: 0x000000c263a00000,0x000000c263b00000] [id=2796]
  0x0000028cfff50570 GCTaskThread "GC Thread#0" [stack: 0x000000c262a00000,0x000000c262b00000] [id=13600]
  0x0000028ce85862a0 GCTaskThread "GC Thread#1" [stack: 0x000000c263c00000,0x000000c263d00000] [id=17364]
  0x0000028ce85ee960 GCTaskThread "GC Thread#2" [stack: 0x000000c263d00000,0x000000c263e00000] [id=17788]
  0x0000028ce859c030 GCTaskThread "GC Thread#3" [stack: 0x000000c263e00000,0x000000c263f00000] [id=21860]
  0x0000028ce85c3200 GCTaskThread "GC Thread#4" [stack: 0x000000c263f00000,0x000000c264000000] [id=5044]
  0x0000028ce85e76a0 GCTaskThread "GC Thread#5" [stack: 0x000000c264000000,0x000000c264100000] [id=15016]
  0x0000028ce8907d60 GCTaskThread "GC Thread#6" [stack: 0x000000c264100000,0x000000c264200000] [id=22844]
  0x0000028ce8a4f040 GCTaskThread "GC Thread#7" [stack: 0x000000c264200000,0x000000c264300000] [id=13528]
  0x0000028cfff61280 ConcurrentGCThread "G1 Main Marker" [stack: 0x000000c262b00000,0x000000c262c00000] [id=20708]
  0x0000028cfff62430 ConcurrentGCThread "G1 Conc#0" [stack: 0x000000c262c00000,0x000000c262d00000] [id=8620]
  0x0000028ce8a7cba0 ConcurrentGCThread "G1 Conc#1" [stack: 0x000000c264400000,0x000000c264500000] [id=1520]
  0x0000028cfffae730 ConcurrentGCThread "G1 Refine#0" [stack: 0x000000c262d00000,0x000000c262e00000] [id=19704]
  0x0000028ce90ec710 ConcurrentGCThread "G1 Refine#1" [stack: 0x000000c264600000,0x000000c264700000] [id=15108]
  0x0000028ce944e1e0 ConcurrentGCThread "G1 Refine#2" [stack: 0x000000c264700000,0x000000c264800000] [id=13116]
  0x0000028ce944e4d0 ConcurrentGCThread "G1 Refine#3" [stack: 0x000000c264800000,0x000000c264900000] [id=17132]
  0x0000028ca2adb380 ConcurrentGCThread "G1 Service" [stack: 0x000000c262e00000,0x000000c262f00000] [id=1496]

Threads with active compile tasks:
C2 CompilerThread0    16726 10987       4       org.jetbrains.kotlin.types.DescriptorSubstitutor::substituteTypeParameters (389 bytes)
C2 CompilerThread1    16726 11284       4       org.jetbrains.kotlin.types.TypeSubstitutor::substituteTypeArguments (208 bytes)
C2 CompilerThread2    16726 11294       4       org.jetbrains.kotlin.descriptors.impl.FunctionDescriptorImpl::isInfix (59 bytes)

VM state: not at safepoint (normal execution)

VM Mutex/Monitor currently owned by a thread: None

Heap address: 0x0000000702400000, size: 4060 MB, Compressed Oops mode: Zero based, Oop shift amount: 3

CDS archive(s) mapped at: [0x0000028ca3000000-0x0000028ca3bd0000-0x0000028ca3bd0000), size 12386304, SharedBaseAddress: 0x0000028ca3000000, ArchiveRelocationMode: 1.
Compressed class space mapped at: 0x0000028ca4000000-0x0000028ce4000000, reserved size: 1073741824
Narrow klass base: 0x0000028ca3000000, Narrow klass shift: 0, Narrow klass range: 0x100000000

GC Precious Log:
 CPUs: 8 total, 8 available
 Memory: 16235M
 Large Page Support: Disabled
 NUMA Support: Disabled
 Compressed Oops: Enabled (Zero based)
 Heap Region Size: 2M
 Heap Min Capacity: 8M
 Heap Initial Capacity: 254M
 Heap Max Capacity: 4060M
 Pre-touch: Disabled
 Parallel Workers: 8
 Concurrent Workers: 2
 Concurrent Refinement Workers: 8
 Periodic GC: Disabled

Heap:
 garbage-first heap   total 145408K, used 94307K [0x0000000702400000, 0x0000000800000000)
  region size 2048K, 22 young (45056K), 4 survivors (8192K)
 Metaspace       used 64598K, committed 64960K, reserved 1114112K
  class space    used 7422K, committed 7616K, reserved 1048576K

Heap Regions: E=young(eden), S=young(survivor), O=old, HS=humongous(starts), HC=humongous(continues), CS=collection set, F=free, OA=open archive, CA=closed archive, TAMS=top-at-mark-start (previous, next)
|   0|0x0000000702400000, 0x0000000702600000, 0x0000000702600000|100%|HS|  |TAMS 0x0000000702600000, 0x0000000702400000| Complete 
|   1|0x0000000702600000, 0x0000000702800000, 0x0000000702800000|100%|HC|  |TAMS 0x0000000702800000, 0x0000000702600000| Complete 
|   2|0x0000000702800000, 0x00000007029d3600, 0x0000000702a00000| 91%| O|  |TAMS 0x00000007029d3600, 0x0000000702800000| Untracked 
|   3|0x0000000702a00000, 0x0000000702c00000, 0x0000000702c00000|100%|HS|  |TAMS 0x0000000702c00000, 0x0000000702a00000| Complete 
|   4|0x0000000702c00000, 0x0000000702e00000, 0x0000000702e00000|100%|HC|  |TAMS 0x0000000702e00000, 0x0000000702c00000| Complete 
|   5|0x0000000702e00000, 0x0000000703000000, 0x0000000703000000|100%|HS|  |TAMS 0x0000000703000000, 0x0000000702e00000| Complete 
|   6|0x0000000703000000, 0x0000000703200000, 0x0000000703200000|100%| O|  |TAMS 0x0000000703200000, 0x0000000703000000| Untracked 
|   7|0x0000000703200000, 0x0000000703400000, 0x0000000703400000|100%| O|  |TAMS 0x0000000703400000, 0x0000000703200000| Untracked 
|   8|0x0000000703400000, 0x0000000703600000, 0x0000000703600000|100%| O|  |TAMS 0x0000000703600000, 0x0000000703400000| Untracked 
|   9|0x0000000703600000, 0x0000000703800000, 0x0000000703800000|100%| O|  |TAMS 0x0000000703800000, 0x0000000703600000| Untracked 
|  10|0x0000000703800000, 0x0000000703a00000, 0x0000000703a00000|100%| O|  |TAMS 0x0000000703a00000, 0x0000000703800000| Untracked 
|  11|0x0000000703a00000, 0x0000000703c00000, 0x0000000703c00000|100%| O|  |TAMS 0x0000000703c00000, 0x0000000703a00000| Untracked 
|  12|0x0000000703c00000, 0x0000000703e00000, 0x0000000703e00000|100%| O|  |TAMS 0x0000000703e00000, 0x0000000703c00000| Untracked 
|  13|0x0000000703e00000, 0x0000000704000000, 0x0000000704000000|100%| O|  |TAMS 0x0000000704000000, 0x0000000703e00000| Untracked 
|  14|0x0000000704000000, 0x0000000704200000, 0x0000000704200000|100%| O|  |TAMS 0x0000000704200000, 0x0000000704000000| Untracked 
|  15|0x0000000704200000, 0x0000000704400000, 0x0000000704400000|100%| O|  |TAMS 0x0000000704400000, 0x0000000704200000| Untracked 
|  16|0x0000000704400000, 0x0000000704600000, 0x0000000704600000|100%| O|  |TAMS 0x0000000704600000, 0x0000000704400000| Untracked 
|  17|0x0000000704600000, 0x0000000704800000, 0x0000000704800000|100%| O|  |TAMS 0x0000000704800000, 0x0000000704600000| Untracked 
|  18|0x0000000704800000, 0x0000000704a00000, 0x0000000704a00000|100%| O|  |TAMS 0x0000000704a00000, 0x0000000704800000| Untracked 
|  19|0x0000000704a00000, 0x0000000704c00000, 0x0000000704c00000|100%| O|  |TAMS 0x0000000704c00000, 0x0000000704a00000| Untracked 
|  20|0x0000000704c00000, 0x0000000704e00000, 0x0000000704e00000|100%| O|  |TAMS 0x0000000704e00000, 0x0000000704c00000| Untracked 
|  21|0x0000000704e00000, 0x0000000705000000, 0x0000000705000000|100%| O|  |TAMS 0x0000000705000000, 0x0000000704e00000| Untracked 
|  22|0x0000000705000000, 0x0000000705200000, 0x0000000705200000|100%| O|  |TAMS 0x00000007051fca00, 0x0000000705000000| Untracked 
|  23|0x0000000705200000, 0x0000000705400000, 0x0000000705400000|100%| O|  |TAMS 0x0000000705200000, 0x0000000705200000| Untracked 
|  24|0x0000000705400000, 0x0000000705600000, 0x0000000705600000|100%| O|  |TAMS 0x0000000705400000, 0x0000000705400000| Untracked 
|  25|0x0000000705600000, 0x0000000705645600, 0x0000000705800000| 13%| O|  |TAMS 0x0000000705600000, 0x0000000705600000| Untracked 
|  26|0x0000000705800000, 0x0000000705800000, 0x0000000705a00000|  0%| F|  |TAMS 0x0000000705800000, 0x0000000705800000| Untracked 
|  27|0x0000000705a00000, 0x0000000705a00000, 0x0000000705c00000|  0%| F|  |TAMS 0x0000000705a00000, 0x0000000705a00000| Untracked 
|  28|0x0000000705c00000, 0x0000000705c00000, 0x0000000705e00000|  0%| F|  |TAMS 0x0000000705c00000, 0x0000000705c00000| Untracked 
|  29|0x0000000705e00000, 0x0000000705e00000, 0x0000000706000000|  0%| F|  |TAMS 0x0000000705e00000, 0x0000000705e00000| Untracked 
|  30|0x0000000706000000, 0x0000000706000000, 0x0000000706200000|  0%| F|  |TAMS 0x0000000706000000, 0x0000000706000000| Untracked 
|  31|0x0000000706200000, 0x0000000706200000, 0x0000000706400000|  0%| F|  |TAMS 0x0000000706200000, 0x0000000706200000| Untracked 
|  32|0x0000000706400000, 0x0000000706400000, 0x0000000706600000|  0%| F|  |TAMS 0x0000000706400000, 0x0000000706400000| Untracked 
|  33|0x0000000706600000, 0x0000000706600000, 0x0000000706800000|  0%| F|  |TAMS 0x0000000706600000, 0x0000000706600000| Untracked 
|  34|0x0000000706800000, 0x0000000706800000, 0x0000000706a00000|  0%| F|  |TAMS 0x0000000706800000, 0x0000000706800000| Untracked 
|  35|0x0000000706a00000, 0x0000000706a00000, 0x0000000706c00000|  0%| F|  |TAMS 0x0000000706a00000, 0x0000000706a00000| Untracked 
|  36|0x0000000706c00000, 0x0000000706c00000, 0x0000000706e00000|  0%| F|  |TAMS 0x0000000706c00000, 0x0000000706c00000| Untracked 
|  37|0x0000000706e00000, 0x0000000706e00000, 0x0000000707000000|  0%| F|  |TAMS 0x0000000706e00000, 0x0000000706e00000| Untracked 
|  38|0x0000000707000000, 0x0000000707000000, 0x0000000707200000|  0%| F|  |TAMS 0x0000000707000000, 0x0000000707000000| Untracked 
|  39|0x0000000707200000, 0x0000000707200000, 0x0000000707400000|  0%| F|  |TAMS 0x0000000707200000, 0x0000000707200000| Untracked 
|  40|0x0000000707400000, 0x0000000707400000, 0x0000000707600000|  0%| F|  |TAMS 0x0000000707400000, 0x0000000707400000| Untracked 
|  41|0x0000000707600000, 0x0000000707600000, 0x0000000707800000|  0%| F|  |TAMS 0x0000000707600000, 0x0000000707600000| Untracked 
|  42|0x0000000707800000, 0x0000000707a00000, 0x0000000707a00000|100%| S|CS|TAMS 0x0000000707800000, 0x0000000707800000| Complete 
|  43|0x0000000707a00000, 0x0000000707c00000, 0x0000000707c00000|100%| S|CS|TAMS 0x0000000707a00000, 0x0000000707a00000| Complete 
|  44|0x0000000707c00000, 0x0000000707e00000, 0x0000000707e00000|100%| S|CS|TAMS 0x0000000707c00000, 0x0000000707c00000| Complete 
|  45|0x0000000707e00000, 0x0000000708000000, 0x0000000708000000|100%| S|CS|TAMS 0x0000000707e00000, 0x0000000707e00000| Complete 
|  46|0x0000000708000000, 0x0000000708000000, 0x0000000708200000|  0%| F|  |TAMS 0x0000000708000000, 0x0000000708000000| Untracked 
|  47|0x0000000708200000, 0x0000000708200000, 0x0000000708400000|  0%| F|  |TAMS 0x0000000708200000, 0x0000000708200000| Untracked 
|  48|0x0000000708400000, 0x0000000708400000, 0x0000000708600000|  0%| F|  |TAMS 0x0000000708400000, 0x0000000708400000| Untracked 
|  49|0x0000000708600000, 0x0000000708600000, 0x0000000708800000|  0%| F|  |TAMS 0x0000000708600000, 0x0000000708600000| Untracked 
|  50|0x0000000708800000, 0x0000000708800000, 0x0000000708a00000|  0%| F|  |TAMS 0x0000000708800000, 0x0000000708800000| Untracked 
|  51|0x0000000708a00000, 0x0000000708a00000, 0x0000000708c00000|  0%| F|  |TAMS 0x0000000708a00000, 0x0000000708a00000| Untracked 
|  52|0x0000000708c00000, 0x0000000708c00000, 0x0000000708e00000|  0%| F|  |TAMS 0x0000000708c00000, 0x0000000708c00000| Untracked 
|  53|0x0000000708e00000, 0x0000000708eea818, 0x0000000709000000| 45%| E|  |TAMS 0x0000000708e00000, 0x0000000708e00000| Complete 
|  54|0x0000000709000000, 0x0000000709200000, 0x0000000709200000|100%| E|CS|TAMS 0x0000000709000000, 0x0000000709000000| Complete 
|  55|0x0000000709200000, 0x0000000709400000, 0x0000000709400000|100%| E|CS|TAMS 0x0000000709200000, 0x0000000709200000| Complete 
|  56|0x0000000709400000, 0x0000000709600000, 0x0000000709600000|100%| E|CS|TAMS 0x0000000709400000, 0x0000000709400000| Complete 
|  57|0x0000000709600000, 0x0000000709800000, 0x0000000709800000|100%| E|CS|TAMS 0x0000000709600000, 0x0000000709600000| Complete 
|  58|0x0000000709800000, 0x0000000709a00000, 0x0000000709a00000|100%| E|CS|TAMS 0x0000000709800000, 0x0000000709800000| Complete 
|  59|0x0000000709a00000, 0x0000000709c00000, 0x0000000709c00000|100%| E|CS|TAMS 0x0000000709a00000, 0x0000000709a00000| Complete 
|  60|0x0000000709c00000, 0x0000000709e00000, 0x0000000709e00000|100%| E|CS|TAMS 0x0000000709c00000, 0x0000000709c00000| Complete 
|  61|0x0000000709e00000, 0x000000070a000000, 0x000000070a000000|100%| E|CS|TAMS 0x0000000709e00000, 0x0000000709e00000| Complete 
|  62|0x000000070a000000, 0x000000070a200000, 0x000000070a200000|100%| E|CS|TAMS 0x000000070a000000, 0x000000070a000000| Complete 
|  63|0x000000070a200000, 0x000000070a400000, 0x000000070a400000|100%| E|CS|TAMS 0x000000070a200000, 0x000000070a200000| Complete 
|  64|0x000000070a400000, 0x000000070a600000, 0x000000070a600000|100%| E|CS|TAMS 0x000000070a400000, 0x000000070a400000| Complete 
|  65|0x000000070a600000, 0x000000070a800000, 0x000000070a800000|100%| E|CS|TAMS 0x000000070a600000, 0x000000070a600000| Complete 
|  66|0x000000070a800000, 0x000000070aa00000, 0x000000070aa00000|100%| E|CS|TAMS 0x000000070a800000, 0x000000070a800000| Complete 
|  67|0x000000070aa00000, 0x000000070ac00000, 0x000000070ac00000|100%| E|CS|TAMS 0x000000070aa00000, 0x000000070aa00000| Complete 
|  68|0x000000070ac00000, 0x000000070ae00000, 0x000000070ae00000|100%| E|CS|TAMS 0x000000070ac00000, 0x000000070ac00000| Complete 
|  69|0x000000070ae00000, 0x000000070b000000, 0x000000070b000000|100%| E|CS|TAMS 0x000000070ae00000, 0x000000070ae00000| Complete 
| 126|0x0000000712000000, 0x0000000712200000, 0x0000000712200000|100%| E|CS|TAMS 0x0000000712000000, 0x0000000712000000| Complete 

Card table byte_map: [0x0000028c97300000,0x0000028c97af0000] _byte_map_base: 0x0000028c93aee000

Marking Bits (Prev, Next): (CMBitMap*) 0x0000028cfff50bd0, (CMBitMap*) 0x0000028cfff50b90
 Prev Bits: [0x0000028c9c250000, 0x0000028ca01c0000)
 Next Bits: [0x0000028c982e0000, 0x0000028c9c250000)

Polling page: 0x0000028cfdda0000

Metaspace:

Usage:
  Non-class:     55.84 MB used.
      Class:      7.25 MB used.
       Both:     63.08 MB used.

Virtual space:
  Non-class space:       64.00 MB reserved,      56.00 MB ( 88%) committed,  1 nodes.
      Class space:        1.00 GB reserved,       7.44 MB ( <1%) committed,  1 nodes.
             Both:        1.06 GB reserved,      63.44 MB (  6%) committed. 

Chunk freelists:
   Non-Class:  7.91 MB
       Class:  8.42 MB
        Both:  16.33 MB

MaxMetaspaceSize: unlimited
CompressedClassSpaceSize: 1.00 GB
Initial GC threshold: 21.00 MB
Current GC threshold: 91.69 MB
CDS: on
MetaspaceReclaimPolicy: balanced
 - commit_granule_bytes: 65536.
 - commit_granule_words: 8192.
 - virtual_space_node_default_size: 8388608.
 - enlarge_chunks_in_place: 1.
 - new_chunks_are_fully_committed: 0.
 - uncommit_free_chunks: 1.
 - use_allocation_guard: 0.
 - handle_deallocations: 1.


Internal statistics:

num_allocs_failed_limit: 6.
num_arena_births: 372.
num_arena_deaths: 0.
num_vsnodes_births: 2.
num_vsnodes_deaths: 0.
num_space_committed: 1013.
num_space_uncommitted: 0.
num_chunks_returned_to_freelist: 6.
num_chunks_taken_from_freelist: 2676.
num_chunk_merges: 6.
num_chunk_splits: 2139.
num_chunks_enlarged: 1864.
num_inconsistent_stats: 0.

CodeHeap 'non-profiled nmethods': size=120000Kb used=5340Kb max_used=5340Kb free=114659Kb
 bounds [0x0000028c8f2a0000, 0x0000028c8f7e0000, 0x0000028c967d0000]
CodeHeap 'profiled nmethods': size=120000Kb used=28023Kb max_used=28118Kb free=91976Kb
 bounds [0x0000028c877d0000, 0x0000028c89380000, 0x0000028c8ed00000]
CodeHeap 'non-nmethods': size=5760Kb used=1391Kb max_used=1441Kb free=4368Kb
 bounds [0x0000028c8ed00000, 0x0000028c8ef70000, 0x0000028c8f2a0000]
 total_blobs=10181 nmethods=9461 adapters=628
 compilation: enabled
              stopped_count=0, restarted_count=0
 full_count=0

Compilation events (20 events):
Event: 16.673 Thread 0x0000028ca2c47ef0 11278       3       org.jetbrains.kotlin.psi2ir.generators.StatementGeneratorExtension::<init> (16 bytes)
Event: 16.674 Thread 0x0000028ca2c47ef0 nmethod 11278 0x0000028c88619990 code [0x0000028c88619ba0, 0x0000028c8861a218]
Event: 16.675 Thread 0x0000028ca2c47ef0 11279       3       org.jetbrains.kotlin.com.intellij.psi.impl.source.tree.LazyParseableElement::myText (13 bytes)
Event: 16.675 Thread 0x0000028ca2c47ef0 nmethod 11279 0x0000028c885f3490 code [0x0000028c885f3640, 0x0000028c885f3928]
Event: 16.676 Thread 0x0000028ca2c47ef0 11280       3       org.jetbrains.kotlin.psi2ir.generators.StatementGeneratorExtension::toIrType (20 bytes)
Event: 16.677 Thread 0x0000028ca2c47ef0 nmethod 11280 0x0000028c88617f10 code [0x0000028c88618240, 0x0000028c88619338]
Event: 16.679 Thread 0x0000028ca2c47ef0 11281       3       org.jetbrains.kotlin.types.TypeSubstitutor::create (16 bytes)
Event: 16.679 Thread 0x0000028ca2c47ef0 nmethod 11281 0x0000028c8842aa10 code [0x0000028c8842ac00, 0x0000028c8842b0d8]
Event: 16.679 Thread 0x0000028ca2c47ef0 11282       3       org.jetbrains.kotlin.psi2ir.generators.SamConversionsKt::isSamType (55 bytes)
Event: 16.680 Thread 0x0000028ce8c4bf20 nmethod 11260 0x0000028c8f7ce990 code [0x0000028c8f7cec20, 0x0000028c8f7cf988]
Event: 16.680 Thread 0x0000028ce8c4bf20 11284       4       org.jetbrains.kotlin.types.TypeSubstitutor::substituteTypeArguments (208 bytes)
Event: 16.680 Thread 0x0000028ca2c47ef0 nmethod 11282 0x0000028c88616710 code [0x0000028c88616a00, 0x0000028c88617a38]
Event: 16.680 Thread 0x0000028ca2c47ef0 11283       3       org.jetbrains.kotlin.backend.jvm.JvmGeneratorExtensionsImpl$JvmSamConversion::isPlatformSamType (11 bytes)
Event: 16.681 Thread 0x0000028ca2c47ef0 nmethod 11283 0x0000028c88615c90 code [0x0000028c88615ea0, 0x0000028c88616468]
Event: 16.683 Thread 0x0000028ca2c47ef0 11285       3       org.jetbrains.kotlin.resolve.OverridingUtil::compiledValueParameters (83 bytes)
Event: 16.684 Thread 0x0000028ca2c47ef0 nmethod 11285 0x0000028c88613d90 code [0x0000028c88614080, 0x0000028c886155e8]
Event: 16.686 Thread 0x0000028ca2c47ef0 11288       3       org.jetbrains.kotlin.com.intellij.psi.impl.source.tree.LazyParseablePsiElement::findChildrenByClass (68 bytes)
Event: 16.687 Thread 0x0000028ca2c47ef0 nmethod 11288 0x0000028c8850b010 code [0x0000028c8850b2e0, 0x0000028c8850c448]
Event: 16.687 Thread 0x0000028ca2c47ef0 11287       3       org.jetbrains.kotlin.psi.KtBlockExpression::getStatements (19 bytes)
Event: 16.688 Thread 0x0000028ca2c47ef0 nmethod 11287 0x0000028c884c3690 code [0x0000028c884c3880, 0x0000028c884c3e58]

GC Heap History (20 events):
Event: 4.266 GC heap before
{Heap before GC invocations=5 (full 0):
 garbage-first heap   total 75776K, used 26834K [0x0000000702400000, 0x0000000800000000)
  region size 2048K, 4 young (8192K), 3 survivors (6144K)
 Metaspace       used 26744K, committed 27008K, reserved 1114112K
  class space    used 3580K, committed 3712K, reserved 1048576K
}
Event: 4.275 GC heap after
{Heap after GC invocations=6 (full 0):
 garbage-first heap   total 75776K, used 24503K [0x0000000702400000, 0x0000000800000000)
  region size 2048K, 1 young (2048K), 1 survivors (2048K)
 Metaspace       used 26744K, committed 27008K, reserved 1114112K
  class space    used 3580K, committed 3712K, reserved 1048576K
}
Event: 4.762 GC heap before
{Heap before GC invocations=6 (full 0):
 garbage-first heap   total 75776K, used 51127K [0x0000000702400000, 0x0000000800000000)
  region size 2048K, 14 young (28672K), 1 survivors (2048K)
 Metaspace       used 32304K, committed 32512K, reserved 1114112K
  class space    used 4086K, committed 4160K, reserved 1048576K
}
Event: 4.770 GC heap after
{Heap after GC invocations=7 (full 0):
 garbage-first heap   total 75776K, used 26550K [0x0000000702400000, 0x0000000800000000)
  region size 2048K, 2 young (4096K), 2 survivors (4096K)
 Metaspace       used 32304K, committed 32512K, reserved 1114112K
  class space    used 4086K, committed 4160K, reserved 1048576K
}
Event: 5.207 GC heap before
{Heap before GC invocations=7 (full 0):
 garbage-first heap   total 75776K, used 38838K [0x0000000702400000, 0x0000000800000000)
  region size 2048K, 9 young (18432K), 2 survivors (4096K)
 Metaspace       used 35740K, committed 35968K, reserved 1114112K
  class space    used 4429K, committed 4544K, reserved 1048576K
}
Event: 5.216 GC heap after
{Heap after GC invocations=8 (full 0):
 garbage-first heap   total 124928K, used 27648K [0x0000000702400000, 0x0000000800000000)
  region size 2048K, 1 young (2048K), 1 survivors (2048K)
 Metaspace       used 35740K, committed 35968K, reserved 1114112K
  class space    used 4429K, committed 4544K, reserved 1048576K
}
Event: 6.744 GC heap before
{Heap before GC invocations=9 (full 0):
 garbage-first heap   total 102400K, used 89088K [0x0000000702400000, 0x0000000800000000)
  region size 2048K, 30 young (61440K), 1 survivors (2048K)
 Metaspace       used 45014K, committed 45248K, reserved 1114112K
  class space    used 5616K, committed 5696K, reserved 1048576K
}
Event: 6.757 GC heap after
{Heap after GC invocations=10 (full 0):
 garbage-first heap   total 102400K, used 33628K [0x0000000702400000, 0x0000000800000000)
  region size 2048K, 3 young (6144K), 3 survivors (6144K)
 Metaspace       used 45014K, committed 45248K, reserved 1114112K
  class space    used 5616K, committed 5696K, reserved 1048576K
}
Event: 6.888 GC heap before
{Heap before GC invocations=10 (full 0):
 garbage-first heap   total 102400K, used 35676K [0x0000000702400000, 0x0000000800000000)
  region size 2048K, 4 young (8192K), 3 survivors (6144K)
 Metaspace       used 45531K, committed 45824K, reserved 1114112K
  class space    used 5683K, committed 5824K, reserved 1048576K
}
Event: 6.902 GC heap after
{Heap after GC invocations=11 (full 0):
 garbage-first heap   total 102400K, used 34011K [0x0000000702400000, 0x0000000800000000)
  region size 2048K, 1 young (2048K), 1 survivors (2048K)
 Metaspace       used 45531K, committed 45824K, reserved 1114112K
  class space    used 5683K, committed 5824K, reserved 1048576K
}
Event: 8.600 GC heap before
{Heap before GC invocations=11 (full 0):
 garbage-first heap   total 102400K, used 77019K [0x0000000702400000, 0x0000000800000000)
  region size 2048K, 22 young (45056K), 1 survivors (2048K)
 Metaspace       used 50415K, committed 50752K, reserved 1114112K
  class space    used 6219K, committed 6400K, reserved 1048576K
}
Event: 8.620 GC heap after
{Heap after GC invocations=12 (full 0):
 garbage-first heap   total 102400K, used 40362K [0x0000000702400000, 0x0000000800000000)
  region size 2048K, 3 young (6144K), 3 survivors (6144K)
 Metaspace       used 50415K, committed 50752K, reserved 1114112K
  class space    used 6219K, committed 6400K, reserved 1048576K
}
Event: 9.750 GC heap before
{Heap before GC invocations=12 (full 0):
 garbage-first heap   total 102400K, used 77226K [0x0000000702400000, 0x0000000800000000)
  region size 2048K, 21 young (43008K), 3 survivors (6144K)
 Metaspace       used 51516K, committed 51776K, reserved 1114112K
  class space    used 6257K, committed 6400K, reserved 1048576K
}
Event: 9.782 GC heap after
{Heap after GC invocations=13 (full 0):
 garbage-first heap   total 102400K, used 46675K [0x0000000702400000, 0x0000000800000000)
  region size 2048K, 3 young (6144K), 3 survivors (6144K)
 Metaspace       used 51516K, committed 51776K, reserved 1114112K
  class space    used 6257K, committed 6400K, reserved 1048576K
}
Event: 10.646 GC heap before
{Heap before GC invocations=13 (full 0):
 garbage-first heap   total 102400K, used 79443K [0x0000000702400000, 0x0000000800000000)
  region size 2048K, 19 young (38912K), 3 survivors (6144K)
 Metaspace       used 53134K, committed 53504K, reserved 1114112K
  class space    used 6428K, committed 6592K, reserved 1048576K
}
Event: 10.674 GC heap after
{Heap after GC invocations=14 (full 0):
 garbage-first heap   total 102400K, used 50684K [0x0000000702400000, 0x0000000800000000)
  region size 2048K, 2 young (4096K), 2 survivors (4096K)
 Metaspace       used 53134K, committed 53504K, reserved 1114112K
  class space    used 6428K, committed 6592K, reserved 1048576K
}
Event: 12.452 GC heap before
{Heap before GC invocations=14 (full 0):
 garbage-first heap   total 102400K, used 79356K [0x0000000702400000, 0x0000000800000000)
  region size 2048K, 16 young (32768K), 2 survivors (4096K)
 Metaspace       used 55998K, committed 56320K, reserved 1114112K
  class space    used 6677K, committed 6848K, reserved 1048576K
}
Event: 12.477 GC heap after
{Heap after GC invocations=15 (full 0):
 garbage-first heap   total 145408K, used 55117K [0x0000000702400000, 0x0000000800000000)
  region size 2048K, 2 young (4096K), 2 survivors (4096K)
 Metaspace       used 55998K, committed 56320K, reserved 1114112K
  class space    used 6677K, committed 6848K, reserved 1048576K
}
Event: 15.324 GC heap before
{Heap before GC invocations=16 (full 0):
 garbage-first heap   total 145408K, used 106317K [0x0000000702400000, 0x0000000800000000)
  region size 2048K, 27 young (55296K), 2 survivors (4096K)
 Metaspace       used 58795K, committed 59136K, reserved 1114112K
  class space    used 6846K, committed 7040K, reserved 1048576K
}
Event: 15.341 GC heap after
{Heap after GC invocations=17 (full 0):
 garbage-first heap   total 145408K, used 59491K [0x0000000702400000, 0x0000000800000000)
  region size 2048K, 4 young (8192K), 4 survivors (8192K)
 Metaspace       used 58795K, committed 59136K, reserved 1114112K
  class space    used 6846K, committed 7040K, reserved 1048576K
}

Deoptimization events (20 events):
Event: 16.294 Thread 0x0000028cfdec9fb0 Uncommon trap: trap_request=0xffffffde fr.pc=0x0000028c8f2f4024 relative=0x0000000000000c44
Event: 16.294 Thread 0x0000028cfdec9fb0 Uncommon trap: reason=class_check action=maybe_recompile pc=0x0000028c8f2f4024 method=kotlin.collections.CollectionsKt___CollectionsKt.toSet(Ljava/lang/Iterable;)Ljava/util/Set; @ 58 c2
Event: 16.294 Thread 0x0000028cfdec9fb0 DEOPT PACKING pc=0x0000028c8f2f4024 sp=0x000000c2628fddd0
Event: 16.294 Thread 0x0000028cfdec9fb0 DEOPT UNPACKING pc=0x0000028c8ed523a3 sp=0x000000c2628fddb0 mode 2
Event: 16.297 Thread 0x0000028cfdec9fb0 Uncommon trap: trap_request=0xffffffde fr.pc=0x0000028c8f2f4024 relative=0x0000000000000c44
Event: 16.297 Thread 0x0000028cfdec9fb0 Uncommon trap: reason=class_check action=maybe_recompile pc=0x0000028c8f2f4024 method=kotlin.collections.CollectionsKt___CollectionsKt.toSet(Ljava/lang/Iterable;)Ljava/util/Set; @ 58 c2
Event: 16.297 Thread 0x0000028cfdec9fb0 DEOPT PACKING pc=0x0000028c8f2f4024 sp=0x000000c2628fdae0
Event: 16.297 Thread 0x0000028cfdec9fb0 DEOPT UNPACKING pc=0x0000028c8ed523a3 sp=0x000000c2628fdac0 mode 2
Event: 16.298 Thread 0x0000028cfdec9fb0 Uncommon trap: trap_request=0xffffffde fr.pc=0x0000028c8f2f4024 relative=0x0000000000000c44
Event: 16.298 Thread 0x0000028cfdec9fb0 Uncommon trap: reason=class_check action=maybe_recompile pc=0x0000028c8f2f4024 method=kotlin.collections.CollectionsKt___CollectionsKt.toSet(Ljava/lang/Iterable;)Ljava/util/Set; @ 58 c2
Event: 16.298 Thread 0x0000028cfdec9fb0 DEOPT PACKING pc=0x0000028c8f2f4024 sp=0x000000c2628fddd0
Event: 16.298 Thread 0x0000028cfdec9fb0 DEOPT UNPACKING pc=0x0000028c8ed523a3 sp=0x000000c2628fddb0 mode 2
Event: 16.299 Thread 0x0000028cfdec9fb0 Uncommon trap: trap_request=0xffffffde fr.pc=0x0000028c8f2f4024 relative=0x0000000000000c44
Event: 16.299 Thread 0x0000028cfdec9fb0 Uncommon trap: reason=class_check action=maybe_recompile pc=0x0000028c8f2f4024 method=kotlin.collections.CollectionsKt___CollectionsKt.toSet(Ljava/lang/Iterable;)Ljava/util/Set; @ 58 c2
Event: 16.299 Thread 0x0000028cfdec9fb0 DEOPT PACKING pc=0x0000028c8f2f4024 sp=0x000000c2628fdae0
Event: 16.299 Thread 0x0000028cfdec9fb0 DEOPT UNPACKING pc=0x0000028c8ed523a3 sp=0x000000c2628fdac0 mode 2
Event: 16.581 Thread 0x0000028cfdec9fb0 Uncommon trap: trap_request=0xffffffde fr.pc=0x0000028c8f769568 relative=0x0000000000000368
Event: 16.581 Thread 0x0000028cfdec9fb0 Uncommon trap: reason=class_check action=maybe_recompile pc=0x0000028c8f769568 method=org.jetbrains.kotlin.resolve.calls.inference.components.NewTypeSubstitutor.substitute(Lorg/jetbrains/kotlin/types/UnwrappedType;ZZ)Lorg/jetbrains/kotlin/types/UnwrappedT
Event: 16.582 Thread 0x0000028cfdec9fb0 DEOPT PACKING pc=0x0000028c8f769568 sp=0x000000c2628fc500
Event: 16.582 Thread 0x0000028cfdec9fb0 DEOPT UNPACKING pc=0x0000028c8ed523a3 sp=0x000000c2628fc480 mode 2

Classes unloaded (0 events):
No events

Classes redefined (0 events):
No events

Internal exceptions (20 events):
Event: 10.208 Thread 0x0000028cfdec9fb0 Implicit null exception at 0x0000028c8f520e15 to 0x0000028c8f522580
Event: 10.208 Thread 0x0000028cfdec9fb0 Implicit null exception at 0x0000028c8f4f7ca0 to 0x0000028c8f4f844c
Event: 10.585 Thread 0x0000028cfdec9fb0 Implicit null exception at 0x0000028c8f2d7bc0 to 0x0000028c8f2d8c08
Event: 10.717 Thread 0x0000028cfdec9fb0 Implicit null exception at 0x0000028c8f36b203 to 0x0000028c8f36b558
Event: 10.847 Thread 0x0000028cfdec9fb0 Exception <a 'java/lang/NoSuchMethodError'{0x000000070845f998}: 'int java.lang.invoke.DirectMethodHandle$Holder.invokeStaticInit(java.lang.Object, int)'> (0x000000070845f998) 
thrown [s\open\src\hotspot\share\interpreter\linkResolver.cpp, line 759]
Event: 10.927 Thread 0x0000028cfdec9fb0 Implicit null exception at 0x0000028c8f2bb6f2 to 0x0000028c8f2bbd4c
Event: 10.953 Thread 0x0000028cfdec9fb0 Implicit null exception at 0x0000028c8f2bc7f2 to 0x0000028c8f2bce4c
Event: 11.100 Thread 0x0000028cfdec9fb0 Exception <a 'java/lang/NoSuchMethodError'{0x0000000707d3dfa0}: 'java.lang.Object java.lang.invoke.DirectMethodHandle$Holder.invokeInterface(java.lang.Object, java.lang.Object, java.lang.Object)'> (0x0000000707d3dfa0) 
thrown [s\open\src\hotspot\share\interpreter\linkResolver.cpp, line 759]
Event: 11.101 Thread 0x0000028cfdec9fb0 Exception <a 'java/lang/IncompatibleClassChangeError'{0x0000000707d41910}: Found class java.lang.Object, but interface was expected> (0x0000000707d41910) 
thrown [s\open\src\hotspot\share\interpreter\linkResolver.cpp, line 826]
Event: 11.111 Thread 0x0000028cfdec9fb0 Exception <a 'java/lang/NoSuchMethodError'{0x0000000707d7aa10}: 'java.lang.Object java.lang.invoke.DirectMethodHandle$Holder.newInvokeSpecial(java.lang.Object, java.lang.Object, java.lang.Object, java.lang.Object, java.lang.Object, java.lang.Object, java.lang.Object)'> (0x0000000707d7aa10) 
thrown [s\open\src\hotspot\share\interpreter\linkResolver.cpp, line 759]
Event: 11.111 Thread 0x0000028cfdec9fb0 Exception <a 'java/lang/NoSuchMethodError'{0x0000000707d7f5c8}: 'java.lang.Object java.lang.invoke.Invokers$Holder.linkToTargetMethod(java.lang.Object, java.lang.Object, java.lang.Object, java.lang.Object, java.lang.Object, java.lang.Object, java.lang.Object)'> (0x0000000707d7f5c8) 
thrown [s\open\src\hotspot\share\interpreter\linkResolver.cpp, line 759]
Event: 11.354 Thread 0x0000028cfdec9fb0 Implicit null exception at 0x0000028c8f68b2ca to 0x0000028c8f68e75b
Event: 12.776 Thread 0x0000028cfdec9fb0 Exception <a 'java/lang/NoSuchMethodError'{0x000000070af5fb10}: 'void java.lang.invoke.DirectMethodHandle$Holder.invokeStatic(java.lang.Object, java.lang.Object, java.lang.Object)'> (0x000000070af5fb10) 
thrown [s\open\src\hotspot\share\interpreter\linkResolver.cpp, line 759]
Event: 15.535 Thread 0x0000028cfdec9fb0 Exception <a 'java/lang/NoSuchMethodError'{0x000000070aca7110}: 'java.lang.Object java.lang.invoke.DirectMethodHandle$Holder.invokeStaticInit(java.lang.Object, java.lang.Object, java.lang.Object, java.lang.Object)'> (0x000000070aca7110) 
thrown [s\open\src\hotspot\share\interpreter\linkResolver.cpp, line 759]
Event: 16.043 Thread 0x0000028cfdec9fb0 Exception <a 'java/lang/NoSuchMethodError'{0x0000000709ccea70}: 'java.lang.Object java.lang.invoke.DirectMethodHandle$Holder.newInvokeSpecial(java.lang.Object, java.lang.Object, java.lang.Object, int, int)'> (0x0000000709ccea70) 
thrown [s\open\src\hotspot\share\interpreter\linkResolver.cpp, line 759]
Event: 16.044 Thread 0x0000028cfdec9fb0 Exception <a 'java/lang/NoSuchMethodError'{0x0000000709cd28b0}: 'java.lang.Object java.lang.invoke.DirectMethodHandle$Holder.invokeSpecial(java.lang.Object, java.lang.Object, java.lang.Object, java.lang.Object, int, int)'> (0x0000000709cd28b0) 
thrown [s\open\src\hotspot\share\interpreter\linkResolver.cpp, line 759]
Event: 16.072 Thread 0x0000028cfdec9fb0 Exception <a 'java/lang/NoSuchMethodError'{0x0000000709dce078}: 'java.lang.Object java.lang.invoke.DirectMethodHandle$Holder.invokeSpecial(java.lang.Object, java.lang.Object, int, int, java.lang.Object, java.lang.Object, java.lang.Object, java.lang.Object, java.lang.Object)'> (0x0000000709dce078) 
thrown [s\open\src\hotspot\share\interpreter\linkResolver.cpp, line 759]
Event: 16.078 Thread 0x0000028cfdec9fb0 Implicit null exception at 0x0000028c8f30ab70 to 0x0000028c8f30add0
Event: 16.199 Thread 0x0000028cfdec9fb0 Exception <a 'java/lang/NoSuchMethodError'{0x0000000709bed8c0}: 'java.lang.Object java.lang.invoke.DirectMethodHandle$Holder.newInvokeSpecial(java.lang.Object, java.lang.Object, int, int, java.lang.Object, java.lang.Object, java.lang.Object)'> (0x0000000709bed8c0) 
thrown [s\open\src\hotspot\share\interpreter\linkResolver.cpp, line 759]
Event: 16.201 Thread 0x0000028cfdec9fb0 Exception <a 'java/lang/NoSuchMethodError'{0x0000000709bf1ec0}: 'java.lang.Object java.lang.invoke.DirectMethodHandle$Holder.invokeSpecial(java.lang.Object, java.lang.Object, java.lang.Object, int, int, java.lang.Object, java.lang.Object, java.lang.Object)'> (0x0000000709bf1ec0) 
thrown [s\open\src\hotspot\share\interpreter\linkResolver.cpp, line 759]

VM Operations (20 events):
Event: 15.741 Executing VM operation: HandshakeAllThreads
Event: 15.741 Executing VM operation: HandshakeAllThreads done
Event: 15.741 Executing VM operation: HandshakeAllThreads
Event: 15.741 Executing VM operation: HandshakeAllThreads done
Event: 15.775 Executing VM operation: HandshakeAllThreads
Event: 15.776 Executing VM operation: HandshakeAllThreads done
Event: 15.809 Executing VM operation: HandshakeAllThreads
Event: 15.827 Executing VM operation: HandshakeAllThreads done
Event: 16.065 Executing VM operation: ICBufferFull
Event: 16.066 Executing VM operation: ICBufferFull done
Event: 16.089 Executing VM operation: HandshakeAllThreads
Event: 16.089 Executing VM operation: HandshakeAllThreads done
Event: 16.234 Executing VM operation: ICBufferFull
Event: 16.234 Executing VM operation: ICBufferFull done
Event: 16.270 Executing VM operation: HandshakeAllThreads
Event: 16.270 Executing VM operation: HandshakeAllThreads done
Event: 16.462 Executing VM operation: ICBufferFull
Event: 16.462 Executing VM operation: ICBufferFull done
Event: 16.570 Executing VM operation: ICBufferFull
Event: 16.570 Executing VM operation: ICBufferFull done

Events (20 events):
Event: 15.850 Thread 0x0000028ca2c4e320 flushing nmethod 0x0000028c88ff8590
Event: 15.850 Thread 0x0000028ca2c4e320 flushing nmethod 0x0000028c89023d10
Event: 15.850 Thread 0x0000028ca2c4e320 flushing nmethod 0x0000028c89049c90
Event: 15.850 Thread 0x0000028ca2c4e320 flushing nmethod 0x0000028c89088a90
Event: 15.851 Thread 0x0000028ca2c4e320 flushing nmethod 0x0000028c890bf910
Event: 15.851 Thread 0x0000028ca2c4e320 flushing nmethod 0x0000028c890c2590
Event: 15.851 Thread 0x0000028ca2c4e320 flushing nmethod 0x0000028c890dbe10
Event: 15.851 Thread 0x0000028ca2c4e320 flushing nmethod 0x0000028c890fd090
Event: 15.851 Thread 0x0000028ca2c4e320 flushing nmethod 0x0000028c89104d10
Event: 15.851 Thread 0x0000028ca2c4e320 flushing nmethod 0x0000028c8918b710
Event: 15.851 Thread 0x0000028ca2c4e320 flushing nmethod 0x0000028c8918d590
Event: 15.851 Thread 0x0000028ca2c4e320 flushing nmethod 0x0000028c8919ba10
Event: 15.851 Thread 0x0000028ca2c4e320 flushing nmethod 0x0000028c8919ff10
Event: 15.851 Thread 0x0000028ca2c4e320 flushing nmethod 0x0000028c891a0d90
Event: 15.851 Thread 0x0000028ca2c4e320 flushing nmethod 0x0000028c891a7490
Event: 15.851 Thread 0x0000028ca2c4e320 flushing nmethod 0x0000028c891ac090
Event: 15.851 Thread 0x0000028ca2c4e320 flushing nmethod 0x0000028c891c4890
Event: 15.852 Thread 0x0000028ca2c4e320 flushing nmethod 0x0000028c892a9790
Event: 15.853 Thread 0x0000028ca2c4e320 flushing nmethod 0x0000028c89302d10
Event: 15.853 Thread 0x0000028ca2c4e320 flushing nmethod 0x0000028c8930b110


Dynamic libraries:
0x00007ff69bb40000 - 0x00007ff69bb50000 	C:\Program Files\Java\jdk-17\bin\java.exe
0x00007fff3f5b0000 - 0x00007fff3f7c6000 	C:\WINDOWS\SYSTEM32\ntdll.dll
0x00007fff3df40000 - 0x00007fff3e004000 	C:\WINDOWS\System32\KERNEL32.DLL
0x00007fff3cba0000 - 0x00007fff3cf46000 	C:\WINDOWS\System32\KERNELBASE.dll
0x00007fff3d1e0000 - 0x00007fff3d2f1000 	C:\WINDOWS\System32\ucrtbase.dll
0x00007fff379d0000 - 0x00007fff379e9000 	C:\Program Files\Java\jdk-17\bin\jli.dll
0x00007fff3d9d0000 - 0x00007fff3da82000 	C:\WINDOWS\System32\ADVAPI32.dll
0x00007fff3ed40000 - 0x00007fff3ede7000 	C:\WINDOWS\System32\msvcrt.dll
0x00007fff3d920000 - 0x00007fff3d9c8000 	C:\WINDOWS\System32\sechost.dll
0x00007fff3c9b0000 - 0x00007fff3c9d8000 	C:\WINDOWS\System32\bcrypt.dll
0x00007fff3da90000 - 0x00007fff3dba5000 	C:\WINDOWS\System32\RPCRT4.dll
0x00007fff3eb90000 - 0x00007fff3ed3d000 	C:\WINDOWS\System32\USER32.dll
0x00007fff3cb00000 - 0x00007fff3cb26000 	C:\WINDOWS\System32\win32u.dll
0x00007fff3edf0000 - 0x00007fff3ee19000 	C:\WINDOWS\System32\GDI32.dll
0x00007fff3c9e0000 - 0x00007fff3caf8000 	C:\WINDOWS\System32\gdi32full.dll
0x00007fff3d140000 - 0x00007fff3d1da000 	C:\WINDOWS\System32\msvcp_win.dll
0x00007fff35c60000 - 0x00007fff35c7b000 	C:\Program Files\Java\jdk-17\bin\VCRUNTIME140.dll
0x00007fff1dc50000 - 0x00007fff1dee3000 	C:\WINDOWS\WinSxS\amd64_microsoft.windows.common-controls_6595b64144ccf1df_6.0.22621.3235_none_270f74e173860f98\COMCTL32.dll
0x00007fff32790000 - 0x00007fff3279a000 	C:\WINDOWS\SYSTEM32\VERSION.dll
0x00007fff3eea0000 - 0x00007fff3eed1000 	C:\WINDOWS\System32\IMM32.DLL
0x00007fff39bf0000 - 0x00007fff39bfc000 	C:\Program Files\Java\jdk-17\bin\vcruntime140_1.dll
0x00007fff1d010000 - 0x00007fff1d09e000 	C:\Program Files\Java\jdk-17\bin\msvcp140.dll
0x00007ffec5aa0000 - 0x00007ffec6681000 	C:\Program Files\Java\jdk-17\bin\server\jvm.dll
0x00007fff3f560000 - 0x00007fff3f568000 	C:\WINDOWS\System32\PSAPI.DLL
0x00007ffefdda0000 - 0x00007ffefdda9000 	C:\WINDOWS\SYSTEM32\WSOCK32.dll
0x00007fff3ee20000 - 0x00007fff3ee91000 	C:\WINDOWS\System32\WS2_32.dll
0x00007fff339d0000 - 0x00007fff33a04000 	C:\WINDOWS\SYSTEM32\WINMM.dll
0x00007fff3ba20000 - 0x00007fff3ba38000 	C:\WINDOWS\SYSTEM32\kernel.appcore.dll
0x00007fff35ca0000 - 0x00007fff35caa000 	C:\Program Files\Java\jdk-17\bin\jimage.dll
0x00007fff37b40000 - 0x00007fff37d73000 	C:\WINDOWS\SYSTEM32\DBGHELP.DLL
0x00007fff3dbb0000 - 0x00007fff3df38000 	C:\WINDOWS\System32\combase.dll
0x00007fff3d520000 - 0x00007fff3d5f7000 	C:\WINDOWS\System32\OLEAUT32.dll
0x00007fff1bf40000 - 0x00007fff1bf72000 	C:\WINDOWS\SYSTEM32\dbgcore.DLL
0x00007fff3d0c0000 - 0x00007fff3d13a000 	C:\WINDOWS\System32\bcryptPrimitives.dll
0x00007fff28e90000 - 0x00007fff28eb5000 	C:\Program Files\Java\jdk-17\bin\java.dll
0x00007ffefcca0000 - 0x00007ffefcd77000 	C:\Program Files\Java\jdk-17\bin\jsvml.dll
0x00007fff3e170000 - 0x00007fff3e9cd000 	C:\WINDOWS\System32\SHELL32.dll
0x00007fff3a860000 - 0x00007fff3b158000 	C:\WINDOWS\SYSTEM32\windows.storage.dll
0x00007fff3a720000 - 0x00007fff3a85e000 	C:\WINDOWS\SYSTEM32\wintypes.dll
0x00007fff3d420000 - 0x00007fff3d513000 	C:\WINDOWS\System32\SHCORE.dll
0x00007fff3ea60000 - 0x00007fff3eabe000 	C:\WINDOWS\System32\shlwapi.dll
0x00007fff3c820000 - 0x00007fff3c846000 	C:\WINDOWS\SYSTEM32\profapi.dll
0x00007fff35c40000 - 0x00007fff35c59000 	C:\Program Files\Java\jdk-17\bin\net.dll
0x00007fff35a80000 - 0x00007fff35bb7000 	C:\WINDOWS\SYSTEM32\WINHTTP.dll
0x00007fff3bea0000 - 0x00007fff3bf09000 	C:\WINDOWS\system32\mswsock.dll
0x00007fff33ac0000 - 0x00007fff33ad6000 	C:\Program Files\Java\jdk-17\bin\nio.dll
0x00007fff29050000 - 0x00007fff29068000 	C:\Program Files\Java\jdk-17\bin\zip.dll
0x00007fff37a20000 - 0x00007fff37a30000 	C:\Program Files\Java\jdk-17\bin\verify.dll

dbghelp: loaded successfully - version: 4.0.5 - missing functions: none
symbol engine: initialized successfully - sym options: 0x614 - pdb path: .;C:\Program Files\Java\jdk-17\bin;C:\WINDOWS\SYSTEM32;C:\WINDOWS\WinSxS\amd64_microsoft.windows.common-controls_6595b64144ccf1df_6.0.22621.3235_none_270f74e173860f98;C:\Program Files\Java\jdk-17\bin\server

VM Arguments:
java_command: org.jetbrains.kotlin.cli.jvm.K2JVMCompiler @D:\NestedRoutingPoc\node_modules\react-native-safe-area-context\android\build\20240408_18334610007268475260.compiler.options
java_class_path (initial): C:\Users\harsh\.gradle\caches\modules-2\files-2.1\org.jetbrains.kotlin\kotlin-compiler-embeddable\1.8.0\eb9118d4bcceaa2a94b2ae2a33a4ddba7c9a947f\kotlin-compiler-embeddable-1.8.0.jar;C:\Users\harsh\.gradle\caches\modules-2\files-2.1\org.jetbrains.kotlin\kotlin-stdlib\1.8.0\1796921c7a3e2e2665a83e6c8d33399336cd39bc\kotlin-stdlib-1.8.0.jar;C:\Users\harsh\.gradle\caches\modules-2\files-2.1\org.jetbrains.kotlin\kotlin-script-runtime\1.8.0\b2f7e760d283cb339974851c222a4c1d48f2d3d\kotlin-script-runtime-1.8.0.jar;C:\Users\harsh\.gradle\caches\modules-2\files-2.1\org.jetbrains.kotlin\kotlin-reflect\1.6.10\1cbe9c92c12a94eea200d23c2bbaedaf3daf5132\kotlin-reflect-1.6.10.jar;C:\Users\harsh\.gradle\caches\modules-2\files-2.1\org.jetbrains.kotlin\kotlin-daemon-embeddable\1.8.0\d255216c551685dc3a7e852b53617f5f01aaaa5c\kotlin-daemon-embeddable-1.8.0.jar;C:\Users\harsh\.gradle\caches\modules-2\files-2.1\org.jetbrains.intellij.deps\trove4j\1.0.20200330\3afb14d5f9ceb459d724e907a21145e8ff394f02\trove4j-1.0.20200330.jar;C:\Users\harsh\.gradle\caches\modules-2\files-2.1\net.java.dev.jna\jna\5.6.0\330f2244e9030119ab3030fc3fededc86713d9cc\jna-5.6.0.jar;C:\Users\harsh\.gradle\caches\modules-2\files-2.1\org.jetbrains.kotlin\kotlin-stdlib-common\1.8.0\f7197e7cc76453ac59f8b0f8d5137cc600becd36\kotlin-stdlib-common-1.8.0.jar;C:\Users\harsh\.gradle\caches\modules-2\files-2.1\org.jetbrains\annotations\13.0\919f0dfe192fb4e063e7dacadee7f8bb9a2672a9\annotations-13.0.jar
Launcher Type: SUN_STANDARD

[Global flags]
     intx CICompilerCount                          = 4                                         {product} {ergonomic}
     uint ConcGCThreads                            = 2                                         {product} {ergonomic}
     uint G1ConcRefinementThreads                  = 8                                         {product} {ergonomic}
   size_t G1HeapRegionSize                         = 2097152                                   {product} {ergonomic}
    uintx GCDrainStackTargetSize                   = 64                                        {product} {ergonomic}
   size_t InitialHeapSize                          = 266338304                                 {product} {ergonomic}
   size_t MarkStackSize                            = 4194304                                   {product} {ergonomic}
   size_t MaxHeapSize                              = 4257218560                                {product} {ergonomic}
   size_t MaxNewSize                               = 2554331136                                {product} {ergonomic}
   size_t MinHeapDeltaBytes                        = 2097152                                   {product} {ergonomic}
   size_t MinHeapSize                              = 8388608                                   {product} {ergonomic}
    uintx NonNMethodCodeHeapSize                   = 5839372                                {pd product} {ergonomic}
    uintx NonProfiledCodeHeapSize                  = 122909434                              {pd product} {ergonomic}
    uintx ProfiledCodeHeapSize                     = 122909434                              {pd product} {ergonomic}
    uintx ReservedCodeCacheSize                    = 251658240                              {pd product} {ergonomic}
     bool SegmentedCodeCache                       = true                                      {product} {ergonomic}
   size_t SoftMaxHeapSize                          = 4257218560                             {manageable} {ergonomic}
     bool UseCompressedClassPointers               = true                           {product lp64_product} {ergonomic}
     bool UseCompressedOops                        = true                           {product lp64_product} {ergonomic}
     bool UseG1GC                                  = true                                      {product} {ergonomic}
     bool UseLargePagesIndividualAllocation        = false                                  {pd product} {ergonomic}

Logging:
Log output configuration:
 #0: stdout all=warning uptime,level,tags
 #1: stderr all=off uptime,level,tags

Environment Variables:
JAVA_HOME=C:\Program Files\Java\jdk-17
CLASSPATH=D:\NestedRoutingPoc\android\\gradle\wrapper\gradle-wrapper.jar
PATH=C:\Program Files\Java\jdk-17\bin;C:\Program Files\Common Files\Oracle\Java\javapath;C:\Python312\Scripts\;C:\Python312\;C:\Program Files\Microsoft\jdk-11.0.18.10-hotspot\bin;C:\Python311\Scripts\;C:\Python311\;C:\WINDOWS\system32;C:\WINDOWS;C:\WINDOWS\System32\Wbem;C:\WINDOWS\System32\WindowsPowerShell\v1.0\;C:\WINDOWS\System32\OpenSSH\;C:\Program Files\dotnet\;C:\ProgramData\chocolatey\bin;C:\Program Files\Git\cmd;C:\Program Files (x86)\NVIDIA Corporation\PhysX\Common;C:\Program Files\NVIDIA Corporation\NVIDIA NvDLISR;D:\Node\;C:\Users\harsh\AppData\Local\Microsoft\WindowsApps;C:\Users\harsh\AppData\Local\Programs\Microsoft VS Code\bin;C:\Users\harsh\AppData\Local\Android\Sdk\platform-tools;C:\Users\harsh\AppData\Roaming\npm
USERNAME=harsh
LANG=en_US.UTF-8
OS=Windows_NT
PROCESSOR_IDENTIFIER=Intel64 Family 6 Model 158 Stepping 10, GenuineIntel



---------------  S Y S T E M  ---------------

OS:
 Windows 11 , 64 bit Build 22621 (10.0.22621.3235)
OS uptime: 0 days 21:13 hours

CPU: total 8 (initial active 8) (4 cores per cpu, 2 threads per core) family 6 model 158 stepping 10 microcode 0xde, cx8, cmov, fxsr, ht, mmx, 3dnowpref, sse, sse2, sse3, ssse3, sse4.1, sse4.2, popcnt, lzcnt, tsc, tscinvbit, avx, avx2, aes, erms, clmul, bmi1, bmi2, adx, fma, vzeroupper, clflush, clflushopt

Memory: 4k page, system-wide physical 16235M (3247M free)
TotalPageFile size 46626M (AvailPageFile size 15M)
current process WorkingSet (physical memory assigned to process): 336M, peak: 351M
current process commit charge ("private bytes"): 379M, peak: 397M

vm_info: Java HotSpot(TM) 64-Bit Server VM (17.0.9+11-LTS-201) for windows-amd64 JRE (17.0.9+11-LTS-201), built on Oct 10 2023 23:16:06 by "mach5one" with MS VC++ 17.1 (VS2022)

END.
