#
# There is insufficient memory for the Java Runtime Environment to continue.
# Native memory allocation (mmap) failed to map 67108864 bytes for G1 virtual space
# Possible reasons:
#   The system is out of physical RAM or swap space
#   The process is running with CompressedOops enabled, and the Java Heap may be blocking the growth of the native heap
# Possible solutions:
#   Reduce memory load on the system
#   Increase physical memory or swap space
#   Check if swap backing store is full
#   Decrease Java heap size (-Xmx/-Xms)
#   Decrease number of Java threads
#   Decrease Java thread stack sizes (-Xss)
#   Set larger code cache with -XX:ReservedCodeCacheSize=
#   JVM is running with Unscaled Compressed Oops mode in which the Java heap is
#     placed in the first 4GB address space. The Java Heap base address is the
#     maximum limit for the native heap growth. Please use -XX:HeapBaseMinAddress
#     to set the Java Heap base and to place the Java Heap above 4GB virtual address.
# This output file may be truncated or incomplete.
#
#  Out of Memory Error (os_windows.cpp:3552), pid=2412, tid=24236
#
# JRE version:  (17.0.9+11) (build )
# Java VM: Java HotSpot(TM) 64-Bit Server VM (17.0.9+11-LTS-201, mixed mode, sharing, tiered, compressed oops, compressed class ptrs, g1 gc, windows-amd64)
# No core dump will be written. Minidumps are not enabled by default on client versions of Windows
#

---------------  S U M M A R Y ------------

Command Line: -Xmx64m -Xms64m -Dorg.gradle.appname=gradlew org.gradle.wrapper.GradleWrapperMain app:installDebug -PreactNativeDevServerPort=8081

Host: Intel(R) Core(TM) i5-8300H CPU @ 2.30GHz, 8 cores, 15G,  Windows 11 , 64 bit Build 22621 (10.0.22621.3235)
Time: Sun Apr  7 18:14:14 2024 India Standard Time elapsed time: 0.026498 seconds (0d 0h 0m 0s)

---------------  T H R E A D  ---------------

Current thread (0x00000177f0184910):  JavaThread "Unknown thread" [_thread_in_vm, id=24236, stack(0x00000002b6300000,0x00000002b6400000)]

Stack: [0x00000002b6300000,0x00000002b6400000]
Native frames: (J=compiled Java code, j=interpreted, Vv=VM code, C=native code)
V  [jvm.dll+0x678a4a]
V  [jvm.dll+0x7d9cfd]
V  [jvm.dll+0x7db60e]
V  [jvm.dll+0x7dbc73]
V  [jvm.dll+0x245e1f]
V  [jvm.dll+0x6758f9]
V  [jvm.dll+0x66a2a2]
V  [jvm.dll+0x303686]
V  [jvm.dll+0x30ac06]
V  [jvm.dll+0x35a48e]
V  [jvm.dll+0x35a6bf]
V  [jvm.dll+0x2da678]
V  [jvm.dll+0x2db5e4]
V  [jvm.dll+0x7ab6b1]
V  [jvm.dll+0x368041]
V  [jvm.dll+0x78a749]
V  [jvm.dll+0x3ebd4f]
V  [jvm.dll+0x3ed7d1]
C  [jli.dll+0x5297]
C  [ucrtbase.dll+0x29363]
C  [KERNEL32.DLL+0x1257d]
C  [ntdll.dll+0x5aa58]


---------------  P R O C E S S  ---------------

Threads class SMR info:
_java_thread_list=0x00007ffa4bba89d8, length=0, elements={
}

Java Threads: ( => current thread )

Other Threads:
  0x00000177f01a5240 GCTaskThread "GC Thread#0" [stack: 0x00000002b6400000,0x00000002b6500000] [id=16456]
  0x00000177f01a6990 ConcurrentGCThread "G1 Main Marker" [stack: 0x00000002b6500000,0x00000002b6600000] [id=13956]
  0x00000177f01a7b40 ConcurrentGCThread "G1 Conc#0" [stack: 0x00000002b6600000,0x00000002b6700000] [id=20952]

[error occurred during error reporting (printing all threads), id 0xc0000005, EXCEPTION_ACCESS_VIOLATION (0xc0000005) at pc=0x00007ffa4b3db2d7]

VM state: not at safepoint (not fully initialized)

VM Mutex/Monitor currently owned by a thread:  ([mutex/lock_event])
[0x00000177f0181300] Heap_lock - owner thread: 0x00000177f0184910

Heap address: 0x00000000fc000000, size: 64 MB, Compressed Oops mode: 32-bit

CDS archive(s) mapped at: [0x0000000000000000-0x0000000000000000-0x0000000000000000), size 0, SharedBaseAddress: 0x0000000800000000, ArchiveRelocationMode: 1.
Narrow klass base: 0x0000000000000000, Narrow klass shift: 0, Narrow klass range: 0x0

GC Precious Log:
<Empty>

Heap:
 garbage-first heap   total 0K, used 0K [0x00000000fc000000, 0x0000000100000000)
  region size 1024K, 0 young (0K), 0 survivors (0K)

[error occurred during error reporting (printing heap information), id 0xc0000005, EXCEPTION_ACCESS_VIOLATION (0xc0000005) at pc=0x00007ffa4b7c2229]

GC Heap History (0 events):
No events

Deoptimization events (0 events):
No events

Classes unloaded (0 events):
No events

Classes redefined (0 events):
No events

Internal exceptions (0 events):
No events

VM Operations (0 events):
No events

Events (1 events):
Event: 0.012 Loaded shared library C:\Program Files\Java\jdk-17\bin\java.dll


Dynamic libraries:
0x00007ff7dc390000 - 0x00007ff7dc3a0000 	C:\Program Files\Java\jdk-17\bin\java.exe
0x00007ffab5830000 - 0x00007ffab5a46000 	C:\WINDOWS\SYSTEM32\ntdll.dll
0x00007ffab3690000 - 0x00007ffab3754000 	C:\WINDOWS\System32\KERNEL32.DLL
0x00007ffab31d0000 - 0x00007ffab3576000 	C:\WINDOWS\System32\KERNELBASE.dll
0x00007ffab2de0000 - 0x00007ffab2ef1000 	C:\WINDOWS\System32\ucrtbase.dll
0x00007ffaaabc0000 - 0x00007ffaaabd9000 	C:\Program Files\Java\jdk-17\bin\jli.dll
0x00007ffa9d3d0000 - 0x00007ffa9d3eb000 	C:\Program Files\Java\jdk-17\bin\VCRUNTIME140.dll
0x00007ffab4a60000 - 0x00007ffab4b12000 	C:\WINDOWS\System32\ADVAPI32.dll
0x00007ffab5320000 - 0x00007ffab53c7000 	C:\WINDOWS\System32\msvcrt.dll
0x00007ffab5680000 - 0x00007ffab5728000 	C:\WINDOWS\System32\sechost.dll
0x00007ffab2ba0000 - 0x00007ffab2bc8000 	C:\WINDOWS\System32\bcrypt.dll
0x00007ffab5200000 - 0x00007ffab5315000 	C:\WINDOWS\System32\RPCRT4.dll
0x00007ffab4b20000 - 0x00007ffab4ccd000 	C:\WINDOWS\System32\USER32.dll
0x00007ffab2b70000 - 0x00007ffab2b96000 	C:\WINDOWS\System32\win32u.dll
0x00007ffab4cd0000 - 0x00007ffab4cf9000 	C:\WINDOWS\System32\GDI32.dll
0x00007ffab2cc0000 - 0x00007ffab2dd8000 	C:\WINDOWS\System32\gdi32full.dll
0x00007ffab2f00000 - 0x00007ffab2f9a000 	C:\WINDOWS\System32\msvcp_win.dll
0x00007ffaaaac0000 - 0x00007ffaaaaca000 	C:\WINDOWS\SYSTEM32\VERSION.dll
0x00007ffa93ff0000 - 0x00007ffa94283000 	C:\WINDOWS\WinSxS\amd64_microsoft.windows.common-controls_6595b64144ccf1df_6.0.22621.3235_none_270f74e173860f98\COMCTL32.dll
0x00007ffab4140000 - 0x00007ffab4171000 	C:\WINDOWS\System32\IMM32.DLL
0x00007ffaaca20000 - 0x00007ffaaca2c000 	C:\Program Files\Java\jdk-17\bin\vcruntime140_1.dll
0x00007ffa8b6a0000 - 0x00007ffa8b72e000 	C:\Program Files\Java\jdk-17\bin\msvcp140.dll
0x00007ffa4b0f0000 - 0x00007ffa4bcd1000 	C:\Program Files\Java\jdk-17\bin\server\jvm.dll
0x00007ffab57e0000 - 0x00007ffab57e8000 	C:\WINDOWS\System32\PSAPI.DLL
0x00007ffaab440000 - 0x00007ffaab474000 	C:\WINDOWS\SYSTEM32\WINMM.dll
0x00007ffa452f0000 - 0x00007ffa452f9000 	C:\WINDOWS\SYSTEM32\WSOCK32.dll
0x00007ffab4180000 - 0x00007ffab41f1000 	C:\WINDOWS\System32\WS2_32.dll
0x00007ffab1ca0000 - 0x00007ffab1cb8000 	C:\WINDOWS\SYSTEM32\kernel.appcore.dll
0x00007ffaa4520000 - 0x00007ffaa452a000 	C:\Program Files\Java\jdk-17\bin\jimage.dll
0x00007ffaafd30000 - 0x00007ffaaff63000 	C:\WINDOWS\SYSTEM32\DBGHELP.DLL
0x00007ffab3db0000 - 0x00007ffab4138000 	C:\WINDOWS\System32\combase.dll
0x00007ffab38e0000 - 0x00007ffab39b7000 	C:\WINDOWS\System32\OLEAUT32.dll
0x00007ffaaa5b0000 - 0x00007ffaaa5e2000 	C:\WINDOWS\SYSTEM32\dbgcore.DLL
0x00007ffab2c40000 - 0x00007ffab2cba000 	C:\WINDOWS\System32\bcryptPrimitives.dll
0x00007ffa93080000 - 0x00007ffa930a5000 	C:\Program Files\Java\jdk-17\bin\java.dll

dbghelp: loaded successfully - version: 4.0.5 - missing functions: none
symbol engine: initialized successfully - sym options: 0x614 - pdb path: .;C:\Program Files\Java\jdk-17\bin;C:\WINDOWS\SYSTEM32;C:\WINDOWS\WinSxS\amd64_microsoft.windows.common-controls_6595b64144ccf1df_6.0.22621.3235_none_270f74e173860f98;C:\Program Files\Java\jdk-17\bin\server

VM Arguments:
jvm_args: -Xmx64m -Xms64m -Dorg.gradle.appname=gradlew 
java_command: org.gradle.wrapper.GradleWrapperMain app:installDebug -PreactNativeDevServerPort=8081
java_class_path (initial): D:\NestedRoutingPoc\android\\gradle\wrapper\gradle-wrapper.jar
Launcher Type: SUN_STANDARD

[Global flags]
     intx CICompilerCount                          = 4                                         {product} {ergonomic}
     uint ConcGCThreads                            = 2                                         {product} {ergonomic}
     uint G1ConcRefinementThreads                  = 8                                         {product} {ergonomic}
   size_t G1HeapRegionSize                         = 1048576                                   {product} {ergonomic}
    uintx GCDrainStackTargetSize                   = 64                                        {product} {ergonomic}
   size_t InitialHeapSize                          = 67108864                                  {product} {command line}
   size_t MarkStackSize                            = 4194304                                   {product} {ergonomic}
   size_t MaxHeapSize                              = 67108864                                  {product} {command line}
   size_t MinHeapDeltaBytes                        = 1048576                                   {product} {ergonomic}
   size_t MinHeapSize                              = 67108864                                  {product} {command line}
    uintx NonNMethodCodeHeapSize                   = 5839372                                {pd product} {ergonomic}
    uintx NonProfiledCodeHeapSize                  = 122909434                              {pd product} {ergonomic}
    uintx ProfiledCodeHeapSize                     = 122909434                              {pd product} {ergonomic}
    uintx ReservedCodeCacheSize                    = 251658240                              {pd product} {ergonomic}
     bool SegmentedCodeCache                       = true                                      {product} {ergonomic}
   size_t SoftMaxHeapSize                          = 67108864                               {manageable} {ergonomic}
     bool UseCompressedClassPointers               = true                           {product lp64_product} {ergonomic}
     bool UseCompressedOops                        = true                           {product lp64_product} {ergonomic}
     bool UseG1GC                                  = true                                      {product} {ergonomic}
     bool UseLargePagesIndividualAllocation        = false                                  {pd product} {ergonomic}

Logging:
Log output configuration:
 #0: stdout all=warning uptime,level,tags
 #1: stderr all=off uptime,level,tags

Environment Variables:
JAVA_HOME=C:\Program Files\Java\jdk-17
CLASSPATH=D:\NestedRoutingPoc\android\\gradle\wrapper\gradle-wrapper.jar
PATH=D:\NestedRoutingPoc\node_modules\.bin;D:\NestedRoutingPoc\node_modules\.bin;D:\node_modules\.bin;C:\Users\harsh\AppData\Roaming\npm\node_modules\npm\node_modules\@npmcli\run-script\lib\node-gyp-bin;D:\NestedRoutingPoc\node_modules\.bin;D:\node_modules\.bin;C:\Users\harsh\AppData\Roaming\npm\node_modules\npm\node_modules\@npmcli\run-script\lib\node-gyp-bin;C:\Program Files\Java\jdk-17\bin;C:\Program Files\Common Files\Oracle\Java\javapath;C:\Python312\Scripts\;C:\Python312\;C:\Program Files\Microsoft\jdk-11.0.18.10-hotspot\bin;C:\Python311\Scripts\;C:\Python311\;C:\WINDOWS\system32;C:\WINDOWS;C:\WINDOWS\System32\Wbem;C:\WINDOWS\System32\WindowsPowerShell\v1.0\;C:\WINDOWS\System32\OpenSSH\;C:\Program Files\dotnet\;C:\ProgramData\chocolatey\bin;C:\Program Files\Git\cmd;C:\Program Files (x86)\NVIDIA Corporation\PhysX\Common;C:\Program Files\NVIDIA Corporation\NVIDIA NvDLISR;D:\Node\;C:\Users\harsh\AppData\Local\Microsoft\WindowsApps;C:\Users\harsh\AppData\Local\Programs\Microsoft VS Code\bin;C:\Users\harsh\AppData\Local\Android\Sdk\platform-tools;C:\Users\harsh\AppData\Roaming\npm
USERNAME=harsh
LANG=en_US.UTF-8
OS=Windows_NT
PROCESSOR_IDENTIFIER=Intel64 Family 6 Model 158 Stepping 10, GenuineIntel



---------------  S Y S T E M  ---------------

OS:
 Windows 11 , 64 bit Build 22621 (10.0.22621.3235)
OS uptime: 0 days 13:24 hours

CPU: total 8 (initial active 8) (4 cores per cpu, 2 threads per core) family 6 model 158 stepping 10 microcode 0xde, cx8, cmov, fxsr, ht, mmx, 3dnowpref, sse, sse2, sse3, ssse3, sse4.1, sse4.2, popcnt, lzcnt, tsc, tscinvbit, avx, avx2, aes, erms, clmul, bmi1, bmi2, adx, fma, vzeroupper, clflush, clflushopt

Memory: 4k page, system-wide physical 16235M (2437M free)
TotalPageFile size 65387M (AvailPageFile size 3M)
current process WorkingSet (physical memory assigned to process): 11M, peak: 11M
current process commit charge ("private bytes"): 59M, peak: 123M

vm_info: Java HotSpot(TM) 64-Bit Server VM (17.0.9+11-LTS-201) for windows-amd64 JRE (17.0.9+11-LTS-201), built on Oct 10 2023 23:16:06 by "mach5one" with MS VC++ 17.1 (VS2022)

END.
