#
# There is insufficient memory for the Java Runtime Environment to continue.
# Native memory allocation (malloc) failed to allocate 95376 bytes for Chunk::new
# Possible reasons:
#   The system is out of physical RAM or swap space
#   The process is running with CompressedOops enabled, and the Java Heap may be blocking the growth of the native heap
# Possible solutions:
#   Reduce memory load on the system
#   Increase physical memory or swap space
#   Check if swap backing store is full
#   Decrease Java heap size (-Xmx/-Xms)
#   Decrease number of Java threads
#   Decrease Java thread stack sizes (-Xss)
#   Set larger code cache with -XX:ReservedCodeCacheSize=
#   JVM is running with Unscaled Compressed Oops mode in which the Java heap is
#     placed in the first 4GB address space. The Java Heap base address is the
#     maximum limit for the native heap growth. Please use -XX:HeapBaseMinAddress
#     to set the Java Heap base and to place the Java Heap above 4GB virtual address.
# This output file may be truncated or incomplete.
#
#  Out of Memory Error (arena.cpp:189), pid=28076, tid=21492
#
# JRE version: Java(TM) SE Runtime Environment (17.0.9+11) (build 17.0.9+11-LTS-201)
# Java VM: Java HotSpot(TM) 64-Bit Server VM (17.0.9+11-LTS-201, mixed mode, sharing, tiered, compressed oops, compressed class ptrs, g1 gc, windows-amd64)
# No core dump will be written. Minidumps are not enabled by default on client versions of Windows
#

---------------  S U M M A R Y ------------

Command Line: -Xmx64m -Xms64m -Dorg.gradle.appname=gradlew org.gradle.wrapper.GradleWrapperMain app:installDebug -PreactNativeDevServerPort=8081

Host: Intel(R) Core(TM) i5-8300H CPU @ 2.30GHz, 8 cores, 15G,  Windows 11 , 64 bit Build 22621 (10.0.22621.3235)
Time: Mon Apr  8 15:25:28 2024 India Standard Time elapsed time: 9.988890 seconds (0d 0h 0m 9s)

---------------  T H R E A D  ---------------

Current thread (0x0000017665c55d20):  JavaThread "C2 CompilerThread1" daemon [_thread_in_native, id=21492, stack(0x0000004da6200000,0x0000004da6300000)]


Current CompileTask:
C2:   9988 1414       4       org.gradle.util.internal.LimitedDescription::append (33 bytes)

Stack: [0x0000004da6200000,0x0000004da6300000]
Native frames: (J=compiled Java code, j=interpreted, Vv=VM code, C=native code)
V  [jvm.dll+0x678a4a]
V  [jvm.dll+0x7d9cfd]
V  [jvm.dll+0x7db60e]
V  [jvm.dll+0x7dbc73]
V  [jvm.dll+0x245e1f]
V  [jvm.dll+0xaaafb]
V  [jvm.dll+0xab09c]
V  [jvm.dll+0x2ab7ef]
V  [jvm.dll+0x5812e5]
V  [jvm.dll+0x220c52]
V  [jvm.dll+0x219850]
V  [jvm.dll+0x217459]
V  [jvm.dll+0x1a3bc0]
V  [jvm.dll+0x2272de]
V  [jvm.dll+0x22548b]
V  [jvm.dll+0x78f58c]
V  [jvm.dll+0x78998a]
V  [jvm.dll+0x677875]
C  [ucrtbase.dll+0x29363]
C  [KERNEL32.DLL+0x1257d]
C  [ntdll.dll+0x5aa58]


---------------  P R O C E S S  ---------------

Threads class SMR info:
_java_thread_list=0x0000017665cb6690, length=14, elements={
0x00000176470049b0, 0x00000176470a9400, 0x00000176470aa280, 0x00000176470c14e0,
0x00000176470c3fb0, 0x00000176470c7150, 0x00000176470c82b0, 0x00000176470c97f0,
0x00000176470cea70, 0x00000176607b38c0, 0x00000176607b3dd0, 0x00000176607b6140,
0x00000176607b5210, 0x0000017665c55d20
}

Java Threads: ( => current thread )
  0x00000176470049b0 JavaThread "main" [_thread_blocked, id=7468, stack(0x0000004da4e00000,0x0000004da4f00000)]
  0x00000176470a9400 JavaThread "Reference Handler" daemon [_thread_blocked, id=27772, stack(0x0000004da5500000,0x0000004da5600000)]
  0x00000176470aa280 JavaThread "Finalizer" daemon [_thread_blocked, id=26768, stack(0x0000004da5600000,0x0000004da5700000)]
  0x00000176470c14e0 JavaThread "Signal Dispatcher" daemon [_thread_blocked, id=308, stack(0x0000004da5700000,0x0000004da5800000)]
  0x00000176470c3fb0 JavaThread "Attach Listener" daemon [_thread_blocked, id=24092, stack(0x0000004da5800000,0x0000004da5900000)]
  0x00000176470c7150 JavaThread "Service Thread" daemon [_thread_blocked, id=20632, stack(0x0000004da5900000,0x0000004da5a00000)]
  0x00000176470c82b0 JavaThread "Monitor Deflation Thread" daemon [_thread_blocked, id=23988, stack(0x0000004da5a00000,0x0000004da5b00000)]
  0x00000176470c97f0 JavaThread "C2 CompilerThread0" daemon [_thread_in_native, id=23876, stack(0x0000004da5b00000,0x0000004da5c00000)]
  0x00000176470cea70 JavaThread "C1 CompilerThread0" daemon [_thread_blocked, id=5720, stack(0x0000004da5c00000,0x0000004da5d00000)]
  0x00000176607b38c0 JavaThread "Sweeper thread" daemon [_thread_blocked, id=27496, stack(0x0000004da5d00000,0x0000004da5e00000)]
  0x00000176607b3dd0 JavaThread "Notification Thread" daemon [_thread_blocked, id=26704, stack(0x0000004da5e00000,0x0000004da5f00000)]
  0x00000176607b6140 JavaThread "Common-Cleaner" daemon [_thread_blocked, id=20136, stack(0x0000004da6000000,0x0000004da6100000)]
  0x00000176607b5210 JavaThread "DisconnectableInputStream source reader" daemon [_thread_in_native, id=7636, stack(0x0000004da6800000,0x0000004da6900000)]
=>0x0000017665c55d20 JavaThread "C2 CompilerThread1" daemon [_thread_in_native, id=21492, stack(0x0000004da6200000,0x0000004da6300000)]

Other Threads:
  0x00000176470a3140 VMThread "VM Thread" [stack: 0x0000004da5400000,0x0000004da5500000] [id=26616]
  0x00000176609ea540 WatcherThread [stack: 0x0000004da5f00000,0x0000004da6000000] [id=13536]
  0x0000017647026220 GCTaskThread "GC Thread#0" [stack: 0x0000004da4f00000,0x0000004da5000000] [id=19780]
  0x0000017665a7fbe0 GCTaskThread "GC Thread#1" [stack: 0x0000004da6300000,0x0000004da6400000] [id=25464]
  0x0000017665081d80 GCTaskThread "GC Thread#2" [stack: 0x0000004da6400000,0x0000004da6500000] [id=17104]
  0x00000176658ac090 GCTaskThread "GC Thread#3" [stack: 0x0000004da6500000,0x0000004da6600000] [id=23952]
  0x0000017660d4c7e0 GCTaskThread "GC Thread#4" [stack: 0x0000004da6600000,0x0000004da6700000] [id=15552]
  0x0000017647027970 ConcurrentGCThread "G1 Main Marker" [stack: 0x0000004da5000000,0x0000004da5100000] [id=24148]
  0x0000017647028380 ConcurrentGCThread "G1 Conc#0" [stack: 0x0000004da5100000,0x0000004da5200000] [id=23956]
  0x0000017647087b50 ConcurrentGCThread "G1 Refine#0" [stack: 0x0000004da5200000,0x0000004da5300000] [id=23980]
  0x0000017647088580 ConcurrentGCThread "G1 Service" [stack: 0x0000004da5300000,0x0000004da5400000] [id=17456]

Threads with active compile tasks:
C2 CompilerThread0    10022 1390 % !   4       java.io.BufferedReader::readLine @ 139 (327 bytes)
C2 CompilerThread1    10022 1414       4       org.gradle.util.internal.LimitedDescription::append (33 bytes)

VM state: not at safepoint (normal execution)

VM Mutex/Monitor currently owned by a thread: None

Heap address: 0x00000000fc000000, size: 64 MB, Compressed Oops mode: 32-bit

CDS archive(s) mapped at: [0x0000017600000000-0x0000017600bd0000-0x0000017600bd0000), size 12386304, SharedBaseAddress: 0x0000017600000000, ArchiveRelocationMode: 1.
Compressed class space mapped at: 0x0000017601000000-0x0000017641000000, reserved size: 1073741824
Narrow klass base: 0x0000017600000000, Narrow klass shift: 0, Narrow klass range: 0x100000000

GC Precious Log:
 CPUs: 8 total, 8 available
 Memory: 16235M
 Large Page Support: Disabled
 NUMA Support: Disabled
 Compressed Oops: Enabled (32-bit)
 Heap Region Size: 1M
 Heap Min Capacity: 64M
 Heap Initial Capacity: 64M
 Heap Max Capacity: 64M
 Pre-touch: Disabled
 Parallel Workers: 8
 Concurrent Workers: 2
 Concurrent Refinement Workers: 8
 Periodic GC: Disabled

Heap:
 garbage-first heap   total 65536K, used 28864K [0x00000000fc000000, 0x0000000100000000)
  region size 1024K, 22 young (22528K), 3 survivors (3072K)
 Metaspace       used 8724K, committed 8832K, reserved 1114112K
  class space    used 1166K, committed 1216K, reserved 1048576K

Heap Regions: E=young(eden), S=young(survivor), O=old, HS=humongous(starts), HC=humongous(continues), CS=collection set, F=free, OA=open archive, CA=closed archive, TAMS=top-at-mark-start (previous, next)
|   0|0x00000000fc000000, 0x00000000fc100000, 0x00000000fc100000|100%|HS|  |TAMS 0x00000000fc000000, 0x00000000fc000000| Complete 
|   1|0x00000000fc100000, 0x00000000fc200000, 0x00000000fc200000|100%|HC|  |TAMS 0x00000000fc100000, 0x00000000fc100000| Complete 
|   2|0x00000000fc200000, 0x00000000fc300000, 0x00000000fc300000|100%|HC|  |TAMS 0x00000000fc200000, 0x00000000fc200000| Complete 
|   3|0x00000000fc300000, 0x00000000fc400000, 0x00000000fc400000|100%|HC|  |TAMS 0x00000000fc300000, 0x00000000fc300000| Complete 
|   4|0x00000000fc400000, 0x00000000fc500000, 0x00000000fc500000|100%| O|  |TAMS 0x00000000fc400000, 0x00000000fc400000| Untracked 
|   5|0x00000000fc500000, 0x00000000fc600000, 0x00000000fc600000|100%| O|  |TAMS 0x00000000fc500000, 0x00000000fc500000| Untracked 
|   6|0x00000000fc600000, 0x00000000fc700000, 0x00000000fc700000|100%| O|  |TAMS 0x00000000fc600000, 0x00000000fc600000| Untracked 
|   7|0x00000000fc700000, 0x00000000fc730000, 0x00000000fc800000| 18%| O|  |TAMS 0x00000000fc700000, 0x00000000fc700000| Untracked 
|   8|0x00000000fc800000, 0x00000000fc800000, 0x00000000fc900000|  0%| F|  |TAMS 0x00000000fc800000, 0x00000000fc800000| Untracked 
|   9|0x00000000fc900000, 0x00000000fc900000, 0x00000000fca00000|  0%| F|  |TAMS 0x00000000fc900000, 0x00000000fc900000| Untracked 
|  10|0x00000000fca00000, 0x00000000fca00000, 0x00000000fcb00000|  0%| F|  |TAMS 0x00000000fca00000, 0x00000000fca00000| Untracked 
|  11|0x00000000fcb00000, 0x00000000fcb00000, 0x00000000fcc00000|  0%| F|  |TAMS 0x00000000fcb00000, 0x00000000fcb00000| Untracked 
|  12|0x00000000fcc00000, 0x00000000fcc00000, 0x00000000fcd00000|  0%| F|  |TAMS 0x00000000fcc00000, 0x00000000fcc00000| Untracked 
|  13|0x00000000fcd00000, 0x00000000fcd00000, 0x00000000fce00000|  0%| F|  |TAMS 0x00000000fcd00000, 0x00000000fcd00000| Untracked 
|  14|0x00000000fce00000, 0x00000000fce00000, 0x00000000fcf00000|  0%| F|  |TAMS 0x00000000fce00000, 0x00000000fce00000| Untracked 
|  15|0x00000000fcf00000, 0x00000000fcf00000, 0x00000000fd000000|  0%| F|  |TAMS 0x00000000fcf00000, 0x00000000fcf00000| Untracked 
|  16|0x00000000fd000000, 0x00000000fd000000, 0x00000000fd100000|  0%| F|  |TAMS 0x00000000fd000000, 0x00000000fd000000| Untracked 
|  17|0x00000000fd100000, 0x00000000fd100000, 0x00000000fd200000|  0%| F|  |TAMS 0x00000000fd100000, 0x00000000fd100000| Untracked 
|  18|0x00000000fd200000, 0x00000000fd200000, 0x00000000fd300000|  0%| F|  |TAMS 0x00000000fd200000, 0x00000000fd200000| Untracked 
|  19|0x00000000fd300000, 0x00000000fd300000, 0x00000000fd400000|  0%| F|  |TAMS 0x00000000fd300000, 0x00000000fd300000| Untracked 
|  20|0x00000000fd400000, 0x00000000fd400000, 0x00000000fd500000|  0%| F|  |TAMS 0x00000000fd400000, 0x00000000fd400000| Untracked 
|  21|0x00000000fd500000, 0x00000000fd500000, 0x00000000fd600000|  0%| F|  |TAMS 0x00000000fd500000, 0x00000000fd500000| Untracked 
|  22|0x00000000fd600000, 0x00000000fd600000, 0x00000000fd700000|  0%| F|  |TAMS 0x00000000fd600000, 0x00000000fd600000| Untracked 
|  23|0x00000000fd700000, 0x00000000fd700000, 0x00000000fd800000|  0%| F|  |TAMS 0x00000000fd700000, 0x00000000fd700000| Untracked 
|  24|0x00000000fd800000, 0x00000000fd800000, 0x00000000fd900000|  0%| F|  |TAMS 0x00000000fd800000, 0x00000000fd800000| Untracked 
|  25|0x00000000fd900000, 0x00000000fd900000, 0x00000000fda00000|  0%| F|  |TAMS 0x00000000fd900000, 0x00000000fd900000| Untracked 
|  26|0x00000000fda00000, 0x00000000fda00000, 0x00000000fdb00000|  0%| F|  |TAMS 0x00000000fda00000, 0x00000000fda00000| Untracked 
|  27|0x00000000fdb00000, 0x00000000fdb00000, 0x00000000fdc00000|  0%| F|  |TAMS 0x00000000fdb00000, 0x00000000fdb00000| Untracked 
|  28|0x00000000fdc00000, 0x00000000fdc00000, 0x00000000fdd00000|  0%| F|  |TAMS 0x00000000fdc00000, 0x00000000fdc00000| Untracked 
|  29|0x00000000fdd00000, 0x00000000fdd00000, 0x00000000fde00000|  0%| F|  |TAMS 0x00000000fdd00000, 0x00000000fdd00000| Untracked 
|  30|0x00000000fde00000, 0x00000000fde00000, 0x00000000fdf00000|  0%| F|  |TAMS 0x00000000fde00000, 0x00000000fde00000| Untracked 
|  31|0x00000000fdf00000, 0x00000000fdf00000, 0x00000000fe000000|  0%| F|  |TAMS 0x00000000fdf00000, 0x00000000fdf00000| Untracked 
|  32|0x00000000fe000000, 0x00000000fe000000, 0x00000000fe100000|  0%| F|  |TAMS 0x00000000fe000000, 0x00000000fe000000| Untracked 
|  33|0x00000000fe100000, 0x00000000fe100000, 0x00000000fe200000|  0%| F|  |TAMS 0x00000000fe100000, 0x00000000fe100000| Untracked 
|  34|0x00000000fe200000, 0x00000000fe200000, 0x00000000fe300000|  0%| F|  |TAMS 0x00000000fe200000, 0x00000000fe200000| Untracked 
|  35|0x00000000fe300000, 0x00000000fe300000, 0x00000000fe400000|  0%| F|  |TAMS 0x00000000fe300000, 0x00000000fe300000| Untracked 
|  36|0x00000000fe400000, 0x00000000fe400000, 0x00000000fe500000|  0%| F|  |TAMS 0x00000000fe400000, 0x00000000fe400000| Untracked 
|  37|0x00000000fe500000, 0x00000000fe500000, 0x00000000fe600000|  0%| F|  |TAMS 0x00000000fe500000, 0x00000000fe500000| Untracked 
|  38|0x00000000fe600000, 0x00000000fe700000, 0x00000000fe700000|100%| S|CS|TAMS 0x00000000fe600000, 0x00000000fe600000| Complete 
|  39|0x00000000fe700000, 0x00000000fe800000, 0x00000000fe800000|100%| S|CS|TAMS 0x00000000fe700000, 0x00000000fe700000| Complete 
|  40|0x00000000fe800000, 0x00000000fe900000, 0x00000000fe900000|100%| S|CS|TAMS 0x00000000fe800000, 0x00000000fe800000| Complete 
|  41|0x00000000fe900000, 0x00000000fe900000, 0x00000000fea00000|  0%| F|  |TAMS 0x00000000fe900000, 0x00000000fe900000| Untracked 
|  42|0x00000000fea00000, 0x00000000fea00000, 0x00000000feb00000|  0%| F|  |TAMS 0x00000000fea00000, 0x00000000fea00000| Untracked 
|  43|0x00000000feb00000, 0x00000000feb00000, 0x00000000fec00000|  0%| F|  |TAMS 0x00000000feb00000, 0x00000000feb00000| Untracked 
|  44|0x00000000fec00000, 0x00000000fec00000, 0x00000000fed00000|  0%| F|  |TAMS 0x00000000fec00000, 0x00000000fec00000| Untracked 
|  45|0x00000000fed00000, 0x00000000fee00000, 0x00000000fee00000|100%| E|  |TAMS 0x00000000fed00000, 0x00000000fed00000| Complete 
|  46|0x00000000fee00000, 0x00000000fef00000, 0x00000000fef00000|100%| E|CS|TAMS 0x00000000fee00000, 0x00000000fee00000| Complete 
|  47|0x00000000fef00000, 0x00000000ff000000, 0x00000000ff000000|100%| E|CS|TAMS 0x00000000fef00000, 0x00000000fef00000| Complete 
|  48|0x00000000ff000000, 0x00000000ff100000, 0x00000000ff100000|100%| E|CS|TAMS 0x00000000ff000000, 0x00000000ff000000| Complete 
|  49|0x00000000ff100000, 0x00000000ff200000, 0x00000000ff200000|100%| E|CS|TAMS 0x00000000ff100000, 0x00000000ff100000| Complete 
|  50|0x00000000ff200000, 0x00000000ff300000, 0x00000000ff300000|100%| E|CS|TAMS 0x00000000ff200000, 0x00000000ff200000| Complete 
|  51|0x00000000ff300000, 0x00000000ff400000, 0x00000000ff400000|100%| E|CS|TAMS 0x00000000ff300000, 0x00000000ff300000| Complete 
|  52|0x00000000ff400000, 0x00000000ff500000, 0x00000000ff500000|100%| E|CS|TAMS 0x00000000ff400000, 0x00000000ff400000| Complete 
|  53|0x00000000ff500000, 0x00000000ff600000, 0x00000000ff600000|100%| E|CS|TAMS 0x00000000ff500000, 0x00000000ff500000| Complete 
|  54|0x00000000ff600000, 0x00000000ff700000, 0x00000000ff700000|100%| E|CS|TAMS 0x00000000ff600000, 0x00000000ff600000| Complete 
|  55|0x00000000ff700000, 0x00000000ff800000, 0x00000000ff800000|100%| E|CS|TAMS 0x00000000ff700000, 0x00000000ff700000| Complete 
|  56|0x00000000ff800000, 0x00000000ff900000, 0x00000000ff900000|100%| E|CS|TAMS 0x00000000ff800000, 0x00000000ff800000| Complete 
|  57|0x00000000ff900000, 0x00000000ffa00000, 0x00000000ffa00000|100%| E|CS|TAMS 0x00000000ff900000, 0x00000000ff900000| Complete 
|  58|0x00000000ffa00000, 0x00000000ffb00000, 0x00000000ffb00000|100%| E|CS|TAMS 0x00000000ffa00000, 0x00000000ffa00000| Complete 
|  59|0x00000000ffb00000, 0x00000000ffc00000, 0x00000000ffc00000|100%| E|CS|TAMS 0x00000000ffb00000, 0x00000000ffb00000| Complete 
|  60|0x00000000ffc00000, 0x00000000ffd00000, 0x00000000ffd00000|100%| E|CS|TAMS 0x00000000ffc00000, 0x00000000ffc00000| Complete 
|  61|0x00000000ffd00000, 0x00000000ffe00000, 0x00000000ffe00000|100%| E|CS|TAMS 0x00000000ffd00000, 0x00000000ffd00000| Complete 
|  62|0x00000000ffe00000, 0x00000000fff00000, 0x00000000fff00000|100%| E|CS|TAMS 0x00000000ffe00000, 0x00000000ffe00000| Complete 
|  63|0x00000000fff00000, 0x0000000100000000, 0x0000000100000000|100%| E|CS|TAMS 0x00000000fff00000, 0x00000000fff00000| Complete 

Card table byte_map: [0x0000017646f30000,0x0000017646f50000] _byte_map_base: 0x0000017646750000

Marking Bits (Prev, Next): (CMBitMap*) 0x0000017647026840, (CMBitMap*) 0x0000017647026880
 Prev Bits: [0x000001765dbe0000, 0x000001765dce0000)
 Next Bits: [0x000001765dce0000, 0x000001765dde0000)

Polling page: 0x0000017644fe0000

Metaspace:

Usage:
  Non-class:      7.38 MB used.
      Class:      1.14 MB used.
       Both:      8.52 MB used.

Virtual space:
  Non-class space:       64.00 MB reserved,       7.44 MB ( 12%) committed,  1 nodes.
      Class space:        1.00 GB reserved,       1.19 MB ( <1%) committed,  1 nodes.
             Both:        1.06 GB reserved,       8.62 MB ( <1%) committed. 

Chunk freelists:
   Non-Class:  8.08 MB
       Class:  14.64 MB
        Both:  22.71 MB

MaxMetaspaceSize: unlimited
CompressedClassSpaceSize: 1.00 GB
Initial GC threshold: 21.00 MB
Current GC threshold: 21.00 MB
CDS: on
MetaspaceReclaimPolicy: balanced
 - commit_granule_bytes: 65536.
 - commit_granule_words: 8192.
 - virtual_space_node_default_size: 8388608.
 - enlarge_chunks_in_place: 1.
 - new_chunks_are_fully_committed: 0.
 - uncommit_free_chunks: 1.
 - use_allocation_guard: 0.
 - handle_deallocations: 1.


Internal statistics:

num_allocs_failed_limit: 0.
num_arena_births: 80.
num_arena_deaths: 0.
num_vsnodes_births: 2.
num_vsnodes_deaths: 0.
num_space_committed: 138.
num_space_uncommitted: 0.
num_chunks_returned_to_freelist: 0.
num_chunks_taken_from_freelist: 312.
num_chunk_merges: 0.
num_chunk_splits: 212.
num_chunks_enlarged: 178.
num_inconsistent_stats: 0.

CodeHeap 'non-profiled nmethods': size=120000Kb used=555Kb max_used=555Kb free=119444Kb
 bounds [0x0000017656370000, 0x00000176565e0000, 0x000001765d8a0000]
CodeHeap 'profiled nmethods': size=120000Kb used=2722Kb max_used=2722Kb free=117277Kb
 bounds [0x000001764e8a0000, 0x000001764eb50000, 0x0000017655dd0000]
CodeHeap 'non-nmethods': size=5760Kb used=1166Kb max_used=1185Kb free=4593Kb
 bounds [0x0000017655dd0000, 0x0000017656040000, 0x0000017656370000]
 total_blobs=1904 nmethods=1443 adapters=374
 compilation: enabled
              stopped_count=0, restarted_count=0
 full_count=0

Compilation events (20 events):
Event: 9.975 Thread 0x00000176470cea70 1413       3       sun.nio.cs.SingleByte$Decoder::decodeArrayLoop (205 bytes)
Event: 9.977 Thread 0x00000176470cea70 nmethod 1413 0x000001764eb36f90 code [0x000001764eb373a0, 0x000001764eb38fb8]
Event: 9.978 Thread 0x0000017665c55d20 1403       4       java.lang.String::<init> (14 bytes)
Event: 9.980 Thread 0x00000176470cea70 1417       3       org.gradle.internal.logging.text.AbstractLineChoppingStyledTextOutput$1::execute (9 bytes)
Event: 9.981 Thread 0x00000176470cea70 nmethod 1417 0x000001764eb39b10 code [0x000001764eb39cc0, 0x000001764eb39ee8]
Event: 9.981 Thread 0x00000176470cea70 1418       3       java.lang.String::decodeASCII (64 bytes)
Event: 9.981 Thread 0x00000176470cea70 nmethod 1418 0x000001764eb39f90 code [0x000001764eb3a160, 0x000001764eb3a4b8]
Event: 9.984 Thread 0x0000017665c55d20 nmethod 1403 0x00000176563f8990 code [0x00000176563f8b20, 0x00000176563f9098]
Event: 9.984 Thread 0x0000017665c55d20 1409       4       java.io.BufferedReader::readLine (7 bytes)
Event: 9.984 Thread 0x0000017665c55d20 nmethod 1409 0x00000176563f9310 code [0x00000176563f94a0, 0x00000176563f9548]
Event: 9.984 Thread 0x0000017665c55d20 1410       4       java.util.LinkedList::node (65 bytes)
Event: 9.985 Thread 0x0000017665c55d20 nmethod 1410 0x00000176563f9610 code [0x00000176563f9780, 0x00000176563f9838]
Event: 9.985 Thread 0x0000017665c55d20 1414       4       org.gradle.util.internal.LimitedDescription::append (33 bytes)
Event: 9.985 Thread 0x00000176470cea70 1419       3       java.nio.Buffer::discardMark (6 bytes)
Event: 9.985 Thread 0x00000176470cea70 nmethod 1419 0x000001764eb3a690 code [0x000001764eb3a820, 0x000001764eb3a938]
Event: 9.985 Thread 0x00000176470cea70 1420       3       java.io.InputStreamReader::read (11 bytes)
Event: 9.986 Thread 0x00000176470cea70 nmethod 1420 0x000001764eb3aa10 code [0x000001764eb3abc0, 0x000001764eb3ad28]
Event: 9.986 Thread 0x00000176470cea70 1421   !   3       sun.nio.cs.StreamDecoder::read (196 bytes)
Event: 9.987 Thread 0x00000176470cea70 nmethod 1421 0x000001764eb3ae10 code [0x000001764eb3b080, 0x000001764eb3bc88]
Event: 9.987 Thread 0x00000176470cea70 1422       3       java.io.BufferedReader::fill (170 bytes)

GC Heap History (2 events):
Event: 0.525 GC heap before
{Heap before GC invocations=0 (full 0):
 garbage-first heap   total 65536K, used 26624K [0x00000000fc000000, 0x0000000100000000)
  region size 1024K, 23 young (23552K), 0 survivors (0K)
 Metaspace       used 3802K, committed 3904K, reserved 1114112K
  class space    used 465K, committed 512K, reserved 1048576K
}
Event: 0.530 GC heap after
{Heap after GC invocations=1 (full 0):
 garbage-first heap   total 65536K, used 10432K [0x00000000fc000000, 0x0000000100000000)
  region size 1024K, 3 young (3072K), 3 survivors (3072K)
 Metaspace       used 3802K, committed 3904K, reserved 1114112K
  class space    used 465K, committed 512K, reserved 1048576K
}

Deoptimization events (20 events):
Event: 0.932 Thread 0x00000176470049b0 Uncommon trap: trap_request=0xffffff45 fr.pc=0x00000176563a5e24 relative=0x0000000000000664
Event: 0.932 Thread 0x00000176470049b0 Uncommon trap: reason=unstable_if action=reinterpret pc=0x00000176563a5e24 method=java.lang.AbstractStringBuilder.append(Ljava/lang/String;)Ljava/lang/AbstractStringBuilder; @ 1 c2
Event: 0.932 Thread 0x00000176470049b0 DEOPT PACKING pc=0x00000176563a5e24 sp=0x0000004da4efc4d0
Event: 0.932 Thread 0x00000176470049b0 DEOPT UNPACKING pc=0x0000017655e223a3 sp=0x0000004da4efc450 mode 2
Event: 0.932 Thread 0x00000176470049b0 Uncommon trap: trap_request=0xffffff45 fr.pc=0x00000176563b60a4 relative=0x0000000000000664
Event: 0.932 Thread 0x00000176470049b0 Uncommon trap: reason=unstable_if action=reinterpret pc=0x00000176563b60a4 method=java.lang.AbstractStringBuilder.append(Ljava/lang/String;)Ljava/lang/AbstractStringBuilder; @ 1 c2
Event: 0.932 Thread 0x00000176470049b0 DEOPT PACKING pc=0x00000176563b60a4 sp=0x0000004da4efc470
Event: 0.932 Thread 0x00000176470049b0 DEOPT UNPACKING pc=0x0000017655e223a3 sp=0x0000004da4efc458 mode 2
Event: 0.982 Thread 0x00000176470049b0 Uncommon trap: trap_request=0xffffff45 fr.pc=0x00000176563c5998 relative=0x0000000000000438
Event: 0.982 Thread 0x00000176470049b0 Uncommon trap: reason=unstable_if action=reinterpret pc=0x00000176563c5998 method=java.util.regex.Matcher.match(II)Z @ 76 c2
Event: 0.982 Thread 0x00000176470049b0 DEOPT PACKING pc=0x00000176563c5998 sp=0x0000004da4efb7a0
Event: 0.982 Thread 0x00000176470049b0 DEOPT UNPACKING pc=0x0000017655e223a3 sp=0x0000004da4efb758 mode 2
Event: 9.954 Thread 0x00000176470049b0 Uncommon trap: trap_request=0xffffff45 fr.pc=0x00000176563f4098 relative=0x00000000000001f8
Event: 9.954 Thread 0x00000176470049b0 Uncommon trap: reason=unstable_if action=reinterpret pc=0x00000176563f4098 method=com.esotericsoftware.kryo.io.Input.require(I)I @ 180 c2
Event: 9.954 Thread 0x00000176470049b0 DEOPT PACKING pc=0x00000176563f4098 sp=0x0000004da4efc4f0
Event: 9.954 Thread 0x00000176470049b0 DEOPT UNPACKING pc=0x0000017655e223a3 sp=0x0000004da4efc498 mode 2
Event: 9.979 Thread 0x00000176607b6b60 Uncommon trap: trap_request=0xffffff45 fr.pc=0x00000176563f7968 relative=0x0000000000000568
Event: 9.979 Thread 0x00000176607b6b60 Uncommon trap: reason=unstable_if action=reinterpret pc=0x00000176563f7968 method=org.gradle.internal.logging.text.AbstractLineChoppingStyledTextOutput$2.execute(Lorg/gradle/internal/logging/text/AbstractLineChoppingStyledTextOutput$StateContext;)V @ 34 c
Event: 9.979 Thread 0x00000176607b6b60 DEOPT PACKING pc=0x00000176563f7968 sp=0x0000004da67fe9e0
Event: 9.979 Thread 0x00000176607b6b60 DEOPT UNPACKING pc=0x0000017655e223a3 sp=0x0000004da67fe868 mode 2

Classes unloaded (0 events):
No events

Classes redefined (0 events):
No events

Internal exceptions (19 events):
Event: 0.119 Thread 0x00000176470049b0 Exception <a 'java/lang/NoSuchMethodError'{0x00000000ffc6d5c0}: 'int java.lang.invoke.DirectMethodHandle$Holder.invokeStaticInit(java.lang.Object, java.lang.Object)'> (0x00000000ffc6d5c0) 
thrown [s\open\src\hotspot\share\interpreter\linkResolver.cpp, line 759]
Event: 0.502 Thread 0x00000176470049b0 Exception <a 'java/lang/NoSuchMethodError'{0x00000000fe9297a0}: 'void java.lang.invoke.DirectMethodHandle$Holder.invokeStatic(java.lang.Object, java.lang.Object)'> (0x00000000fe9297a0) 
thrown [s\open\src\hotspot\share\interpreter\linkResolver.cpp, line 759]
Event: 0.518 Thread 0x00000176470049b0 Exception <a 'java/lang/NoClassDefFoundError'{0x00000000fe9ad610}: org/slf4j/impl/StaticMarkerBinder> (0x00000000fe9ad610) 
thrown [s\open\src\hotspot\share\classfile\systemDictionary.cpp, line 245]
Event: 0.536 Thread 0x00000176470049b0 Exception <a 'java/lang/NoSuchMethodError'{0x00000000fff4eca8}: 'java.lang.Object java.lang.invoke.DirectMethodHandle$Holder.invokeVirtual(java.lang.Object, java.lang.Object, java.lang.Object, java.lang.Object, java.lang.Object, java.lang.Object, java.lang.Object)'> (0x00000000fff4eca8) 
thrown [s\open\src\hotspot\share\interpreter\linkResolver.cpp, line 759]
Event: 0.537 Thread 0x00000176470049b0 Exception <a 'java/lang/NoSuchMethodError'{0x00000000fff60268}: 'java.lang.Object java.lang.invoke.Invokers$Holder.invoker(java.lang.Object, java.lang.Object, java.lang.Object)'> (0x00000000fff60268) 
thrown [s\open\src\hotspot\share\interpreter\linkResolver.cpp, line 759]
Event: 0.538 Thread 0x00000176470049b0 Exception <a 'java/lang/NoSuchMethodError'{0x00000000fff69440}: 'java.lang.Object java.lang.invoke.DirectMethodHandle$Holder.invokeStatic(java.lang.Object, java.lang.Object, int)'> (0x00000000fff69440) 
thrown [s\open\src\hotspot\share\interpreter\linkResolver.cpp, line 759]
Event: 0.539 Thread 0x00000176470049b0 Exception <a 'java/lang/NoSuchMethodError'{0x00000000fffad8b8}: 'void java.lang.invoke.DelegatingMethodHandle$Holder.delegate(java.lang.Object, java.lang.Object, int, java.lang.Object)'> (0x00000000fffad8b8) 
thrown [s\open\src\hotspot\share\interpreter\linkResolver.cpp, line 759]
Event: 0.540 Thread 0x00000176470049b0 Exception <a 'java/lang/NoSuchMethodError'{0x00000000fffb1a80}: 'int java.lang.invoke.DirectMethodHandle$Holder.invokeSpecial(java.lang.Object, java.lang.Object, java.lang.Object)'> (0x00000000fffb1a80) 
thrown [s\open\src\hotspot\share\interpreter\linkResolver.cpp, line 759]
Event: 0.542 Thread 0x00000176470049b0 Exception <a 'java/lang/NoSuchMethodError'{0x00000000fffc4bc8}: 'java.lang.Object java.lang.invoke.Invokers$Holder.invokeExact_MT(java.lang.Object, java.lang.Object, java.lang.Object, java.lang.Object)'> (0x00000000fffc4bc8) 
thrown [s\open\src\hotspot\share\interpreter\linkResolver.cpp, line 759]
Event: 0.633 Thread 0x00000176470049b0 Exception <a 'java/lang/NoSuchMethodError'{0x00000000ff9166b8}: 'void java.lang.invoke.DirectMethodHandle$Holder.invokeSpecial(java.lang.Object, java.lang.Object, java.lang.Object)'> (0x00000000ff9166b8) 
thrown [s\open\src\hotspot\share\interpreter\linkResolver.cpp, line 759]
Event: 0.641 Thread 0x00000176470049b0 Implicit null exception at 0x00000176563c880f to 0x00000176563c8d98
Event: 0.641 Thread 0x00000176470049b0 Implicit null exception at 0x00000176563aeb0f to 0x00000176563af0ac
Event: 0.656 Thread 0x00000176470049b0 Exception <a 'java/lang/NoSuchMethodError'{0x00000000ff863d30}: 'java.lang.Object java.lang.invoke.DirectMethodHandle$Holder.invokeStaticInit(java.lang.Object)'> (0x00000000ff863d30) 
thrown [s\open\src\hotspot\share\interpreter\linkResolver.cpp, line 759]
Event: 0.741 Thread 0x00000176470049b0 Exception <a 'java/lang/NoSuchMethodError'{0x00000000ff41beb0}: 'java.lang.Object java.lang.invoke.DirectMethodHandle$Holder.invokeStaticInit(java.lang.Object, int, int, int, int)'> (0x00000000ff41beb0) 
thrown [s\open\src\hotspot\share\interpreter\linkResolver.cpp, line 759]
Event: 0.780 Thread 0x00000176470049b0 Exception <a 'java/lang/NoSuchMethodError'{0x00000000ff458558}: 'java.lang.Object java.lang.invoke.DirectMethodHandle$Holder.invokeStaticInit(java.lang.Object, java.lang.Object, int, int, int, int)'> (0x00000000ff458558) 
thrown [s\open\src\hotspot\share\interpreter\linkResolver.cpp, line 759]
Event: 0.919 Thread 0x00000176470049b0 Exception <a 'java/lang/NoSuchMethodError'{0x00000000ff485dc8}: 'void java.lang.invoke.DirectMethodHandle$Holder.invokeStatic(java.lang.Object, java.lang.Object, java.lang.Object)'> (0x00000000ff485dc8) 
thrown [s\open\src\hotspot\share\interpreter\linkResolver.cpp, line 759]
Event: 0.932 Thread 0x00000176470049b0 Implicit null exception at 0x00000176563a57f2 to 0x00000176563a5e0c
Event: 0.932 Thread 0x00000176470049b0 Implicit null exception at 0x00000176563b5a72 to 0x00000176563b608c
Event: 9.954 Thread 0x00000176470049b0 Exception <a 'sun/net/ConnectionResetException'{0x00000000ff00a998}: Connection reset> (0x00000000ff00a998) 
thrown [s\open\src\hotspot\share\prims\jni.cpp, line 535]

VM Operations (20 events):
Event: 0.046 Executing VM operation: HandshakeAllThreads
Event: 0.046 Executing VM operation: HandshakeAllThreads done
Event: 0.516 Executing VM operation: HandshakeAllThreads
Event: 0.516 Executing VM operation: HandshakeAllThreads done
Event: 0.516 Executing VM operation: HandshakeAllThreads
Event: 0.516 Executing VM operation: HandshakeAllThreads done
Event: 0.525 Executing VM operation: G1CollectForAllocation
Event: 0.530 Executing VM operation: G1CollectForAllocation done
Event: 0.538 Executing VM operation: HandshakeAllThreads
Event: 0.538 Executing VM operation: HandshakeAllThreads done
Event: 0.703 Executing VM operation: HandshakeAllThreads
Event: 0.703 Executing VM operation: HandshakeAllThreads done
Event: 0.777 Executing VM operation: HandshakeAllThreads
Event: 0.777 Executing VM operation: HandshakeAllThreads done
Event: 1.777 Executing VM operation: Cleanup
Event: 1.777 Executing VM operation: Cleanup done
Event: 5.807 Executing VM operation: Cleanup
Event: 5.808 Executing VM operation: Cleanup done
Event: 8.822 Executing VM operation: Cleanup
Event: 8.822 Executing VM operation: Cleanup done

Events (20 events):
Event: 3.964 loading class jdk/internal/reflect/ByteVectorImpl done
Event: 3.964 loading class jdk/internal/reflect/ClassFileAssembler
Event: 3.964 loading class jdk/internal/reflect/ClassFileAssembler done
Event: 3.964 loading class jdk/internal/reflect/UTF8
Event: 3.964 loading class jdk/internal/reflect/UTF8 done
Event: 3.964 loading class jdk/internal/reflect/Label
Event: 3.964 loading class jdk/internal/reflect/Label done
Event: 3.964 loading class jdk/internal/reflect/Label$PatchInfo
Event: 3.964 loading class jdk/internal/reflect/Label$PatchInfo done
Event: 3.964 loading class jdk/internal/reflect/MethodAccessorGenerator$1
Event: 3.964 loading class jdk/internal/reflect/MethodAccessorGenerator$1 done
Event: 3.964 loading class jdk/internal/reflect/ClassDefiner
Event: 3.964 loading class jdk/internal/reflect/ClassDefiner done
Event: 3.964 loading class jdk/internal/reflect/ClassDefiner$1
Event: 3.964 loading class jdk/internal/reflect/ClassDefiner$1 done
Event: 8.661 loading class jdk/internal/misc/ScopedMemoryAccess$Scope
Event: 8.661 loading class jdk/internal/misc/ScopedMemoryAccess$Scope done
Event: 9.954 loading class sun/net/ConnectionResetException
Event: 9.954 loading class sun/net/ConnectionResetException done
Event: 9.977 Thread 0x0000017665c55d20 Thread added: 0x0000017665c55d20


Dynamic libraries:
0x00007ff69bb40000 - 0x00007ff69bb50000 	C:\Program Files\Java\jdk-17\bin\java.exe
0x00007fff3f5b0000 - 0x00007fff3f7c6000 	C:\WINDOWS\SYSTEM32\ntdll.dll
0x00007fff3df40000 - 0x00007fff3e004000 	C:\WINDOWS\System32\KERNEL32.DLL
0x00007fff3cba0000 - 0x00007fff3cf46000 	C:\WINDOWS\System32\KERNELBASE.dll
0x00007fff3d1e0000 - 0x00007fff3d2f1000 	C:\WINDOWS\System32\ucrtbase.dll
0x00007fff379d0000 - 0x00007fff379e9000 	C:\Program Files\Java\jdk-17\bin\jli.dll
0x00007fff35c60000 - 0x00007fff35c7b000 	C:\Program Files\Java\jdk-17\bin\VCRUNTIME140.dll
0x00007fff3d9d0000 - 0x00007fff3da82000 	C:\WINDOWS\System32\ADVAPI32.dll
0x00007fff3ed40000 - 0x00007fff3ede7000 	C:\WINDOWS\System32\msvcrt.dll
0x00007fff3d920000 - 0x00007fff3d9c8000 	C:\WINDOWS\System32\sechost.dll
0x00007fff3c9b0000 - 0x00007fff3c9d8000 	C:\WINDOWS\System32\bcrypt.dll
0x00007fff3da90000 - 0x00007fff3dba5000 	C:\WINDOWS\System32\RPCRT4.dll
0x00007fff3eb90000 - 0x00007fff3ed3d000 	C:\WINDOWS\System32\USER32.dll
0x00007fff3cb00000 - 0x00007fff3cb26000 	C:\WINDOWS\System32\win32u.dll
0x00007fff1dc50000 - 0x00007fff1dee3000 	C:\WINDOWS\WinSxS\amd64_microsoft.windows.common-controls_6595b64144ccf1df_6.0.22621.3235_none_270f74e173860f98\COMCTL32.dll
0x00007fff3edf0000 - 0x00007fff3ee19000 	C:\WINDOWS\System32\GDI32.dll
0x00007fff3c9e0000 - 0x00007fff3caf8000 	C:\WINDOWS\System32\gdi32full.dll
0x00007fff3d140000 - 0x00007fff3d1da000 	C:\WINDOWS\System32\msvcp_win.dll
0x00007fff32790000 - 0x00007fff3279a000 	C:\WINDOWS\SYSTEM32\VERSION.dll
0x00007fff3eea0000 - 0x00007fff3eed1000 	C:\WINDOWS\System32\IMM32.DLL
0x00007fff39bf0000 - 0x00007fff39bfc000 	C:\Program Files\Java\jdk-17\bin\vcruntime140_1.dll
0x00007fff1d010000 - 0x00007fff1d09e000 	C:\Program Files\Java\jdk-17\bin\msvcp140.dll
0x00007ffec5aa0000 - 0x00007ffec6681000 	C:\Program Files\Java\jdk-17\bin\server\jvm.dll
0x00007fff3f560000 - 0x00007fff3f568000 	C:\WINDOWS\System32\PSAPI.DLL
0x00007ffefdda0000 - 0x00007ffefdda9000 	C:\WINDOWS\SYSTEM32\WSOCK32.dll
0x00007fff339d0000 - 0x00007fff33a04000 	C:\WINDOWS\SYSTEM32\WINMM.dll
0x00007fff3ee20000 - 0x00007fff3ee91000 	C:\WINDOWS\System32\WS2_32.dll
0x00007fff3ba20000 - 0x00007fff3ba38000 	C:\WINDOWS\SYSTEM32\kernel.appcore.dll
0x00007fff35ca0000 - 0x00007fff35caa000 	C:\Program Files\Java\jdk-17\bin\jimage.dll
0x00007fff37b40000 - 0x00007fff37d73000 	C:\WINDOWS\SYSTEM32\DBGHELP.DLL
0x00007fff3dbb0000 - 0x00007fff3df38000 	C:\WINDOWS\System32\combase.dll
0x00007fff3d520000 - 0x00007fff3d5f7000 	C:\WINDOWS\System32\OLEAUT32.dll
0x00007fff1bf40000 - 0x00007fff1bf72000 	C:\WINDOWS\SYSTEM32\dbgcore.DLL
0x00007fff3d0c0000 - 0x00007fff3d13a000 	C:\WINDOWS\System32\bcryptPrimitives.dll
0x00007fff28e90000 - 0x00007fff28eb5000 	C:\Program Files\Java\jdk-17\bin\java.dll
0x00007ffefcca0000 - 0x00007ffefcd77000 	C:\Program Files\Java\jdk-17\bin\jsvml.dll
0x00007fff3e170000 - 0x00007fff3e9cd000 	C:\WINDOWS\System32\SHELL32.dll
0x00007fff3a860000 - 0x00007fff3b158000 	C:\WINDOWS\SYSTEM32\windows.storage.dll
0x00007fff3a720000 - 0x00007fff3a85e000 	C:\WINDOWS\SYSTEM32\wintypes.dll
0x00007fff3d420000 - 0x00007fff3d513000 	C:\WINDOWS\System32\SHCORE.dll
0x00007fff3ea60000 - 0x00007fff3eabe000 	C:\WINDOWS\System32\shlwapi.dll
0x00007fff3c820000 - 0x00007fff3c846000 	C:\WINDOWS\SYSTEM32\profapi.dll
0x00007fff35c40000 - 0x00007fff35c59000 	C:\Program Files\Java\jdk-17\bin\net.dll
0x00007fff35a80000 - 0x00007fff35bb7000 	C:\WINDOWS\SYSTEM32\WINHTTP.dll
0x00007fff3bea0000 - 0x00007fff3bf09000 	C:\WINDOWS\system32\mswsock.dll
0x00007fff33ac0000 - 0x00007fff33ad6000 	C:\Program Files\Java\jdk-17\bin\nio.dll
0x00007fff29050000 - 0x00007fff29068000 	C:\Program Files\Java\jdk-17\bin\zip.dll
0x00007fff33d00000 - 0x00007fff33d10000 	C:\Program Files\Java\jdk-17\bin\verify.dll
0x00007fff1d690000 - 0x00007fff1d6b7000 	C:\Users\harsh\.gradle\native\68d5fa5c4cc2d200863cafc0d521ce42e7d3e7ee720ec0a83991735586a16f82\windows-amd64\native-platform.dll
0x00007fff33770000 - 0x00007fff3377a000 	C:\Program Files\Java\jdk-17\bin\management.dll
0x00007fff1dc00000 - 0x00007fff1dc0b000 	C:\Program Files\Java\jdk-17\bin\management_ext.dll
0x00007fff3c0f0000 - 0x00007fff3c10b000 	C:\WINDOWS\SYSTEM32\CRYPTSP.dll
0x00007fff3b980000 - 0x00007fff3b9b5000 	C:\WINDOWS\system32\rsaenh.dll
0x00007fff3bf90000 - 0x00007fff3bfbc000 	C:\WINDOWS\SYSTEM32\USERENV.dll
0x00007fff3c110000 - 0x00007fff3c11c000 	C:\WINDOWS\SYSTEM32\CRYPTBASE.dll
0x00007fff3b430000 - 0x00007fff3b45d000 	C:\WINDOWS\SYSTEM32\IPHLPAPI.DLL
0x00007fff3e110000 - 0x00007fff3e119000 	C:\WINDOWS\System32\NSI.dll
0x00007fff357c0000 - 0x00007fff357d9000 	C:\WINDOWS\SYSTEM32\dhcpcsvc6.DLL
0x00007fff357a0000 - 0x00007fff357bf000 	C:\WINDOWS\SYSTEM32\dhcpcsvc.DLL
0x00007fff3b4a0000 - 0x00007fff3b599000 	C:\WINDOWS\SYSTEM32\DNSAPI.dll
0x00007fff1d670000 - 0x00007fff1d67e000 	C:\Program Files\Java\jdk-17\bin\sunmscapi.dll
0x00007fff3cf50000 - 0x00007fff3d0b6000 	C:\WINDOWS\System32\CRYPT32.dll
0x00007fff3c290000 - 0x00007fff3c2be000 	C:\WINDOWS\SYSTEM32\ncrypt.dll
0x00007fff3c250000 - 0x00007fff3c287000 	C:\WINDOWS\SYSTEM32\NTASN1.dll
0x00007ffefb250000 - 0x00007ffefb258000 	C:\WINDOWS\system32\wshunix.dll

dbghelp: loaded successfully - version: 4.0.5 - missing functions: none
symbol engine: initialized successfully - sym options: 0x614 - pdb path: .;C:\Program Files\Java\jdk-17\bin;C:\WINDOWS\SYSTEM32;C:\WINDOWS\WinSxS\amd64_microsoft.windows.common-controls_6595b64144ccf1df_6.0.22621.3235_none_270f74e173860f98;C:\Program Files\Java\jdk-17\bin\server;C:\Users\harsh\.gradle\native\68d5fa5c4cc2d200863cafc0d521ce42e7d3e7ee720ec0a83991735586a16f82\windows-amd64

VM Arguments:
jvm_args: -Xmx64m -Xms64m -Dorg.gradle.appname=gradlew 
java_command: org.gradle.wrapper.GradleWrapperMain app:installDebug -PreactNativeDevServerPort=8081
java_class_path (initial): D:\NestedRoutingPoc\android\\gradle\wrapper\gradle-wrapper.jar
Launcher Type: SUN_STANDARD

[Global flags]
     intx CICompilerCount                          = 4                                         {product} {ergonomic}
     uint ConcGCThreads                            = 2                                         {product} {ergonomic}
     uint G1ConcRefinementThreads                  = 8                                         {product} {ergonomic}
   size_t G1HeapRegionSize                         = 1048576                                   {product} {ergonomic}
    uintx GCDrainStackTargetSize                   = 64                                        {product} {ergonomic}
   size_t InitialHeapSize                          = 67108864                                  {product} {command line}
   size_t MarkStackSize                            = 4194304                                   {product} {ergonomic}
   size_t MaxHeapSize                              = 67108864                                  {product} {command line}
   size_t MaxNewSize                               = 39845888                                  {product} {ergonomic}
   size_t MinHeapDeltaBytes                        = 1048576                                   {product} {ergonomic}
   size_t MinHeapSize                              = 67108864                                  {product} {command line}
    uintx NonNMethodCodeHeapSize                   = 5839372                                {pd product} {ergonomic}
    uintx NonProfiledCodeHeapSize                  = 122909434                              {pd product} {ergonomic}
    uintx ProfiledCodeHeapSize                     = 122909434                              {pd product} {ergonomic}
    uintx ReservedCodeCacheSize                    = 251658240                              {pd product} {ergonomic}
     bool SegmentedCodeCache                       = true                                      {product} {ergonomic}
   size_t SoftMaxHeapSize                          = 67108864                               {manageable} {ergonomic}
     bool UseCompressedClassPointers               = true                           {product lp64_product} {ergonomic}
     bool UseCompressedOops                        = true                           {product lp64_product} {ergonomic}
     bool UseG1GC                                  = true                                      {product} {ergonomic}
     bool UseLargePagesIndividualAllocation        = false                                  {pd product} {ergonomic}

Logging:
Log output configuration:
 #0: stdout all=warning uptime,level,tags
 #1: stderr all=off uptime,level,tags

Environment Variables:
JAVA_HOME=C:\Program Files\Java\jdk-17
CLASSPATH=D:\NestedRoutingPoc\android\\gradle\wrapper\gradle-wrapper.jar
PATH=D:\NestedRoutingPoc\node_modules\.bin;D:\NestedRoutingPoc\node_modules\.bin;D:\node_modules\.bin;C:\Users\harsh\AppData\Roaming\npm\node_modules\npm\node_modules\@npmcli\run-script\lib\node-gyp-bin;D:\NestedRoutingPoc\node_modules\.bin;D:\node_modules\.bin;C:\Users\harsh\AppData\Roaming\npm\node_modules\npm\node_modules\@npmcli\run-script\lib\node-gyp-bin;C:\Program Files\Java\jdk-17\bin;C:\Program Files\Common Files\Oracle\Java\javapath;C:\Python312\Scripts\;C:\Python312\;C:\Program Files\Microsoft\jdk-11.0.18.10-hotspot\bin;C:\Python311\Scripts\;C:\Python311\;C:\WINDOWS\system32;C:\WINDOWS;C:\WINDOWS\System32\Wbem;C:\WINDOWS\System32\WindowsPowerShell\v1.0\;C:\WINDOWS\System32\OpenSSH\;C:\Program Files\dotnet\;C:\ProgramData\chocolatey\bin;C:\Program Files\Git\cmd;C:\Program Files (x86)\NVIDIA Corporation\PhysX\Common;C:\Program Files\NVIDIA Corporation\NVIDIA NvDLISR;D:\Node\;C:\Users\harsh\AppData\Local\Microsoft\WindowsApps;C:\Users\harsh\AppData\Local\Programs\Microsoft VS Code\bin;C:\Users\harsh\AppData\Local\Android\Sdk\platform-tools;C:\Users\harsh\AppData\Roaming\npm
USERNAME=harsh
LANG=en_US.UTF-8
OS=Windows_NT
PROCESSOR_IDENTIFIER=Intel64 Family 6 Model 158 Stepping 10, GenuineIntel



---------------  S Y S T E M  ---------------

OS:
 Windows 11 , 64 bit Build 22621 (10.0.22621.3235)
OS uptime: 0 days 21:02 hours

CPU: total 8 (initial active 8) (4 cores per cpu, 2 threads per core) family 6 model 158 stepping 10 microcode 0xde, cx8, cmov, fxsr, ht, mmx, 3dnowpref, sse, sse2, sse3, ssse3, sse4.1, sse4.2, popcnt, lzcnt, tsc, tscinvbit, avx, avx2, aes, erms, clmul, bmi1, bmi2, adx, fma, vzeroupper, clflush, clflushopt

Memory: 4k page, system-wide physical 16235M (3667M free)
TotalPageFile size 46626M (AvailPageFile size 2M)
current process WorkingSet (physical memory assigned to process): 91M, peak: 95M
current process commit charge ("private bytes"): 164M, peak: 169M

vm_info: Java HotSpot(TM) 64-Bit Server VM (17.0.9+11-LTS-201) for windows-amd64 JRE (17.0.9+11-LTS-201), built on Oct 10 2023 23:16:06 by "mach5one" with MS VC++ 17.1 (VS2022)

END.
